#! /c/Source/iverilog-install/bin/vvp
:ivl_version "12.0 (devel)" "(s20150603-1539-g2693dd32b)";
:ivl_delay_selection "TYPICAL";
:vpi_time_precision + 0;
:vpi_module "D:\APPs\iverilog\lib\ivl\system.vpi";
:vpi_module "D:\APPs\iverilog\lib\ivl\vhdl_sys.vpi";
:vpi_module "D:\APPs\iverilog\lib\ivl\vhdl_textio.vpi";
:vpi_module "D:\APPs\iverilog\lib\ivl\v2005_math.vpi";
:vpi_module "D:\APPs\iverilog\lib\ivl\va_math.vpi";
S_00000282b9854500 .scope module, "ADD" "ADD" 2 1;
 .timescale 0 0;
    .port_info 0 /INPUT 32 "a";
    .port_info 1 /INPUT 32 "b";
    .port_info 2 /OUTPUT 32 "sum";
o00000282b9854868 .functor BUFZ 32, C4<zzzzzzzzzzzzzzzzzzzzzzzzzzzzzzzz>; HiZ drive
v00000282b9845f00_0 .net "a", 31 0, o00000282b9854868;  0 drivers
o00000282b9854898 .functor BUFZ 32, C4<zzzzzzzzzzzzzzzzzzzzzzzzzzzzzzzz>; HiZ drive
v00000282b98453c0_0 .net "b", 31 0, o00000282b9854898;  0 drivers
v00000282b9844600_0 .net "sum", 31 0, L_00000282b9bf7b50;  1 drivers
L_00000282b9bf7b50 .arith/sum 32, o00000282b9854868, o00000282b9854898;
S_00000282b980b2b0 .scope module, "t" "t" 3 61;
 .timescale 0 0;
v00000282b9bf8910_0 .var "clock", 0 0;
S_00000282b980b440 .scope module, "cpu" "main" 3 64, 3 19 0, S_00000282b980b2b0;
 .timescale 0 0;
    .port_info 0 /INPUT 1 "Clock";
v00000282b9bf5280_0 .net "ALUOp", 1 0, L_00000282b9bf8230;  1 drivers
v00000282b9bf5780_0 .net "ALUSrcA", 0 0, L_00000282b9bf8410;  1 drivers
v00000282b9bf5b40_0 .net "ALUSrcB", 1 0, L_00000282b9bf75b0;  1 drivers
v00000282b9bf5dc0_0 .net "AO", 0 0, L_00000282b9835ee0;  1 drivers
v00000282b9bf50a0_0 .net "AQ", 31 0, v00000282b98455a0_0;  1 drivers
v00000282b9bf5460_0 .net "Addr", 31 0, v00000282b9beeba0_0;  1 drivers
v00000282b9bf51e0_0 .net "AluA", 31 0, v00000282b9befb40_0;  1 drivers
v00000282b9bf6b80_0 .net "AluB", 31 0, v00000282b9befd20_0;  1 drivers
v00000282b9bf6680_0 .net "AluC", 31 0, v00000282b988e0c0_0;  1 drivers
v00000282b9bf55a0_0 .net "AluCtrl", 2 0, v00000282b988d580_0;  1 drivers
v00000282b9bf5fa0_0 .net "AluOut", 31 0, v00000282b9845be0_0;  1 drivers
v00000282b9bf5820_0 .net "AluZ", 0 0, v00000282b988cc20_0;  1 drivers
v00000282b9bf64a0_0 .net "Bqwd", 31 0, v00000282b988d300_0;  1 drivers
v00000282b9bf6220_0 .net "Clock", 0 0, v00000282b9bf8910_0;  1 drivers
v00000282b9bf5be0_0 .net "IRWr", 0 0, L_00000282b9bf71f0;  1 drivers
v00000282b9bf5640_0 .net "Inst", 31 0, v00000282b988cea0_0;  1 drivers
v00000282b9bf58c0_0 .net "IorD", 0 0, L_00000282b9bf8af0;  1 drivers
v00000282b9bf6360_0 .net "MdrQ", 31 0, v00000282b988cfe0_0;  1 drivers
v00000282b9bf5320_0 .net "MemRd", 0 0, L_00000282b9bf7470;  1 drivers
v00000282b9bf6720_0 .net "MemWr", 0 0, L_00000282b9bf8550;  1 drivers
v00000282b9bf6900_0 .net "MemtoReg", 0 0, L_00000282b9bf80f0;  1 drivers
v00000282b9bf67c0_0 .net "Mux2", 31 0, L_00000282b9bf73d0;  1 drivers
v00000282b9bf5e60_0 .net "MuxB", 31 0, L_00000282b9bf7f10;  1 drivers
v00000282b9bf6e00_0 .net "PCSrc", 1 0, L_00000282b9bf78d0;  1 drivers
v00000282b9bf53c0_0 .net "PCWr", 0 0, L_00000282b9bf7510;  1 drivers
v00000282b9bf5960_0 .net "PCWrCond", 0 0, L_00000282b9bf7830;  1 drivers
v00000282b9bf69a0_0 .net "PcD", 31 0, v00000282b9beeb00_0;  1 drivers
v00000282b9bf5a00_0 .net "PcQ", 31 0, v00000282b9bee920_0;  1 drivers
v00000282b9bf6c20_0 .net "PcW", 0 0, L_00000282b9835fc0;  1 drivers
v00000282b9bf5c80_0 .net "Rd", 31 0, v00000282b988dee0_0;  1 drivers
v00000282b9bf6040_0 .net "Rd1", 31 0, v00000282b9bef460_0;  1 drivers
v00000282b9bf6a40_0 .net "Rd2", 31 0, v00000282b9bef8c0_0;  1 drivers
v00000282b9bf5d20_0 .net "RegDst", 0 0, L_00000282b9bf8370;  1 drivers
v00000282b9bf6ae0_0 .net "RegWr", 0 0, L_00000282b9bf8e10;  1 drivers
v00000282b9bf6cc0_0 .net "ShlOut", 27 0, L_00000282b9bf8730;  1 drivers
v00000282b9bf60e0_0 .net "Sig32", 31 0, L_00000282b9bf8b90;  1 drivers
v00000282b9bf6180_0 .net "WR", 31 0, v00000282b9bee060_0;  1 drivers
v00000282b9bf7bf0_0 .net "Wd", 31 0, v00000282b9beed80_0;  1 drivers
v00000282b9bf7290_0 .net *"_ivl_1", 3 0, L_00000282b9bf8190;  1 drivers
v00000282b9bf76f0_0 .net *"_ivl_15", 25 0, L_00000282b9bf85f0;  1 drivers
L_00000282b9bfb3a0 .functor BUFT 1, C4<000000>, C4<0>, C4<0>, C4<0>;
v00000282b9bf8c30_0 .net *"_ivl_19", 5 0, L_00000282b9bfb3a0;  1 drivers
v00000282b9bf7ab0_0 .net *"_ivl_24", 4 0, L_00000282b9bf7650;  1 drivers
L_00000282b9bfb430 .functor BUFT 1, C4<000000000000000000000000000>, C4<0>, C4<0>, C4<0>;
v00000282b9bf84b0_0 .net *"_ivl_28", 26 0, L_00000282b9bfb430;  1 drivers
v00000282b9bf89b0_0 .net *"_ivl_31", 4 0, L_00000282b9bf7d30;  1 drivers
L_00000282b9bfb478 .functor BUFT 1, C4<000000000000000000000000000>, C4<0>, C4<0>, C4<0>;
v00000282b9bf8050_0 .net *"_ivl_35", 26 0, L_00000282b9bfb478;  1 drivers
L_00000282b9bf8190 .part v00000282b9bee920_0, 28, 4;
L_00000282b9bf73d0 .concat [ 28 4 0 0], L_00000282b9bf8730, L_00000282b9bf8190;
L_00000282b9bf7150 .part v00000282b988cea0_0, 21, 5;
L_00000282b9bf8d70 .part v00000282b988cea0_0, 16, 5;
L_00000282b9bf7790 .part v00000282b9bee060_0, 0, 5;
L_00000282b9bf7330 .part v00000282b988cea0_0, 0, 6;
L_00000282b9bf7970 .part v00000282b988cea0_0, 26, 6;
L_00000282b9bf85f0 .part v00000282b988cea0_0, 0, 26;
L_00000282b9bf8690 .concat [ 26 6 0 0], L_00000282b9bf85f0, L_00000282b9bfb3a0;
L_00000282b9bf8730 .part L_00000282b9bf8eb0, 0, 28;
L_00000282b9bf7650 .part v00000282b988cea0_0, 16, 5;
L_00000282b9bf7c90 .concat [ 5 27 0 0], L_00000282b9bf7650, L_00000282b9bfb430;
L_00000282b9bf7d30 .part v00000282b988cea0_0, 11, 5;
L_00000282b9bf7dd0 .concat [ 5 27 0 0], L_00000282b9bf7d30, L_00000282b9bfb478;
L_00000282b9bf7e70 .part v00000282b988cea0_0, 0, 16;
S_00000282b980aa20 .scope module, "A" "TSR" 3 50, 4 1 0, S_00000282b980b440;
 .timescale 0 0;
    .port_info 0 /INPUT 1 "clk";
    .port_info 1 /INPUT 32 "D";
    .port_info 2 /OUTPUT 32 "Q";
P_00000282b9848980 .param/l "data_width" 0 4 2, +C4<00000000000000000000000000100000>;
v00000282b9845500_0 .net "D", 31 0, v00000282b9bef460_0;  alias, 1 drivers
v00000282b98455a0_0 .var "Q", 31 0;
v00000282b9845780_0 .net "clk", 0 0, v00000282b9bf8910_0;  alias, 1 drivers
E_00000282b9847c00 .event posedge, v00000282b9845780_0;
S_00000282b980abb0 .scope module, "ALUOut" "TSR" 3 53, 4 1 0, S_00000282b980b440;
 .timescale 0 0;
    .port_info 0 /INPUT 1 "clk";
    .port_info 1 /INPUT 32 "D";
    .port_info 2 /OUTPUT 32 "Q";
P_00000282b9847f00 .param/l "data_width" 0 4 2, +C4<00000000000000000000000000100000>;
v00000282b98449c0_0 .net "D", 31 0, v00000282b988e0c0_0;  alias, 1 drivers
v00000282b9845be0_0 .var "Q", 31 0;
v00000282b9846040_0 .net "clk", 0 0, v00000282b9bf8910_0;  alias, 1 drivers
S_00000282b9806470 .scope module, "Alu" "ALU" 3 37, 5 1 0, S_00000282b980b440;
 .timescale 0 0;
    .port_info 0 /INPUT 32 "a";
    .port_info 1 /INPUT 32 "b";
    .port_info 2 /INPUT 3 "ctrl";
    .port_info 3 /OUTPUT 32 "out";
    .port_info 4 /OUTPUT 1 "zero";
P_00000282b9848480 .param/l "width" 0 5 6, +C4<00000000000000000000000000100000>;
v00000282b9844740_0 .net "a", 31 0, v00000282b9befb40_0;  alias, 1 drivers
v00000282b9844b00_0 .net "b", 31 0, v00000282b9befd20_0;  alias, 1 drivers
v00000282b988cf40_0 .net "ctrl", 2 0, v00000282b988d580_0;  alias, 1 drivers
v00000282b988e0c0_0 .var "out", 31 0;
v00000282b988cc20_0 .var "zero", 0 0;
E_00000282b9848180 .event anyedge, v00000282b988cf40_0, v00000282b9844b00_0, v00000282b9844740_0;
S_00000282b9806600 .scope module, "Alucu" "ALUCU" 3 38, 6 1 0, S_00000282b980b440;
 .timescale 0 0;
    .port_info 0 /INPUT 6 "inst";
    .port_info 1 /INPUT 2 "aluop";
    .port_info 2 /OUTPUT 3 "ctrl";
v00000282b988e480_0 .net "aluop", 1 0, L_00000282b9bf8230;  alias, 1 drivers
v00000282b988d580_0 .var "ctrl", 2 0;
v00000282b988cae0_0 .net "inst", 5 0, L_00000282b9bf7330;  1 drivers
E_00000282b9848bc0 .event anyedge, v00000282b988e480_0, v00000282b988cae0_0;
S_00000282b98016b0 .scope module, "And" "AND" 3 55, 7 1 0, S_00000282b980b440;
 .timescale 0 0;
    .port_info 0 /INPUT 1 "br";
    .port_info 1 /INPUT 1 "aluz";
    .port_info 2 /OUTPUT 1 "mc";
L_00000282b9835ee0 .functor AND 1, L_00000282b9bf7830, v00000282b988cc20_0, C4<1>, C4<1>;
v00000282b988ccc0_0 .net "aluz", 0 0, v00000282b988cc20_0;  alias, 1 drivers
v00000282b988d620_0 .net "br", 0 0, L_00000282b9bf7830;  alias, 1 drivers
v00000282b988dd00_0 .net "mc", 0 0, L_00000282b9835ee0;  alias, 1 drivers
S_00000282b9801840 .scope module, "B" "TSR" 3 51, 4 1 0, S_00000282b980b440;
 .timescale 0 0;
    .port_info 0 /INPUT 1 "clk";
    .port_info 1 /INPUT 32 "D";
    .port_info 2 /OUTPUT 32 "Q";
P_00000282b9848640 .param/l "data_width" 0 4 2, +C4<00000000000000000000000000100000>;
v00000282b988d760_0 .net "D", 31 0, v00000282b9bef8c0_0;  alias, 1 drivers
v00000282b988d300_0 .var "Q", 31 0;
v00000282b988d080_0 .net "clk", 0 0, v00000282b9bf8910_0;  alias, 1 drivers
S_00000282b9800220 .scope module, "Cu" "CU" 3 39, 8 64 0, S_00000282b980b440;
 .timescale 0 0;
    .port_info 0 /INPUT 1 "clock";
    .port_info 1 /OUTPUT 1 "regwr";
    .port_info 2 /OUTPUT 1 "memrd";
    .port_info 3 /OUTPUT 1 "memwr";
    .port_info 4 /OUTPUT 1 "regdst";
    .port_info 5 /OUTPUT 1 "memtoreg";
    .port_info 6 /OUTPUT 1 "irwr";
    .port_info 7 /OUTPUT 1 "iord";
    .port_info 8 /OUTPUT 1 "pcwr";
    .port_info 9 /OUTPUT 1 "pcwrcond";
    .port_info 10 /OUTPUT 1 "alusrca";
    .port_info 11 /OUTPUT 2 "pcsrc";
    .port_info 12 /OUTPUT 2 "aluop";
    .port_info 13 /OUTPUT 2 "alusrcb";
    .port_info 14 /INPUT 6 "opcode";
P_00000282b9847d40 .param/l "Tilen" 0 8 65, +C4<00000000000000000000000000010100>;
v00000282b988d800_0 .net "Ir", 19 0, v00000282b988cd60_0;  1 drivers
v00000282b988ca40_0 .net "Opt", 3 0, L_00000282b9bf7a10;  1 drivers
v00000282b988d440_0 .net "addr", 3 0, v00000282b988d940_0;  1 drivers
v00000282b988cb80_0 .net "aluop", 1 0, L_00000282b9bf8230;  alias, 1 drivers
v00000282b988db20_0 .net "alusrca", 0 0, L_00000282b9bf8410;  alias, 1 drivers
v00000282b988d8a0_0 .net "alusrcb", 1 0, L_00000282b9bf75b0;  alias, 1 drivers
v00000282b988d4e0_0 .net "clock", 0 0, v00000282b9bf8910_0;  alias, 1 drivers
v00000282b988e200_0 .net "iord", 0 0, L_00000282b9bf8af0;  alias, 1 drivers
v00000282b988df80_0 .net "irwr", 0 0, L_00000282b9bf71f0;  alias, 1 drivers
v00000282b988ce00_0 .net "memrd", 0 0, L_00000282b9bf7470;  alias, 1 drivers
v00000282b988d3a0_0 .net "memtoreg", 0 0, L_00000282b9bf80f0;  alias, 1 drivers
v00000282b988e2a0_0 .net "memwr", 0 0, L_00000282b9bf8550;  alias, 1 drivers
v00000282b988e700_0 .net "opcode", 5 0, L_00000282b9bf7970;  1 drivers
v00000282b988dda0_0 .net "pcsrc", 1 0, L_00000282b9bf78d0;  alias, 1 drivers
v00000282b988d9e0_0 .net "pcwr", 0 0, L_00000282b9bf7510;  alias, 1 drivers
v00000282b988d1c0_0 .net "pcwrcond", 0 0, L_00000282b9bf7830;  alias, 1 drivers
v00000282b988e520_0 .net "regdst", 0 0, L_00000282b9bf8370;  alias, 1 drivers
v00000282b988da80_0 .net "regwr", 0 0, L_00000282b9bf8e10;  alias, 1 drivers
v00000282b988e340_0 .var "reset", 0 0;
v00000282b988dbc0_0 .var "uIR", 19 0;
L_00000282b9bf8e10 .part v00000282b988dbc0_0, 19, 1;
L_00000282b9bf7470 .part v00000282b988dbc0_0, 18, 1;
L_00000282b9bf8550 .part v00000282b988dbc0_0, 17, 1;
L_00000282b9bf8370 .part v00000282b988dbc0_0, 16, 1;
L_00000282b9bf80f0 .part v00000282b988dbc0_0, 15, 1;
L_00000282b9bf71f0 .part v00000282b988dbc0_0, 14, 1;
L_00000282b9bf8af0 .part v00000282b988dbc0_0, 13, 1;
L_00000282b9bf7510 .part v00000282b988dbc0_0, 12, 1;
L_00000282b9bf7830 .part v00000282b988dbc0_0, 11, 1;
L_00000282b9bf8410 .part v00000282b988dbc0_0, 10, 1;
L_00000282b9bf78d0 .part v00000282b988dbc0_0, 8, 2;
L_00000282b9bf8230 .part v00000282b988dbc0_0, 6, 2;
L_00000282b9bf75b0 .part v00000282b988dbc0_0, 4, 2;
L_00000282b9bf7a10 .part v00000282b988dbc0_0, 0, 4;
S_00000282b98003b0 .scope module, "Cm" "CM" 8 90, 8 1 0, S_00000282b9800220;
 .timescale 0 0;
    .port_info 0 /INPUT 4 "addr";
    .port_info 1 /OUTPUT 20 "tiny_inst";
P_00000282b9847d80 .param/l "Tilen" 0 8 2, +C4<00000000000000000000000000010100>;
L_00000282b9bfb088 .functor BUFT 1, C4<x1xxx101x00000010001>, C4<0>, C4<0>, C4<0>;
v00000282b988d120 .array "Rom", 0 15;
v00000282b988d120_0 .net v00000282b988d120 0, 19 0, L_00000282b9bfb088; 1 drivers
L_00000282b9bfb0d0 .functor BUFT 1, C4<xxxxxxxxx0xx00111101>, C4<0>, C4<0>, C4<0>;
v00000282b988d120_1 .net v00000282b988d120 1, 19 0, L_00000282b9bfb0d0; 1 drivers
L_00000282b9bfb118 .functor BUFT 1, C4<xxxxxxxxx1xx00101110>, C4<0>, C4<0>, C4<0>;
v00000282b988d120_2 .net v00000282b988d120 2, 19 0, L_00000282b9bfb118; 1 drivers
L_00000282b9bfb160 .functor BUFT 1, C4<x1xxxx1xxxxxxxxx0100>, C4<0>, C4<0>, C4<0>;
v00000282b988d120_3 .net v00000282b988d120 3, 19 0, L_00000282b9bfb160; 1 drivers
L_00000282b9bfb1a8 .functor BUFT 1, C4<1xx01xxxxxxxxxxx0000>, C4<0>, C4<0>, C4<0>;
v00000282b988d120_4 .net v00000282b988d120 4, 19 0, L_00000282b9bfb1a8; 1 drivers
L_00000282b9bfb1f0 .functor BUFT 1, C4<xx1xxx1xxxxxxxxx0000>, C4<0>, C4<0>, C4<0>;
v00000282b988d120_5 .net v00000282b988d120 5, 19 0, L_00000282b9bfb1f0; 1 drivers
L_00000282b9bfb238 .functor BUFT 1, C4<xxxxxxxxx1xx10000111>, C4<0>, C4<0>, C4<0>;
v00000282b988d120_6 .net v00000282b988d120 6, 19 0, L_00000282b9bfb238; 1 drivers
L_00000282b9bfb280 .functor BUFT 1, C4<1xx10xxxxxxxxxxx0000>, C4<0>, C4<0>, C4<0>;
v00000282b988d120_7 .net v00000282b988d120 7, 19 0, L_00000282b9bfb280; 1 drivers
L_00000282b9bfb2c8 .functor BUFT 1, C4<xxxxxxxx110101000000>, C4<0>, C4<0>, C4<0>;
v00000282b988d120_8 .net v00000282b988d120 8, 19 0, L_00000282b9bfb2c8; 1 drivers
L_00000282b9bfb310 .functor BUFT 1, C4<xxxxxxx1xx10xxxx0000>, C4<0>, C4<0>, C4<0>;
v00000282b988d120_9 .net v00000282b988d120 9, 19 0, L_00000282b9bfb310; 1 drivers
o00000282b98551f8 .functor BUFZ 20, C4<zzzzzzzzzzzzzzzzzzzz>; HiZ drive
v00000282b988d120_10 .net v00000282b988d120 10, 19 0, o00000282b98551f8; 0 drivers
o00000282b9855228 .functor BUFZ 20, C4<zzzzzzzzzzzzzzzzzzzz>; HiZ drive
v00000282b988d120_11 .net v00000282b988d120 11, 19 0, o00000282b9855228; 0 drivers
o00000282b9855258 .functor BUFZ 20, C4<zzzzzzzzzzzzzzzzzzzz>; HiZ drive
v00000282b988d120_12 .net v00000282b988d120 12, 19 0, o00000282b9855258; 0 drivers
o00000282b9855288 .functor BUFZ 20, C4<zzzzzzzzzzzzzzzzzzzz>; HiZ drive
v00000282b988d120_13 .net v00000282b988d120 13, 19 0, o00000282b9855288; 0 drivers
o00000282b98552b8 .functor BUFZ 20, C4<zzzzzzzzzzzzzzzzzzzz>; HiZ drive
v00000282b988d120_14 .net v00000282b988d120 14, 19 0, o00000282b98552b8; 0 drivers
o00000282b98552e8 .functor BUFZ 20, C4<zzzzzzzzzzzzzzzzzzzz>; HiZ drive
v00000282b988d120_15 .net v00000282b988d120 15, 19 0, o00000282b98552e8; 0 drivers
v00000282b988c900_0 .net "addr", 3 0, v00000282b988d940_0;  alias, 1 drivers
v00000282b988cd60_0 .var "tiny_inst", 19 0;
E_00000282b9847dc0/0 .event anyedge, v00000282b988c900_0, v00000282b988d120_0, v00000282b988d120_1, v00000282b988d120_2;
E_00000282b9847dc0/1 .event anyedge, v00000282b988d120_3, v00000282b988d120_4, v00000282b988d120_5, v00000282b988d120_6;
E_00000282b9847dc0/2 .event anyedge, v00000282b988d120_7, v00000282b988d120_8, v00000282b988d120_9, v00000282b988d120_10;
E_00000282b9847dc0/3 .event anyedge, v00000282b988d120_11, v00000282b988d120_12, v00000282b988d120_13, v00000282b988d120_14;
E_00000282b9847dc0/4 .event anyedge, v00000282b988d120_15;
E_00000282b9847dc0 .event/or E_00000282b9847dc0/0, E_00000282b9847dc0/1, E_00000282b9847dc0/2, E_00000282b9847dc0/3, E_00000282b9847dc0/4;
S_00000282b97e0850 .scope module, "Next" "NEXT" 8 91, 8 25 0, S_00000282b9800220;
 .timescale 0 0;
    .port_info 0 /INPUT 6 "opcode";
    .port_info 1 /INPUT 4 "opt";
    .port_info 2 /OUTPUT 4 "addr";
v00000282b988d940_0 .var "addr", 3 0;
v00000282b988d6c0_0 .net "opcode", 5 0, L_00000282b9bf7970;  alias, 1 drivers
v00000282b988c9a0_0 .net "opt", 3 0, L_00000282b9bf7a10;  alias, 1 drivers
E_00000282b9849ac0 .event anyedge, v00000282b988c9a0_0, v00000282b988d6c0_0;
S_00000282b97e09e0 .scope module, "Im" "IM" 3 35, 9 1 0, S_00000282b980b440;
 .timescale 0 0;
    .port_info 0 /INPUT 32 "addr";
    .port_info 1 /INPUT 1 "w";
    .port_info 2 /INPUT 1 "r";
    .port_info 3 /INPUT 32 "wd";
    .port_info 4 /OUTPUT 32 "rd";
v00000282b988dc60 .array "Rom", 0 31, 31 0;
v00000282b988de40_0 .net "addr", 31 0, v00000282b9beeba0_0;  alias, 1 drivers
v00000282b988d260_0 .net "r", 0 0, L_00000282b9bf7470;  alias, 1 drivers
v00000282b988dee0_0 .var "rd", 31 0;
v00000282b988e3e0_0 .net "w", 0 0, L_00000282b9bf8550;  alias, 1 drivers
v00000282b988e020_0 .net "wd", 31 0, v00000282b988d300_0;  alias, 1 drivers
E_00000282b9849240 .event anyedge, v00000282b988e2a0_0, v00000282b988d300_0, v00000282b988de40_0;
v00000282b988dc60_0 .array/port v00000282b988dc60, 0;
v00000282b988dc60_1 .array/port v00000282b988dc60, 1;
E_00000282b9849b00/0 .event anyedge, v00000282b988ce00_0, v00000282b988de40_0, v00000282b988dc60_0, v00000282b988dc60_1;
v00000282b988dc60_2 .array/port v00000282b988dc60, 2;
v00000282b988dc60_3 .array/port v00000282b988dc60, 3;
v00000282b988dc60_4 .array/port v00000282b988dc60, 4;
v00000282b988dc60_5 .array/port v00000282b988dc60, 5;
E_00000282b9849b00/1 .event anyedge, v00000282b988dc60_2, v00000282b988dc60_3, v00000282b988dc60_4, v00000282b988dc60_5;
v00000282b988dc60_6 .array/port v00000282b988dc60, 6;
v00000282b988dc60_7 .array/port v00000282b988dc60, 7;
v00000282b988dc60_8 .array/port v00000282b988dc60, 8;
v00000282b988dc60_9 .array/port v00000282b988dc60, 9;
E_00000282b9849b00/2 .event anyedge, v00000282b988dc60_6, v00000282b988dc60_7, v00000282b988dc60_8, v00000282b988dc60_9;
v00000282b988dc60_10 .array/port v00000282b988dc60, 10;
v00000282b988dc60_11 .array/port v00000282b988dc60, 11;
v00000282b988dc60_12 .array/port v00000282b988dc60, 12;
v00000282b988dc60_13 .array/port v00000282b988dc60, 13;
E_00000282b9849b00/3 .event anyedge, v00000282b988dc60_10, v00000282b988dc60_11, v00000282b988dc60_12, v00000282b988dc60_13;
v00000282b988dc60_14 .array/port v00000282b988dc60, 14;
v00000282b988dc60_15 .array/port v00000282b988dc60, 15;
v00000282b988dc60_16 .array/port v00000282b988dc60, 16;
v00000282b988dc60_17 .array/port v00000282b988dc60, 17;
E_00000282b9849b00/4 .event anyedge, v00000282b988dc60_14, v00000282b988dc60_15, v00000282b988dc60_16, v00000282b988dc60_17;
v00000282b988dc60_18 .array/port v00000282b988dc60, 18;
v00000282b988dc60_19 .array/port v00000282b988dc60, 19;
v00000282b988dc60_20 .array/port v00000282b988dc60, 20;
v00000282b988dc60_21 .array/port v00000282b988dc60, 21;
E_00000282b9849b00/5 .event anyedge, v00000282b988dc60_18, v00000282b988dc60_19, v00000282b988dc60_20, v00000282b988dc60_21;
v00000282b988dc60_22 .array/port v00000282b988dc60, 22;
v00000282b988dc60_23 .array/port v00000282b988dc60, 23;
v00000282b988dc60_24 .array/port v00000282b988dc60, 24;
v00000282b988dc60_25 .array/port v00000282b988dc60, 25;
E_00000282b9849b00/6 .event anyedge, v00000282b988dc60_22, v00000282b988dc60_23, v00000282b988dc60_24, v00000282b988dc60_25;
v00000282b988dc60_26 .array/port v00000282b988dc60, 26;
v00000282b988dc60_27 .array/port v00000282b988dc60, 27;
v00000282b988dc60_28 .array/port v00000282b988dc60, 28;
v00000282b988dc60_29 .array/port v00000282b988dc60, 29;
E_00000282b9849b00/7 .event anyedge, v00000282b988dc60_26, v00000282b988dc60_27, v00000282b988dc60_28, v00000282b988dc60_29;
v00000282b988dc60_30 .array/port v00000282b988dc60, 30;
v00000282b988dc60_31 .array/port v00000282b988dc60, 31;
E_00000282b9849b00/8 .event anyedge, v00000282b988dc60_30, v00000282b988dc60_31;
E_00000282b9849b00 .event/or E_00000282b9849b00/0, E_00000282b9849b00/1, E_00000282b9849b00/2, E_00000282b9849b00/3, E_00000282b9849b00/4, E_00000282b9849b00/5, E_00000282b9849b00/6, E_00000282b9849b00/7, E_00000282b9849b00/8;
S_00000282b97f9000 .scope module, "Ir" "IR" 3 34, 10 1 0, S_00000282b980b440;
 .timescale 0 0;
    .port_info 0 /INPUT 1 "w";
    .port_info 1 /INPUT 1 "clk";
    .port_info 2 /INPUT 32 "d";
    .port_info 3 /OUTPUT 32 "inst";
v00000282b988e160_0 .net "clk", 0 0, v00000282b9bf8910_0;  alias, 1 drivers
v00000282b988e5c0_0 .net "d", 31 0, v00000282b988dee0_0;  alias, 1 drivers
v00000282b988cea0_0 .var "inst", 31 0;
v00000282b988e660_0 .net "w", 0 0, L_00000282b9bf71f0;  alias, 1 drivers
S_00000282b97f9190 .scope module, "MDR" "TSR" 3 52, 4 1 0, S_00000282b980b440;
 .timescale 0 0;
    .port_info 0 /INPUT 1 "clk";
    .port_info 1 /INPUT 32 "D";
    .port_info 2 /OUTPUT 32 "Q";
P_00000282b98498c0 .param/l "data_width" 0 4 2, +C4<00000000000000000000000000100000>;
v00000282b988e7a0_0 .net "D", 31 0, v00000282b988dee0_0;  alias, 1 drivers
v00000282b988cfe0_0 .var "Q", 31 0;
v00000282b9beeec0_0 .net "clk", 0 0, v00000282b9bf8910_0;  alias, 1 drivers
S_00000282b97fd900 .scope module, "Muxfour" "MUXFOUR" 3 48, 11 1 0, S_00000282b980b440;
 .timescale 0 0;
    .port_info 0 /INPUT 32 "I0";
    .port_info 1 /INPUT 32 "I1";
    .port_info 2 /INPUT 32 "I2";
    .port_info 3 /INPUT 32 "I3";
    .port_info 4 /INPUT 2 "ctrl";
    .port_info 5 /OUTPUT 32 "out";
P_00000282b98495c0 .param/l "width" 0 11 2, +C4<00000000000000000000000000100000>;
v00000282b9bef280_0 .net "I0", 31 0, v00000282b988d300_0;  alias, 1 drivers
L_00000282b9bfb4c0 .functor BUFT 1, C4<00000000000000000000000000000100>, C4<0>, C4<0>, C4<0>;
v00000282b9bef1e0_0 .net "I1", 31 0, L_00000282b9bfb4c0;  1 drivers
v00000282b9bef820_0 .net "I2", 31 0, L_00000282b9bf8b90;  alias, 1 drivers
v00000282b9bee1a0_0 .net "I3", 31 0, L_00000282b9bf7f10;  alias, 1 drivers
v00000282b9bee100_0 .net "ctrl", 1 0, L_00000282b9bf75b0;  alias, 1 drivers
v00000282b9befd20_0 .var "out", 31 0;
E_00000282b9849040 .event anyedge, v00000282b988d8a0_0, v00000282b9bef820_0, v00000282b9bef1e0_0, v00000282b988d300_0;
S_00000282b97fda90 .scope module, "Muxthree" "MUXTHREE" 3 47, 12 1 0, S_00000282b980b440;
 .timescale 0 0;
    .port_info 0 /INPUT 32 "I0";
    .port_info 1 /INPUT 32 "I1";
    .port_info 2 /INPUT 32 "I2";
    .port_info 3 /INPUT 2 "ctrl";
    .port_info 4 /OUTPUT 32 "out";
P_00000282b9849b40 .param/l "width" 0 12 2, +C4<00000000000000000000000000100000>;
v00000282b9befbe0_0 .net "I0", 31 0, v00000282b988e0c0_0;  alias, 1 drivers
v00000282b9beece0_0 .net "I1", 31 0, v00000282b9845be0_0;  alias, 1 drivers
v00000282b9bee240_0 .net "I2", 31 0, L_00000282b9bf73d0;  alias, 1 drivers
v00000282b9bee740_0 .net "ctrl", 1 0, L_00000282b9bf78d0;  alias, 1 drivers
v00000282b9beeb00_0 .var "out", 31 0;
E_00000282b9849680 .event anyedge, v00000282b988dda0_0, v00000282b9bee240_0, v00000282b9845be0_0, v00000282b98449c0_0;
S_00000282b9bf0520 .scope module, "Muxtwo1" "MUXTWO" 3 43, 13 1 0, S_00000282b980b440;
 .timescale 0 0;
    .port_info 0 /INPUT 32 "I0";
    .port_info 1 /INPUT 32 "I1";
    .port_info 2 /INPUT 1 "ctrl";
    .port_info 3 /OUTPUT 32 "out";
P_00000282b9849b80 .param/l "width" 0 13 5, +C4<00000000000000000000000000100000>;
v00000282b9bee2e0_0 .net "I0", 31 0, v00000282b9bee920_0;  alias, 1 drivers
v00000282b9bef6e0_0 .net "I1", 31 0, v00000282b9845be0_0;  alias, 1 drivers
v00000282b9bef320_0 .net "ctrl", 0 0, L_00000282b9bf8af0;  alias, 1 drivers
v00000282b9beeba0_0 .var "out", 31 0;
E_00000282b9849600 .event anyedge, v00000282b988e200_0, v00000282b9845be0_0, v00000282b9bee2e0_0;
S_00000282b9bf0840 .scope module, "Muxtwo2" "MUXTWO" 3 44, 13 1 0, S_00000282b980b440;
 .timescale 0 0;
    .port_info 0 /INPUT 32 "I0";
    .port_info 1 /INPUT 32 "I1";
    .port_info 2 /INPUT 1 "ctrl";
    .port_info 3 /OUTPUT 32 "out";
P_00000282b9849280 .param/l "width" 0 13 5, +C4<00000000000000000000000000100000>;
v00000282b9beec40_0 .net "I0", 31 0, L_00000282b9bf7c90;  1 drivers
v00000282b9bee880_0 .net "I1", 31 0, L_00000282b9bf7dd0;  1 drivers
v00000282b9beef60_0 .net "ctrl", 0 0, L_00000282b9bf8370;  alias, 1 drivers
v00000282b9bee060_0 .var "out", 31 0;
E_00000282b98496c0 .event anyedge, v00000282b988e520_0, v00000282b9bee880_0, v00000282b9beec40_0;
S_00000282b9bf06b0 .scope module, "Muxtwo3" "MUXTWO" 3 45, 13 1 0, S_00000282b980b440;
 .timescale 0 0;
    .port_info 0 /INPUT 32 "I0";
    .port_info 1 /INPUT 32 "I1";
    .port_info 2 /INPUT 1 "ctrl";
    .port_info 3 /OUTPUT 32 "out";
P_00000282b9849980 .param/l "width" 0 13 5, +C4<00000000000000000000000000100000>;
v00000282b9bef000_0 .net "I0", 31 0, v00000282b9845be0_0;  alias, 1 drivers
v00000282b9befdc0_0 .net "I1", 31 0, v00000282b988cfe0_0;  alias, 1 drivers
v00000282b9bee380_0 .net "ctrl", 0 0, L_00000282b9bf80f0;  alias, 1 drivers
v00000282b9beed80_0 .var "out", 31 0;
E_00000282b9849640 .event anyedge, v00000282b988d3a0_0, v00000282b988cfe0_0, v00000282b9845be0_0;
S_00000282b9bf0200 .scope module, "Muxtwo4" "MUXTWO" 3 46, 13 1 0, S_00000282b980b440;
 .timescale 0 0;
    .port_info 0 /INPUT 32 "I0";
    .port_info 1 /INPUT 32 "I1";
    .port_info 2 /INPUT 1 "ctrl";
    .port_info 3 /OUTPUT 32 "out";
P_00000282b9849800 .param/l "width" 0 13 5, +C4<00000000000000000000000000100000>;
v00000282b9bee420_0 .net "I0", 31 0, v00000282b9bee920_0;  alias, 1 drivers
v00000282b9bee7e0_0 .net "I1", 31 0, v00000282b98455a0_0;  alias, 1 drivers
v00000282b9bee4c0_0 .net "ctrl", 0 0, L_00000282b9bf8410;  alias, 1 drivers
v00000282b9befb40_0 .var "out", 31 0;
E_00000282b9849bc0 .event anyedge, v00000282b988db20_0, v00000282b98455a0_0, v00000282b9bee2e0_0;
S_00000282b9bf09d0 .scope module, "Or" "OR" 3 56, 14 1 0, S_00000282b980b440;
 .timescale 0 0;
    .port_info 0 /INPUT 1 "oa";
    .port_info 1 /INPUT 1 "ob";
    .port_info 2 /OUTPUT 1 "oc";
L_00000282b9835fc0 .functor OR 1, L_00000282b9bf7510, L_00000282b9835ee0, C4<0>, C4<0>;
v00000282b9beee20_0 .net "oa", 0 0, L_00000282b9bf7510;  alias, 1 drivers
v00000282b9befc80_0 .net "ob", 0 0, L_00000282b9835ee0;  alias, 1 drivers
v00000282b9befe60_0 .net "oc", 0 0, L_00000282b9835fc0;  alias, 1 drivers
S_00000282b9bf0070 .scope module, "Pc" "PC" 3 33, 15 1 0, S_00000282b980b440;
 .timescale 0 0;
    .port_info 0 /INPUT 1 "clk";
    .port_info 1 /INPUT 1 "w";
    .port_info 2 /INPUT 32 "d";
    .port_info 3 /OUTPUT 32 "q";
v00000282b9bef0a0_0 .net "clk", 0 0, v00000282b9bf8910_0;  alias, 1 drivers
v00000282b9beff00_0 .net "d", 31 0, v00000282b9beeb00_0;  alias, 1 drivers
v00000282b9bee920_0 .var "q", 31 0;
v00000282b9bee560_0 .var "tmp", 31 0;
v00000282b9bee600_0 .net "w", 0 0, L_00000282b9835fc0;  alias, 1 drivers
E_00000282b9849080 .event anyedge, v00000282b9beeb00_0;
S_00000282b9bf0b60 .scope module, "Rf" "RF" 3 36, 16 1 0, S_00000282b980b440;
 .timescale 0 0;
    .port_info 0 /INPUT 32 "wd";
    .port_info 1 /INPUT 5 "rr1";
    .port_info 2 /INPUT 5 "rr2";
    .port_info 3 /INPUT 5 "wr";
    .port_info 4 /OUTPUT 32 "rd1";
    .port_info 5 /OUTPUT 32 "rd2";
    .port_info 6 /INPUT 1 "clk";
    .port_info 7 /INPUT 1 "w";
v00000282b9bef3c0_3 .array/port v00000282b9bef3c0, 3;
L_00000282b9835930 .functor BUFZ 32, v00000282b9bef3c0_3, C4<00000000000000000000000000000000>, C4<00000000000000000000000000000000>, C4<00000000000000000000000000000000>;
v00000282b9bef3c0_2 .array/port v00000282b9bef3c0, 2;
L_00000282b9835af0 .functor BUFZ 32, v00000282b9bef3c0_2, C4<00000000000000000000000000000000>, C4<00000000000000000000000000000000>, C4<00000000000000000000000000000000>;
v00000282b9bef3c0_1 .array/port v00000282b9bef3c0, 1;
L_00000282b98353f0 .functor BUFZ 32, v00000282b9bef3c0_1, C4<00000000000000000000000000000000>, C4<00000000000000000000000000000000>, C4<00000000000000000000000000000000>;
v00000282b9bef3c0_0 .array/port v00000282b9bef3c0, 0;
L_00000282b9835620 .functor BUFZ 32, v00000282b9bef3c0_0, C4<00000000000000000000000000000000>, C4<00000000000000000000000000000000>, C4<00000000000000000000000000000000>;
v00000282b9bee6a0_0 .var "RD1", 31 0;
v00000282b9bef140_0 .var "RD2", 31 0;
v00000282b9bef3c0 .array "RFReg", 0 31, 31 0;
v00000282b9bef960_0 .net "clk", 0 0, v00000282b9bf8910_0;  alias, 1 drivers
v00000282b9bee9c0_0 .var "i", 4 0;
v00000282b9bef460_0 .var "rd1", 31 0;
v00000282b9bef8c0_0 .var "rd2", 31 0;
v00000282b9befa00_0 .net "rr1", 4 0, L_00000282b9bf7150;  1 drivers
v00000282b9bef500_0 .net "rr2", 4 0, L_00000282b9bf8d70;  1 drivers
v00000282b9bef5a0_0 .net "show0", 31 0, L_00000282b9835620;  1 drivers
v00000282b9befaa0_0 .net "show1", 31 0, L_00000282b98353f0;  1 drivers
v00000282b9bef640_0 .net "show2", 31 0, L_00000282b9835af0;  1 drivers
v00000282b9beea60_0 .net "show3", 31 0, L_00000282b9835930;  1 drivers
v00000282b9bef780_0 .net "w", 0 0, L_00000282b9bf8e10;  alias, 1 drivers
v00000282b9bf6f40_0 .net "wd", 31 0, v00000282b9beed80_0;  alias, 1 drivers
v00000282b9bf5140_0 .net "wr", 4 0, L_00000282b9bf7790;  1 drivers
E_00000282b98492c0/0 .event anyedge, v00000282b9befa00_0, v00000282b9bef3c0_0, v00000282b9bef3c0_1, v00000282b9bef3c0_2;
v00000282b9bef3c0_4 .array/port v00000282b9bef3c0, 4;
v00000282b9bef3c0_5 .array/port v00000282b9bef3c0, 5;
v00000282b9bef3c0_6 .array/port v00000282b9bef3c0, 6;
E_00000282b98492c0/1 .event anyedge, v00000282b9bef3c0_3, v00000282b9bef3c0_4, v00000282b9bef3c0_5, v00000282b9bef3c0_6;
v00000282b9bef3c0_7 .array/port v00000282b9bef3c0, 7;
v00000282b9bef3c0_8 .array/port v00000282b9bef3c0, 8;
v00000282b9bef3c0_9 .array/port v00000282b9bef3c0, 9;
v00000282b9bef3c0_10 .array/port v00000282b9bef3c0, 10;
E_00000282b98492c0/2 .event anyedge, v00000282b9bef3c0_7, v00000282b9bef3c0_8, v00000282b9bef3c0_9, v00000282b9bef3c0_10;
v00000282b9bef3c0_11 .array/port v00000282b9bef3c0, 11;
v00000282b9bef3c0_12 .array/port v00000282b9bef3c0, 12;
v00000282b9bef3c0_13 .array/port v00000282b9bef3c0, 13;
v00000282b9bef3c0_14 .array/port v00000282b9bef3c0, 14;
E_00000282b98492c0/3 .event anyedge, v00000282b9bef3c0_11, v00000282b9bef3c0_12, v00000282b9bef3c0_13, v00000282b9bef3c0_14;
v00000282b9bef3c0_15 .array/port v00000282b9bef3c0, 15;
v00000282b9bef3c0_16 .array/port v00000282b9bef3c0, 16;
v00000282b9bef3c0_17 .array/port v00000282b9bef3c0, 17;
v00000282b9bef3c0_18 .array/port v00000282b9bef3c0, 18;
E_00000282b98492c0/4 .event anyedge, v00000282b9bef3c0_15, v00000282b9bef3c0_16, v00000282b9bef3c0_17, v00000282b9bef3c0_18;
v00000282b9bef3c0_19 .array/port v00000282b9bef3c0, 19;
v00000282b9bef3c0_20 .array/port v00000282b9bef3c0, 20;
v00000282b9bef3c0_21 .array/port v00000282b9bef3c0, 21;
v00000282b9bef3c0_22 .array/port v00000282b9bef3c0, 22;
E_00000282b98492c0/5 .event anyedge, v00000282b9bef3c0_19, v00000282b9bef3c0_20, v00000282b9bef3c0_21, v00000282b9bef3c0_22;
v00000282b9bef3c0_23 .array/port v00000282b9bef3c0, 23;
v00000282b9bef3c0_24 .array/port v00000282b9bef3c0, 24;
v00000282b9bef3c0_25 .array/port v00000282b9bef3c0, 25;
v00000282b9bef3c0_26 .array/port v00000282b9bef3c0, 26;
E_00000282b98492c0/6 .event anyedge, v00000282b9bef3c0_23, v00000282b9bef3c0_24, v00000282b9bef3c0_25, v00000282b9bef3c0_26;
v00000282b9bef3c0_27 .array/port v00000282b9bef3c0, 27;
v00000282b9bef3c0_28 .array/port v00000282b9bef3c0, 28;
v00000282b9bef3c0_29 .array/port v00000282b9bef3c0, 29;
v00000282b9bef3c0_30 .array/port v00000282b9bef3c0, 30;
E_00000282b98492c0/7 .event anyedge, v00000282b9bef3c0_27, v00000282b9bef3c0_28, v00000282b9bef3c0_29, v00000282b9bef3c0_30;
v00000282b9bef3c0_31 .array/port v00000282b9bef3c0, 31;
E_00000282b98492c0/8 .event anyedge, v00000282b9bef3c0_31, v00000282b9bef500_0, v00000282b9bee6a0_0, v00000282b9bef140_0;
E_00000282b98492c0 .event/or E_00000282b98492c0/0, E_00000282b98492c0/1, E_00000282b98492c0/2, E_00000282b98492c0/3, E_00000282b98492c0/4, E_00000282b98492c0/5, E_00000282b98492c0/6, E_00000282b98492c0/7, E_00000282b98492c0/8;
S_00000282b9bf0cf0 .scope module, "Shl21" "SHL2" 3 41, 17 1 0, S_00000282b980b440;
 .timescale 0 0;
    .port_info 0 /INPUT 32 "src";
    .port_info 1 /OUTPUT 32 "dst";
P_00000282b9849100 .param/l "s2" 0 17 4, C4<00>;
v00000282b9bf5f00_0 .net *"_ivl_1", 29 0, L_00000282b9bf82d0;  1 drivers
L_00000282b9bfb358 .functor BUFT 1, C4<00>, C4<0>, C4<0>, C4<0>;
v00000282b9bf6540_0 .net/2u *"_ivl_2", 1 0, L_00000282b9bfb358;  1 drivers
v00000282b9bf6400_0 .net "dst", 31 0, L_00000282b9bf8eb0;  1 drivers
v00000282b9bf6860_0 .net "src", 31 0, L_00000282b9bf8690;  1 drivers
L_00000282b9bf82d0 .part L_00000282b9bf8690, 0, 30;
L_00000282b9bf8eb0 .concat [ 2 30 0 0], L_00000282b9bfb358, L_00000282b9bf82d0;
S_00000282b9bf0e80 .scope module, "Shl22" "SHL2" 3 42, 17 1 0, S_00000282b980b440;
 .timescale 0 0;
    .port_info 0 /INPUT 32 "src";
    .port_info 1 /OUTPUT 32 "dst";
P_00000282b9849500 .param/l "s2" 0 17 4, C4<00>;
v00000282b9bf5aa0_0 .net *"_ivl_1", 29 0, L_00000282b9bf8a50;  1 drivers
L_00000282b9bfb3e8 .functor BUFT 1, C4<00>, C4<0>, C4<0>, C4<0>;
v00000282b9bf62c0_0 .net/2u *"_ivl_2", 1 0, L_00000282b9bfb3e8;  1 drivers
v00000282b9bf5500_0 .net "dst", 31 0, L_00000282b9bf7f10;  alias, 1 drivers
v00000282b9bf56e0_0 .net "src", 31 0, L_00000282b9bf8b90;  alias, 1 drivers
L_00000282b9bf8a50 .part L_00000282b9bf8b90, 0, 30;
L_00000282b9bf7f10 .concat [ 2 30 0 0], L_00000282b9bfb3e8, L_00000282b9bf8a50;
S_00000282b9bf0390 .scope module, "Sig1632" "SIG16_32" 3 54, 18 1 0, S_00000282b980b440;
 .timescale 0 0;
    .port_info 0 /INPUT 16 "in";
    .port_info 1 /OUTPUT 32 "out";
L_00000282b9bfb508 .functor BUFT 1, C4<0000000000000000>, C4<0>, C4<0>, C4<0>;
v00000282b9bf6ea0_0 .net/2u *"_ivl_0", 15 0, L_00000282b9bfb508;  1 drivers
v00000282b9bf65e0_0 .net "in", 15 0, L_00000282b9bf7e70;  1 drivers
v00000282b9bf6d60_0 .net "out", 31 0, L_00000282b9bf8b90;  alias, 1 drivers
L_00000282b9bf8b90 .concat [ 16 16 0 0], L_00000282b9bf7e70, L_00000282b9bfb508;
    .scope S_00000282b9bf0070;
T_0 ;
    %pushi/vec4 0, 0, 32;
    %store/vec4 v00000282b9bee920_0, 0, 32;
    %pushi/vec4 0, 0, 32;
    %store/vec4 v00000282b9bee560_0, 0, 32;
    %end;
    .thread T_0;
    .scope S_00000282b9bf0070;
T_1 ;
    %wait E_00000282b9847c00;
    %delay 1, 0;
    %load/vec4 v00000282b9bee600_0;
    %flag_set/vec4 8;
    %jmp/0xz  T_1.0, 8;
    %load/vec4 v00000282b9bee560_0;
    %assign/vec4 v00000282b9bee920_0, 0;
T_1.0 ;
    %jmp T_1;
    .thread T_1;
    .scope S_00000282b9bf0070;
T_2 ;
    %wait E_00000282b9849080;
    %load/vec4 v00000282b9beff00_0;
    %assign/vec4 v00000282b9bee560_0, 0;
    %jmp T_2;
    .thread T_2, $push;
    .scope S_00000282b97f9000;
T_3 ;
    %wait E_00000282b9847c00;
    %delay 1, 0;
    %load/vec4 v00000282b988e660_0;
    %flag_set/vec4 8;
    %jmp/0xz  T_3.0, 8;
    %load/vec4 v00000282b988e5c0_0;
    %store/vec4 v00000282b988cea0_0, 0, 32;
T_3.0 ;
    %jmp T_3;
    .thread T_3;
    .scope S_00000282b97e09e0;
T_4 ;
    %pushi/vec4 2228256, 0, 32;
    %ix/load 4, 0, 0;
    %flag_set/imm 4, 0;
    %store/vec4a v00000282b988dc60, 4, 0;
    %pushi/vec4 6422562, 0, 32;
    %ix/load 4, 1, 0;
    %flag_set/imm 4, 0;
    %store/vec4a v00000282b988dc60, 4, 0;
    %pushi/vec4 69668, 0, 32;
    %ix/load 4, 2, 0;
    %flag_set/imm 4, 0;
    %store/vec4a v00000282b988dc60, 4, 0;
    %pushi/vec4 69669, 0, 32;
    %ix/load 4, 3, 0;
    %flag_set/imm 4, 0;
    %store/vec4a v00000282b988dc60, 4, 0;
    %pushi/vec4 4390954, 0, 32;
    %ix/load 4, 4, 0;
    %flag_set/imm 4, 0;
    %store/vec4a v00000282b988dc60, 4, 0;
    %pushi/vec4 2355101712, 0, 32;
    %ix/load 4, 5, 0;
    %flag_set/imm 4, 0;
    %store/vec4a v00000282b988dc60, 4, 0;
    %pushi/vec4 2892038160, 0, 32;
    %ix/load 4, 6, 0;
    %flag_set/imm 4, 0;
    %store/vec4a v00000282b988dc60, 4, 0;
    %pushi/vec4 270729214, 0, 32;
    %ix/load 4, 7, 0;
    %flag_set/imm 4, 0;
    %store/vec4a v00000282b988dc60, 4, 0;
    %pushi/vec4 134217728, 0, 32;
    %ix/load 4, 8, 0;
    %flag_set/imm 4, 0;
    %store/vec4a v00000282b988dc60, 4, 0;
    %pushi/vec4 801, 0, 32;
    %ix/load 4, 16, 0;
    %flag_set/imm 4, 0;
    %store/vec4a v00000282b988dc60, 4, 0;
    %pushi/vec4 0, 0, 32;
    %ix/load 4, 17, 0;
    %flag_set/imm 4, 0;
    %store/vec4a v00000282b988dc60, 4, 0;
    %end;
    .thread T_4;
    .scope S_00000282b97e09e0;
T_5 ;
    %wait E_00000282b9849b00;
    %load/vec4 v00000282b988d260_0;
    %flag_set/vec4 8;
    %jmp/0xz  T_5.0, 8;
    %load/vec4 v00000282b988de40_0;
    %parti/s 5, 2, 3;
    %pad/u 7;
    %ix/vec4 4;
    %load/vec4a v00000282b988dc60, 4;
    %store/vec4 v00000282b988dee0_0, 0, 32;
T_5.0 ;
    %jmp T_5;
    .thread T_5, $push;
    .scope S_00000282b97e09e0;
T_6 ;
    %wait E_00000282b9849240;
    %load/vec4 v00000282b988e3e0_0;
    %flag_set/vec4 8;
    %jmp/0xz  T_6.0, 8;
    %load/vec4 v00000282b988e020_0;
    %load/vec4 v00000282b988de40_0;
    %parti/s 5, 2, 3;
    %pad/u 7;
    %ix/vec4 4;
    %store/vec4a v00000282b988dc60, 4, 0;
T_6.0 ;
    %jmp T_6;
    .thread T_6, $push;
    .scope S_00000282b9bf0b60;
T_7 ;
    %pushi/vec4 0, 0, 5;
    %store/vec4 v00000282b9bee9c0_0, 0, 5;
T_7.0 ;
    %load/vec4 v00000282b9bee9c0_0;
    %cmpi/u 16, 0, 5;
    %jmp/0xz T_7.1, 5;
    %pushi/vec4 0, 0, 32;
    %load/vec4 v00000282b9bee9c0_0;
    %pad/u 7;
    %ix/vec4 4;
    %store/vec4a v00000282b9bef3c0, 4, 0;
    %load/vec4 v00000282b9bee9c0_0;
    %addi 1, 0, 5;
    %store/vec4 v00000282b9bee9c0_0, 0, 5;
    %jmp T_7.0;
T_7.1 ;
    %pushi/vec4 291, 0, 32;
    %ix/load 4, 2, 0;
    %flag_set/imm 4, 0;
    %store/vec4a v00000282b9bef3c0, 4, 0;
    %end;
    .thread T_7;
    .scope S_00000282b9bf0b60;
T_8 ;
    %wait E_00000282b98492c0;
    %load/vec4 v00000282b9befa00_0;
    %pad/u 7;
    %ix/vec4 4;
    %load/vec4a v00000282b9bef3c0, 4;
    %store/vec4 v00000282b9bee6a0_0, 0, 32;
    %load/vec4 v00000282b9bef500_0;
    %pad/u 7;
    %ix/vec4 4;
    %load/vec4a v00000282b9bef3c0, 4;
    %store/vec4 v00000282b9bef140_0, 0, 32;
    %load/vec4 v00000282b9bee6a0_0;
    %store/vec4 v00000282b9bef460_0, 0, 32;
    %load/vec4 v00000282b9bef140_0;
    %store/vec4 v00000282b9bef8c0_0, 0, 32;
    %jmp T_8;
    .thread T_8, $push;
    .scope S_00000282b9bf0b60;
T_9 ;
    %wait E_00000282b9847c00;
    %delay 0, 0;
    %load/vec4 v00000282b9bef780_0;
    %flag_set/vec4 8;
    %jmp/0xz  T_9.0, 8;
    %delay 0, 0;
    %load/vec4 v00000282b9bf6f40_0;
    %load/vec4 v00000282b9bf5140_0;
    %pad/u 7;
    %ix/vec4 4;
    %store/vec4a v00000282b9bef3c0, 4, 0;
T_9.0 ;
    %jmp T_9;
    .thread T_9;
    .scope S_00000282b9806470;
T_10 ;
    %wait E_00000282b9848180;
    %load/vec4 v00000282b988cf40_0;
    %dup/vec4;
    %pushi/vec4 0, 0, 3;
    %cmp/u;
    %jmp/1 T_10.0, 6;
    %dup/vec4;
    %pushi/vec4 1, 0, 3;
    %cmp/u;
    %jmp/1 T_10.1, 6;
    %dup/vec4;
    %pushi/vec4 4, 0, 3;
    %cmp/u;
    %jmp/1 T_10.2, 6;
    %dup/vec4;
    %pushi/vec4 6, 0, 3;
    %cmp/u;
    %jmp/1 T_10.3, 6;
    %dup/vec4;
    %pushi/vec4 3, 0, 3;
    %cmp/u;
    %jmp/1 T_10.4, 6;
    %load/vec4 v00000282b9844740_0;
    %inv;
    %store/vec4 v00000282b988e0c0_0, 0, 32;
    %jmp T_10.6;
T_10.0 ;
    %load/vec4 v00000282b9844740_0;
    %load/vec4 v00000282b9844b00_0;
    %and;
    %store/vec4 v00000282b988e0c0_0, 0, 32;
    %jmp T_10.6;
T_10.1 ;
    %load/vec4 v00000282b9844740_0;
    %load/vec4 v00000282b9844b00_0;
    %or;
    %store/vec4 v00000282b988e0c0_0, 0, 32;
    %jmp T_10.6;
T_10.2 ;
    %load/vec4 v00000282b9844740_0;
    %load/vec4 v00000282b9844b00_0;
    %add;
    %store/vec4 v00000282b988e0c0_0, 0, 32;
    %jmp T_10.6;
T_10.3 ;
    %load/vec4 v00000282b9844740_0;
    %load/vec4 v00000282b9844b00_0;
    %sub;
    %store/vec4 v00000282b988e0c0_0, 0, 32;
    %jmp T_10.6;
T_10.4 ;
    %load/vec4 v00000282b9844740_0;
    %load/vec4 v00000282b9844b00_0;
    %cmp/u;
    %jmp/0xz  T_10.7, 5;
    %pushi/vec4 1, 0, 32;
    %store/vec4 v00000282b988e0c0_0, 0, 32;
    %jmp T_10.8;
T_10.7 ;
    %pushi/vec4 0, 0, 32;
    %store/vec4 v00000282b988e0c0_0, 0, 32;
T_10.8 ;
    %jmp T_10.6;
T_10.6 ;
    %pop/vec4 1;
    %load/vec4 v00000282b988e0c0_0;
    %cmpi/e 0, 0, 32;
    %jmp/0xz  T_10.9, 4;
    %pushi/vec4 1, 0, 1;
    %store/vec4 v00000282b988cc20_0, 0, 1;
    %jmp T_10.10;
T_10.9 ;
    %pushi/vec4 0, 0, 1;
    %store/vec4 v00000282b988cc20_0, 0, 1;
T_10.10 ;
    %jmp T_10;
    .thread T_10, $push;
    .scope S_00000282b9806600;
T_11 ;
    %wait E_00000282b9848bc0;
    %load/vec4 v00000282b988e480_0;
    %dup/vec4;
    %pushi/vec4 0, 0, 2;
    %cmp/x;
    %jmp/1 T_11.0, 4;
    %dup/vec4;
    %pushi/vec4 1, 0, 2;
    %cmp/x;
    %jmp/1 T_11.1, 4;
    %dup/vec4;
    %pushi/vec4 3, 1, 2;
    %cmp/x;
    %jmp/1 T_11.2, 4;
    %jmp T_11.3;
T_11.0 ;
    %pushi/vec4 4, 0, 3;
    %assign/vec4 v00000282b988d580_0, 0;
    %jmp T_11.3;
T_11.1 ;
    %pushi/vec4 6, 0, 3;
    %assign/vec4 v00000282b988d580_0, 0;
    %jmp T_11.3;
T_11.2 ;
    %load/vec4 v00000282b988cae0_0;
    %dup/vec4;
    %pushi/vec4 32, 0, 6;
    %cmp/u;
    %jmp/1 T_11.4, 6;
    %dup/vec4;
    %pushi/vec4 33, 0, 6;
    %cmp/u;
    %jmp/1 T_11.5, 6;
    %dup/vec4;
    %pushi/vec4 34, 0, 6;
    %cmp/u;
    %jmp/1 T_11.6, 6;
    %dup/vec4;
    %pushi/vec4 36, 0, 6;
    %cmp/u;
    %jmp/1 T_11.7, 6;
    %dup/vec4;
    %pushi/vec4 37, 0, 6;
    %cmp/u;
    %jmp/1 T_11.8, 6;
    %dup/vec4;
    %pushi/vec4 42, 0, 6;
    %cmp/u;
    %jmp/1 T_11.9, 6;
    %jmp T_11.10;
T_11.4 ;
    %pushi/vec4 4, 0, 3;
    %assign/vec4 v00000282b988d580_0, 0;
    %jmp T_11.10;
T_11.5 ;
    %pushi/vec4 5, 0, 3;
    %assign/vec4 v00000282b988d580_0, 0;
    %jmp T_11.10;
T_11.6 ;
    %pushi/vec4 6, 0, 3;
    %assign/vec4 v00000282b988d580_0, 0;
    %jmp T_11.10;
T_11.7 ;
    %pushi/vec4 0, 0, 3;
    %assign/vec4 v00000282b988d580_0, 0;
    %jmp T_11.10;
T_11.8 ;
    %pushi/vec4 1, 0, 3;
    %assign/vec4 v00000282b988d580_0, 0;
    %jmp T_11.10;
T_11.9 ;
    %pushi/vec4 3, 0, 3;
    %assign/vec4 v00000282b988d580_0, 0;
    %jmp T_11.10;
T_11.10 ;
    %pop/vec4 1;
    %jmp T_11.3;
T_11.3 ;
    %pop/vec4 1;
    %jmp T_11;
    .thread T_11, $push;
    .scope S_00000282b98003b0;
T_12 ;
    %ix/load 4, 0, 0;
    %flag_set/imm 4, 0;
    %load/vec4a v00000282b988d120, 4;
    %store/vec4 v00000282b988cd60_0, 0, 20;
    %end;
    .thread T_12;
    .scope S_00000282b98003b0;
T_13 ;
    %wait E_00000282b9847dc0;
    %load/vec4 v00000282b988c900_0;
    %pad/u 6;
    %ix/vec4 4;
    %load/vec4a v00000282b988d120, 4;
    %store/vec4 v00000282b988cd60_0, 0, 20;
    %jmp T_13;
    .thread T_13, $push;
    .scope S_00000282b97e0850;
T_14 ;
    %pushi/vec4 0, 0, 4;
    %store/vec4 v00000282b988d940_0, 0, 4;
    %end;
    .thread T_14;
    .scope S_00000282b97e0850;
T_15 ;
    %wait E_00000282b9849ac0;
    %load/vec4 v00000282b988c9a0_0;
    %dup/vec4;
    %pushi/vec4 0, 0, 4;
    %cmp/u;
    %jmp/1 T_15.0, 6;
    %dup/vec4;
    %pushi/vec4 1, 0, 4;
    %cmp/u;
    %jmp/1 T_15.1, 6;
    %dup/vec4;
    %pushi/vec4 2, 0, 4;
    %cmp/u;
    %jmp/1 T_15.2, 6;
    %dup/vec4;
    %pushi/vec4 3, 0, 4;
    %cmp/u;
    %jmp/1 T_15.3, 6;
    %dup/vec4;
    %pushi/vec4 4, 0, 4;
    %cmp/u;
    %jmp/1 T_15.4, 6;
    %dup/vec4;
    %pushi/vec4 5, 0, 4;
    %cmp/u;
    %jmp/1 T_15.5, 6;
    %dup/vec4;
    %pushi/vec4 6, 0, 4;
    %cmp/u;
    %jmp/1 T_15.6, 6;
    %dup/vec4;
    %pushi/vec4 7, 0, 4;
    %cmp/u;
    %jmp/1 T_15.7, 6;
    %dup/vec4;
    %pushi/vec4 8, 0, 4;
    %cmp/u;
    %jmp/1 T_15.8, 6;
    %dup/vec4;
    %pushi/vec4 9, 0, 4;
    %cmp/u;
    %jmp/1 T_15.9, 6;
    %dup/vec4;
    %pushi/vec4 13, 0, 4;
    %cmp/u;
    %jmp/1 T_15.10, 6;
    %dup/vec4;
    %pushi/vec4 14, 0, 4;
    %cmp/u;
    %jmp/1 T_15.11, 6;
    %jmp T_15.12;
T_15.0 ;
    %load/vec4 v00000282b988c9a0_0;
    %store/vec4 v00000282b988d940_0, 0, 4;
    %jmp T_15.12;
T_15.1 ;
    %load/vec4 v00000282b988c9a0_0;
    %store/vec4 v00000282b988d940_0, 0, 4;
    %jmp T_15.12;
T_15.2 ;
    %load/vec4 v00000282b988c9a0_0;
    %store/vec4 v00000282b988d940_0, 0, 4;
    %jmp T_15.12;
T_15.3 ;
    %load/vec4 v00000282b988c9a0_0;
    %store/vec4 v00000282b988d940_0, 0, 4;
    %jmp T_15.12;
T_15.4 ;
    %load/vec4 v00000282b988c9a0_0;
    %store/vec4 v00000282b988d940_0, 0, 4;
    %jmp T_15.12;
T_15.5 ;
    %load/vec4 v00000282b988c9a0_0;
    %store/vec4 v00000282b988d940_0, 0, 4;
    %jmp T_15.12;
T_15.6 ;
    %load/vec4 v00000282b988c9a0_0;
    %store/vec4 v00000282b988d940_0, 0, 4;
    %jmp T_15.12;
T_15.7 ;
    %load/vec4 v00000282b988c9a0_0;
    %store/vec4 v00000282b988d940_0, 0, 4;
    %jmp T_15.12;
T_15.8 ;
    %load/vec4 v00000282b988c9a0_0;
    %store/vec4 v00000282b988d940_0, 0, 4;
    %jmp T_15.12;
T_15.9 ;
    %load/vec4 v00000282b988c9a0_0;
    %store/vec4 v00000282b988d940_0, 0, 4;
    %jmp T_15.12;
T_15.10 ;
    %load/vec4 v00000282b988d6c0_0;
    %dup/vec4;
    %pushi/vec4 0, 0, 6;
    %cmp/u;
    %jmp/1 T_15.13, 6;
    %dup/vec4;
    %pushi/vec4 35, 0, 6;
    %cmp/u;
    %jmp/1 T_15.14, 6;
    %dup/vec4;
    %pushi/vec4 43, 0, 6;
    %cmp/u;
    %jmp/1 T_15.15, 6;
    %dup/vec4;
    %pushi/vec4 4, 0, 6;
    %cmp/u;
    %jmp/1 T_15.16, 6;
    %dup/vec4;
    %pushi/vec4 2, 0, 6;
    %cmp/u;
    %jmp/1 T_15.17, 6;
    %jmp T_15.18;
T_15.13 ;
    %pushi/vec4 6, 0, 4;
    %store/vec4 v00000282b988d940_0, 0, 4;
    %jmp T_15.18;
T_15.14 ;
    %pushi/vec4 2, 0, 4;
    %store/vec4 v00000282b988d940_0, 0, 4;
    %jmp T_15.18;
T_15.15 ;
    %pushi/vec4 2, 0, 4;
    %store/vec4 v00000282b988d940_0, 0, 4;
    %jmp T_15.18;
T_15.16 ;
    %pushi/vec4 8, 0, 4;
    %store/vec4 v00000282b988d940_0, 0, 4;
    %jmp T_15.18;
T_15.17 ;
    %pushi/vec4 9, 0, 4;
    %store/vec4 v00000282b988d940_0, 0, 4;
    %jmp T_15.18;
T_15.18 ;
    %pop/vec4 1;
    %jmp T_15.12;
T_15.11 ;
    %load/vec4 v00000282b988d6c0_0;
    %dup/vec4;
    %pushi/vec4 35, 0, 6;
    %cmp/u;
    %jmp/1 T_15.19, 6;
    %dup/vec4;
    %pushi/vec4 43, 0, 6;
    %cmp/u;
    %jmp/1 T_15.20, 6;
    %jmp T_15.21;
T_15.19 ;
    %pushi/vec4 3, 0, 4;
    %store/vec4 v00000282b988d940_0, 0, 4;
    %jmp T_15.21;
T_15.20 ;
    %pushi/vec4 5, 0, 4;
    %store/vec4 v00000282b988d940_0, 0, 4;
    %jmp T_15.21;
T_15.21 ;
    %pop/vec4 1;
    %jmp T_15.12;
T_15.12 ;
    %pop/vec4 1;
    %jmp T_15;
    .thread T_15, $push;
    .scope S_00000282b9800220;
T_16 ;
    %pushi/vec4 1, 0, 1;
    %store/vec4 v00000282b988e340_0, 0, 1;
    %delay 8, 0;
    %pushi/vec4 0, 0, 1;
    %store/vec4 v00000282b988e340_0, 0, 1;
    %end;
    .thread T_16;
    .scope S_00000282b9800220;
T_17 ;
    %wait E_00000282b9847c00;
    %load/vec4 v00000282b988e340_0;
    %flag_set/vec4 8;
    %jmp/0xz  T_17.0, 8;
    %pushi/vec4 282641, 0, 20;
    %store/vec4 v00000282b988dbc0_0, 0, 20;
    %jmp T_17.1;
T_17.0 ;
    %load/vec4 v00000282b988d800_0;
    %store/vec4 v00000282b988dbc0_0, 0, 20;
T_17.1 ;
    %jmp T_17;
    .thread T_17;
    .scope S_00000282b9bf0520;
T_18 ;
    %wait E_00000282b9849600;
    %load/vec4 v00000282b9bef320_0;
    %pad/u 32;
    %cmpi/e 0, 0, 32;
    %jmp/0xz  T_18.0, 4;
    %load/vec4 v00000282b9bee2e0_0;
    %store/vec4 v00000282b9beeba0_0, 0, 32;
    %jmp T_18.1;
T_18.0 ;
    %load/vec4 v00000282b9bef6e0_0;
    %store/vec4 v00000282b9beeba0_0, 0, 32;
T_18.1 ;
    %jmp T_18;
    .thread T_18, $push;
    .scope S_00000282b9bf0840;
T_19 ;
    %wait E_00000282b98496c0;
    %load/vec4 v00000282b9beef60_0;
    %pad/u 32;
    %cmpi/e 0, 0, 32;
    %jmp/0xz  T_19.0, 4;
    %load/vec4 v00000282b9beec40_0;
    %store/vec4 v00000282b9bee060_0, 0, 32;
    %jmp T_19.1;
T_19.0 ;
    %load/vec4 v00000282b9bee880_0;
    %store/vec4 v00000282b9bee060_0, 0, 32;
T_19.1 ;
    %jmp T_19;
    .thread T_19, $push;
    .scope S_00000282b9bf06b0;
T_20 ;
    %wait E_00000282b9849640;
    %load/vec4 v00000282b9bee380_0;
    %pad/u 32;
    %cmpi/e 0, 0, 32;
    %jmp/0xz  T_20.0, 4;
    %load/vec4 v00000282b9bef000_0;
    %store/vec4 v00000282b9beed80_0, 0, 32;
    %jmp T_20.1;
T_20.0 ;
    %load/vec4 v00000282b9befdc0_0;
    %store/vec4 v00000282b9beed80_0, 0, 32;
T_20.1 ;
    %jmp T_20;
    .thread T_20, $push;
    .scope S_00000282b9bf0200;
T_21 ;
    %wait E_00000282b9849bc0;
    %load/vec4 v00000282b9bee4c0_0;
    %pad/u 32;
    %cmpi/e 0, 0, 32;
    %jmp/0xz  T_21.0, 4;
    %load/vec4 v00000282b9bee420_0;
    %store/vec4 v00000282b9befb40_0, 0, 32;
    %jmp T_21.1;
T_21.0 ;
    %load/vec4 v00000282b9bee7e0_0;
    %store/vec4 v00000282b9befb40_0, 0, 32;
T_21.1 ;
    %jmp T_21;
    .thread T_21, $push;
    .scope S_00000282b97fda90;
T_22 ;
    %wait E_00000282b9849680;
    %load/vec4 v00000282b9bee740_0;
    %dup/vec4;
    %pushi/vec4 0, 0, 2;
    %cmp/u;
    %jmp/1 T_22.0, 6;
    %dup/vec4;
    %pushi/vec4 1, 0, 2;
    %cmp/u;
    %jmp/1 T_22.1, 6;
    %dup/vec4;
    %pushi/vec4 2, 0, 2;
    %cmp/u;
    %jmp/1 T_22.2, 6;
    %jmp T_22.3;
T_22.0 ;
    %load/vec4 v00000282b9befbe0_0;
    %store/vec4 v00000282b9beeb00_0, 0, 32;
    %jmp T_22.3;
T_22.1 ;
    %load/vec4 v00000282b9beece0_0;
    %store/vec4 v00000282b9beeb00_0, 0, 32;
    %jmp T_22.3;
T_22.2 ;
    %load/vec4 v00000282b9bee240_0;
    %store/vec4 v00000282b9beeb00_0, 0, 32;
    %jmp T_22.3;
T_22.3 ;
    %pop/vec4 1;
    %jmp T_22;
    .thread T_22, $push;
    .scope S_00000282b97fd900;
T_23 ;
    %wait E_00000282b9849040;
    %load/vec4 v00000282b9bee100_0;
    %dup/vec4;
    %pushi/vec4 0, 0, 2;
    %cmp/u;
    %jmp/1 T_23.0, 6;
    %dup/vec4;
    %pushi/vec4 1, 0, 2;
    %cmp/u;
    %jmp/1 T_23.1, 6;
    %dup/vec4;
    %pushi/vec4 2, 0, 2;
    %cmp/u;
    %jmp/1 T_23.2, 6;
    %dup/vec4;
    %pushi/vec4 3, 0, 2;
    %cmp/u;
    %jmp/1 T_23.3, 6;
    %jmp T_23.4;
T_23.0 ;
    %load/vec4 v00000282b9bef280_0;
    %store/vec4 v00000282b9befd20_0, 0, 32;
    %jmp T_23.4;
T_23.1 ;
    %load/vec4 v00000282b9bef1e0_0;
    %store/vec4 v00000282b9befd20_0, 0, 32;
    %jmp T_23.4;
T_23.2 ;
    %load/vec4 v00000282b9bef820_0;
    %store/vec4 v00000282b9befd20_0, 0, 32;
    %jmp T_23.4;
T_23.3 ;
    %load/vec4 v00000282b9bee1a0_0;
    %store/vec4 v00000282b9befd20_0, 0, 32;
    %jmp T_23.4;
T_23.4 ;
    %pop/vec4 1;
    %jmp T_23;
    .thread T_23, $push;
    .scope S_00000282b980aa20;
T_24 ;
    %wait E_00000282b9847c00;
    %load/vec4 v00000282b9845500_0;
    %store/vec4 v00000282b98455a0_0, 0, 32;
    %jmp T_24;
    .thread T_24;
    .scope S_00000282b9801840;
T_25 ;
    %wait E_00000282b9847c00;
    %load/vec4 v00000282b988d760_0;
    %store/vec4 v00000282b988d300_0, 0, 32;
    %jmp T_25;
    .thread T_25;
    .scope S_00000282b97f9190;
T_26 ;
    %wait E_00000282b9847c00;
    %load/vec4 v00000282b988e7a0_0;
    %store/vec4 v00000282b988cfe0_0, 0, 32;
    %jmp T_26;
    .thread T_26;
    .scope S_00000282b980abb0;
T_27 ;
    %wait E_00000282b9847c00;
    %load/vec4 v00000282b98449c0_0;
    %store/vec4 v00000282b9845be0_0, 0, 32;
    %jmp T_27;
    .thread T_27;
    .scope S_00000282b980b2b0;
T_28 ;
    %vpi_call 3 67 "$dumpfile", "main_test.vcd" {0 0 0};
    %vpi_call 3 68 "$dumpvars", 32'sb00000000000000000000000000000000, S_00000282b980b2b0 {0 0 0};
    %pushi/vec4 0, 0, 1;
    %store/vec4 v00000282b9bf8910_0, 0, 1;
T_28.0 ;
    %delay 5, 0;
    %load/vec4 v00000282b9bf8910_0;
    %inv;
    %store/vec4 v00000282b9bf8910_0, 0, 1;
    %jmp T_28.0;
    %end;
    .thread T_28;
# The file index is used to find the file name in the following table.
:file_names 19;
    "N/A";
    "<interactive>";
    "./ADD.v";
    "main.v";
    "./TSR.v";
    "./ALU.v";
    "./ALUCU.v";
    "./AND.v";
    "./CU.v";
    "./IM.v";
    "./IR.v";
    "./MUXFOUR.v";
    "./MUXTHREE.v";
    "./MUXTWO.v";
    "./OR.v";
    "./PC.v";
    "./RF.v";
    "./SHL2.v";
    "./SIG16_32.v";
