#! /c/Source/iverilog-install/bin/vvp
:ivl_version "12.0 (devel)" "(s20150603-1539-g2693dd32b)";
:ivl_delay_selection "TYPICAL";
:vpi_time_precision + 0;
:vpi_module "D:\APPs\iverilog\lib\ivl\system.vpi";
:vpi_module "D:\APPs\iverilog\lib\ivl\vhdl_sys.vpi";
:vpi_module "D:\APPs\iverilog\lib\ivl\vhdl_textio.vpi";
:vpi_module "D:\APPs\iverilog\lib\ivl\v2005_math.vpi";
:vpi_module "D:\APPs\iverilog\lib\ivl\va_math.vpi";
S_000002011e7cb9f0 .scope module, "t" "t" 2 56;
 .timescale 0 0;
v000002011e82aa10_0 .var "clock", 0 0;
v000002011e82beb0_0 .var "reset", 0 0;
S_000002011e7ccd60 .scope module, "cpu" "main" 2 59, 2 14 0, S_000002011e7cb9f0;
 .timescale 0 0;
    .port_info 0 /INPUT 1 "Clock";
    .port_info 1 /INPUT 1 "Reset";
v000002011e829720_0 .net "ALUOp", 1 0, v000002011e7c3830_0;  1 drivers
v000002011e828140_0 .net "ALUSrc", 0 0, v000002011e7c3970_0;  1 drivers
v000002011e828280_0 .net "Add1C", 31 0, L_000002011e82b370;  1 drivers
v000002011e828e60_0 .net "Add2B", 31 0, L_000002011e82b5f0;  1 drivers
v000002011e828960_0 .net "Add2C", 31 0, L_000002011e82bd70;  1 drivers
v000002011e829c20_0 .net "AluA", 31 0, v000002011e824b50_0;  1 drivers
v000002011e8285a0_0 .net "AluB", 31 0, v000002011e823570_0;  1 drivers
v000002011e828be0_0 .net "AluC", 31 0, v000002011e7c44b0_0;  1 drivers
v000002011e829a40_0 .net "AluCtrl", 2 0, v000002011e7c4190_0;  1 drivers
v000002011e828d20_0 .net "AluZ", 0 0, L_000002011e82a0b0;  1 drivers
v000002011e8290e0_0 .net "Branch", 0 0, v000002011e7c4550_0;  1 drivers
v000002011e828640_0 .net "Clock", 0 0, v000002011e82aa10_0;  1 drivers
v000002011e828780_0 .net "Data", 31 0, v000002011e824bf0_0;  1 drivers
v000002011e828fa0_0 .net "Inst", 31 0, L_000002011e7c1e90;  1 drivers
v000002011e828f00_0 .net "Jump", 0 0, v000002011e7c45f0_0;  1 drivers
v000002011e8297c0_0 .net "MemRd", 0 0, v000002011e7c47d0_0;  1 drivers
v000002011e829860_0 .net "MemWr", 0 0, v000002011e7c4730_0;  1 drivers
v000002011e829040_0 .net "MemtoReg", 0 0, v000002011e7c4690_0;  1 drivers
v000002011e829180_0 .net "MuxCtrl", 0 0, L_000002011e7c1db0;  1 drivers
v000002011e828320_0 .net "MuxOut", 31 0, v000002011e823430_0;  1 drivers
v000002011e8283c0_0 .net "PcAddr", 31 0, v000002011e8237f0_0;  1 drivers
v000002011e829220_0 .net "PcI", 31 0, v000002011e823f70_0;  1 drivers
o000002011e7ce1e8 .functor BUFZ 32, C4<zzzzzzzzzzzzzzzzzzzzzzzzzzzzzzzz>; HiZ drive
v000002011e829ae0_0 .net "RdO", 31 0, o000002011e7ce1e8;  0 drivers
v000002011e8299a0_0 .net "Rdo", 0 0, L_000002011e82baf0;  1 drivers
v000002011e828aa0_0 .net "RegDst", 0 0, v000002011e7c3790_0;  1 drivers
v000002011e829b80_0 .net "RegWr", 0 0, v000002011e7c2bb0_0;  1 drivers
v000002011e828460_0 .net "Reset", 0 0, v000002011e82beb0_0;  1 drivers
v000002011e829cc0_0 .net "ShlOut", 27 0, L_000002011e82b050;  1 drivers
v000002011e829d60_0 .net "Sig32", 31 0, L_000002011e82b910;  1 drivers
v000002011e828b40_0 .net "TransAddr", 31 0, L_000002011e82a1f0;  1 drivers
v000002011e829e00_0 .net "WRi", 4 0, L_000002011e82ba50;  1 drivers
v000002011e828500_0 .net "WdI", 31 0, v000002011e8243d0_0;  1 drivers
v000002011e829ea0_0 .net *"_ivl_1", 3 0, L_000002011e82ad30;  1 drivers
L_000002011ec10088 .functor BUFT 1, C4<000000000000000000000000000>, C4<0>, C4<0>, C4<0>;
v000002011e829f40_0 .net *"_ivl_13", 26 0, L_000002011ec10088;  1 drivers
v000002011e8280a0_0 .net *"_ivl_16", 4 0, L_000002011e82add0;  1 drivers
L_000002011ec100d0 .functor BUFT 1, C4<000000000000000000000000000>, C4<0>, C4<0>, C4<0>;
v000002011e82ab50_0 .net *"_ivl_20", 26 0, L_000002011ec100d0;  1 drivers
v000002011e82afb0_0 .net *"_ivl_25", 25 0, L_000002011e82b550;  1 drivers
L_000002011ec10160 .functor BUFT 1, C4<000000>, C4<0>, C4<0>, C4<0>;
v000002011e82a470_0 .net *"_ivl_29", 5 0, L_000002011ec10160;  1 drivers
v000002011e82a3d0_0 .net *"_ivl_9", 4 0, L_000002011e82ae70;  1 drivers
L_000002011e82ad30 .part L_000002011e82b370, 28, 4;
L_000002011e82a1f0 .concat [ 28 4 0 0], L_000002011e82b050, L_000002011e82ad30;
L_000002011e82bf50 .part L_000002011e7c1e90, 26, 6;
L_000002011e82aab0 .part L_000002011e7c1e90, 0, 6;
L_000002011e82ae70 .part L_000002011e7c1e90, 16, 5;
L_000002011e82a6f0 .concat [ 5 27 0 0], L_000002011e82ae70, L_000002011ec10088;
L_000002011e82add0 .part L_000002011e7c1e90, 11, 5;
L_000002011e82b2d0 .concat [ 5 27 0 0], L_000002011e82add0, L_000002011ec100d0;
L_000002011e82ba50 .part v000002011e824a10_0, 0, 5;
L_000002011e82b550 .part L_000002011e7c1e90, 0, 26;
L_000002011e82abf0 .concat [ 26 6 0 0], L_000002011e82b550, L_000002011ec10160;
L_000002011e82b050 .part L_000002011e82ac90, 0, 28;
L_000002011e82af10 .part L_000002011e7c1e90, 0, 16;
L_000002011e82a0b0 .part v000002011e7c3f10_0, 0, 1;
L_000002011e82b190 .part v000002011e7c44b0_0, 0, 5;
L_000002011e82baf0 .part v000002011e823a70_0, 0, 1;
L_000002011e82a510 .part L_000002011e7c1e90, 21, 5;
L_000002011e82b230 .part L_000002011e7c1e90, 16, 5;
S_000002011e7a98d0 .scope module, "Add1" "ADD" 2 45, 3 1 0, S_000002011e7ccd60;
 .timescale 0 0;
    .port_info 0 /INPUT 32 "a";
    .port_info 1 /INPUT 32 "b";
    .port_info 2 /OUTPUT 32 "sum";
L_000002011ec10238 .functor BUFT 1, C4<00000000000000000000000000000100>, C4<0>, C4<0>, C4<0>;
v000002011e7c3dd0_0 .net "a", 31 0, L_000002011ec10238;  1 drivers
v000002011e7c4870_0 .net "b", 31 0, v000002011e8237f0_0;  alias, 1 drivers
v000002011e7c3b50_0 .net "sum", 31 0, L_000002011e82b370;  alias, 1 drivers
L_000002011e82b370 .arith/sum 32, L_000002011ec10238, v000002011e8237f0_0;
S_000002011e7a9a60 .scope module, "Add2" "ADD" 2 46, 3 1 0, S_000002011e7ccd60;
 .timescale 0 0;
    .port_info 0 /INPUT 32 "a";
    .port_info 1 /INPUT 32 "b";
    .port_info 2 /OUTPUT 32 "sum";
v000002011e7c3470_0 .net "a", 31 0, L_000002011e82b370;  alias, 1 drivers
v000002011e7c3fb0_0 .net "b", 31 0, L_000002011e82b5f0;  alias, 1 drivers
v000002011e7c4370_0 .net "sum", 31 0, L_000002011e82bd70;  alias, 1 drivers
L_000002011e82bd70 .arith/sum 32, L_000002011e82b370, L_000002011e82b5f0;
S_000002011e79b7b0 .scope module, "Alu" "ALU" 2 48, 4 1 0, S_000002011e7ccd60;
 .timescale 0 0;
    .port_info 0 /INPUT 32 "a";
    .port_info 1 /INPUT 32 "b";
    .port_info 2 /INPUT 3 "ctrl";
    .port_info 3 /OUTPUT 32 "out";
    .port_info 4 /OUTPUT 2 "zero";
P_000002011e7b4f20 .param/l "width" 0 4 6, +C4<00000000000000000000000000100000>;
v000002011e7c3510_0 .net "a", 31 0, v000002011e824b50_0;  alias, 1 drivers
v000002011e7c31f0_0 .net "b", 31 0, v000002011e823570_0;  alias, 1 drivers
v000002011e7c35b0_0 .net "ctrl", 2 0, v000002011e7c4190_0;  alias, 1 drivers
v000002011e7c44b0_0 .var "out", 31 0;
v000002011e7c3f10_0 .var "zero", 1 0;
E_000002011e7b5020 .event anyedge, v000002011e7c35b0_0, v000002011e7c31f0_0, v000002011e7c3510_0;
S_000002011e79b940 .scope module, "Alucu" "ALUCU" 2 30, 5 1 0, S_000002011e7ccd60;
 .timescale 0 0;
    .port_info 0 /INPUT 6 "inst";
    .port_info 1 /INPUT 2 "aluop";
    .port_info 2 /OUTPUT 3 "ctrl";
v000002011e7c4050_0 .net "aluop", 1 0, v000002011e7c3830_0;  alias, 1 drivers
v000002011e7c4190_0 .var "ctrl", 2 0;
v000002011e7c3bf0_0 .net "inst", 5 0, L_000002011e82aab0;  1 drivers
E_000002011e7b45a0 .event anyedge, v000002011e7c4050_0, v000002011e7c3bf0_0;
S_000002011e79aa70 .scope module, "And" "AND" 2 41, 6 1 0, S_000002011e7ccd60;
 .timescale 0 0;
    .port_info 0 /INPUT 1 "br";
    .port_info 1 /INPUT 1 "aluz";
    .port_info 2 /OUTPUT 1 "mc";
L_000002011e7c1db0 .functor AND 1, v000002011e7c4550_0, L_000002011e82a0b0, C4<1>, C4<1>;
v000002011e7c4230_0 .net "aluz", 0 0, L_000002011e82a0b0;  alias, 1 drivers
v000002011e7c2b10_0 .net "br", 0 0, v000002011e7c4550_0;  alias, 1 drivers
v000002011e7c36f0_0 .net "mc", 0 0, L_000002011e7c1db0;  alias, 1 drivers
S_000002011e79ac00 .scope module, "Cu" "CU" 2 29, 7 1 0, S_000002011e7ccd60;
 .timescale 0 0;
    .port_info 0 /INPUT 6 "op_code";
    .port_info 1 /OUTPUT 1 "RegDst";
    .port_info 2 /OUTPUT 1 "regw";
    .port_info 3 /OUTPUT 1 "alusrc";
    .port_info 4 /OUTPUT 1 "memr";
    .port_info 5 /OUTPUT 1 "memw";
    .port_info 6 /OUTPUT 1 "memtoreg";
    .port_info 7 /OUTPUT 1 "branch";
    .port_info 8 /OUTPUT 1 "jump";
    .port_info 9 /OUTPUT 2 "aluop";
P_000002011e79ad90 .param/l "R_type" 0 7 6, C4<000000>;
P_000002011e79adc8 .param/l "addiu" 0 7 11, C4<001001>;
P_000002011e79ae00 .param/l "beq" 0 7 9, C4<000100>;
P_000002011e79ae38 .param/l "j" 0 7 10, C4<000010>;
P_000002011e79ae70 .param/l "lw" 0 7 7, C4<100011>;
P_000002011e79aea8 .param/l "sw" 0 7 8, C4<101011>;
v000002011e7c3790_0 .var "RegDst", 0 0;
v000002011e7c3830_0 .var "aluop", 1 0;
v000002011e7c3970_0 .var "alusrc", 0 0;
v000002011e7c4550_0 .var "branch", 0 0;
v000002011e7c45f0_0 .var "jump", 0 0;
v000002011e7c47d0_0 .var "memr", 0 0;
v000002011e7c4690_0 .var "memtoreg", 0 0;
v000002011e7c4730_0 .var "memw", 0 0;
v000002011e7c29d0_0 .net "op_code", 5 0, L_000002011e82bf50;  1 drivers
v000002011e7c2bb0_0 .var "regw", 0 0;
E_000002011e7b49e0 .event anyedge, v000002011e7c29d0_0;
S_000002011e792c30 .scope module, "Dm" "DM" 2 51, 8 1 0, S_000002011e7ccd60;
 .timescale 0 0;
    .port_info 0 /INPUT 1 "R";
    .port_info 1 /INPUT 1 "W";
    .port_info 2 /INPUT 5 "Addr";
    .port_info 3 /INPUT 32 "W_data";
    .port_info 4 /OUTPUT 32 "R_data";
    .port_info 5 /INPUT 1 "clk";
P_000002011e7646e0 .param/l "addr_width" 0 8 8, +C4<00000000000000000000000000000101>;
P_000002011e764718 .param/l "data_width" 0 8 9, +C4<00000000000000000000000000100000>;
v000002011e7c2cf0_0 .net "Addr", 4 0, L_000002011e82b190;  1 drivers
v000002011e824790_0 .net "R", 0 0, v000002011e7c47d0_0;  alias, 1 drivers
v000002011e823a70_0 .var "R_data", 31 0;
v000002011e8234d0_0 .net "W", 0 0, v000002011e7c4730_0;  alias, 1 drivers
v000002011e823390_0 .net "W_data", 31 0, v000002011e824bf0_0;  alias, 1 drivers
v000002011e824d30_0 .net "clk", 0 0, v000002011e82aa10_0;  alias, 1 drivers
v000002011e8241f0 .array "mem", 0 31, 31 0;
v000002011e8231b0_0 .var "showreg", 31 0;
E_000002011e7b4a20 .event posedge, v000002011e824d30_0;
S_000002011e792dc0 .scope begin, "$ivl_for_loop0" "$ivl_for_loop0" 8 13, 8 13 0, S_000002011e792c30;
 .timescale 0 0;
v000002011e7c2c50_0 .var/i "i", 31 0;
S_000002011e78dbc0 .scope module, "Im" "IM" 2 50, 9 1 0, S_000002011e7ccd60;
 .timescale 0 0;
    .port_info 0 /INPUT 32 "addr";
    .port_info 1 /OUTPUT 32 "instr";
L_000002011e7c1e90 .functor BUFZ 32, L_000002011e82a790, C4<00000000000000000000000000000000>, C4<00000000000000000000000000000000>, C4<00000000000000000000000000000000>;
L_000002011ec10280 .functor BUFT 1, C4<00000000001000100000000000100000>, C4<0>, C4<0>, C4<0>;
v000002011e823250 .array "Rom", 0 31;
v000002011e823250_0 .net v000002011e823250 0, 31 0, L_000002011ec10280; 1 drivers
L_000002011ec102c8 .functor BUFT 1, C4<00000000011000100000000000100010>, C4<0>, C4<0>, C4<0>;
v000002011e823250_1 .net v000002011e823250 1, 31 0, L_000002011ec102c8; 1 drivers
L_000002011ec10310 .functor BUFT 1, C4<00000000000000010001000000100100>, C4<0>, C4<0>, C4<0>;
v000002011e823250_2 .net v000002011e823250 2, 31 0, L_000002011ec10310; 1 drivers
L_000002011ec10358 .functor BUFT 1, C4<00000000000000010001000000100101>, C4<0>, C4<0>, C4<0>;
v000002011e823250_3 .net v000002011e823250 3, 31 0, L_000002011ec10358; 1 drivers
L_000002011ec103a0 .functor BUFT 1, C4<00000000010000110000000000101010>, C4<0>, C4<0>, C4<0>;
v000002011e823250_4 .net v000002011e823250 4, 31 0, L_000002011ec103a0; 1 drivers
L_000002011ec103e8 .functor BUFT 1, C4<10001100011000000000000000010000>, C4<0>, C4<0>, C4<0>;
v000002011e823250_5 .net v000002011e823250 5, 31 0, L_000002011ec103e8; 1 drivers
L_000002011ec10430 .functor BUFT 1, C4<10101100011000010000000000010000>, C4<0>, C4<0>, C4<0>;
v000002011e823250_6 .net v000002011e823250 6, 31 0, L_000002011ec10430; 1 drivers
L_000002011ec10478 .functor BUFT 1, C4<00010000001000101111111111111110>, C4<0>, C4<0>, C4<0>;
v000002011e823250_7 .net v000002011e823250 7, 31 0, L_000002011ec10478; 1 drivers
L_000002011ec104c0 .functor BUFT 1, C4<00001000000000000000000000000000>, C4<0>, C4<0>, C4<0>;
v000002011e823250_8 .net v000002011e823250 8, 31 0, L_000002011ec104c0; 1 drivers
o000002011e7cdc48 .functor BUFZ 32, C4<zzzzzzzzzzzzzzzzzzzzzzzzzzzzzzzz>; HiZ drive
v000002011e823250_9 .net v000002011e823250 9, 31 0, o000002011e7cdc48; 0 drivers
o000002011e7cdc78 .functor BUFZ 32, C4<zzzzzzzzzzzzzzzzzzzzzzzzzzzzzzzz>; HiZ drive
v000002011e823250_10 .net v000002011e823250 10, 31 0, o000002011e7cdc78; 0 drivers
o000002011e7cdca8 .functor BUFZ 32, C4<zzzzzzzzzzzzzzzzzzzzzzzzzzzzzzzz>; HiZ drive
v000002011e823250_11 .net v000002011e823250 11, 31 0, o000002011e7cdca8; 0 drivers
o000002011e7cdcd8 .functor BUFZ 32, C4<zzzzzzzzzzzzzzzzzzzzzzzzzzzzzzzz>; HiZ drive
v000002011e823250_12 .net v000002011e823250 12, 31 0, o000002011e7cdcd8; 0 drivers
o000002011e7cdd08 .functor BUFZ 32, C4<zzzzzzzzzzzzzzzzzzzzzzzzzzzzzzzz>; HiZ drive
v000002011e823250_13 .net v000002011e823250 13, 31 0, o000002011e7cdd08; 0 drivers
o000002011e7cdd38 .functor BUFZ 32, C4<zzzzzzzzzzzzzzzzzzzzzzzzzzzzzzzz>; HiZ drive
v000002011e823250_14 .net v000002011e823250 14, 31 0, o000002011e7cdd38; 0 drivers
o000002011e7cdd68 .functor BUFZ 32, C4<zzzzzzzzzzzzzzzzzzzzzzzzzzzzzzzz>; HiZ drive
v000002011e823250_15 .net v000002011e823250 15, 31 0, o000002011e7cdd68; 0 drivers
o000002011e7cdd98 .functor BUFZ 32, C4<zzzzzzzzzzzzzzzzzzzzzzzzzzzzzzzz>; HiZ drive
v000002011e823250_16 .net v000002011e823250 16, 31 0, o000002011e7cdd98; 0 drivers
o000002011e7cddc8 .functor BUFZ 32, C4<zzzzzzzzzzzzzzzzzzzzzzzzzzzzzzzz>; HiZ drive
v000002011e823250_17 .net v000002011e823250 17, 31 0, o000002011e7cddc8; 0 drivers
o000002011e7cddf8 .functor BUFZ 32, C4<zzzzzzzzzzzzzzzzzzzzzzzzzzzzzzzz>; HiZ drive
v000002011e823250_18 .net v000002011e823250 18, 31 0, o000002011e7cddf8; 0 drivers
o000002011e7cde28 .functor BUFZ 32, C4<zzzzzzzzzzzzzzzzzzzzzzzzzzzzzzzz>; HiZ drive
v000002011e823250_19 .net v000002011e823250 19, 31 0, o000002011e7cde28; 0 drivers
o000002011e7cde58 .functor BUFZ 32, C4<zzzzzzzzzzzzzzzzzzzzzzzzzzzzzzzz>; HiZ drive
v000002011e823250_20 .net v000002011e823250 20, 31 0, o000002011e7cde58; 0 drivers
o000002011e7cde88 .functor BUFZ 32, C4<zzzzzzzzzzzzzzzzzzzzzzzzzzzzzzzz>; HiZ drive
v000002011e823250_21 .net v000002011e823250 21, 31 0, o000002011e7cde88; 0 drivers
o000002011e7cdeb8 .functor BUFZ 32, C4<zzzzzzzzzzzzzzzzzzzzzzzzzzzzzzzz>; HiZ drive
v000002011e823250_22 .net v000002011e823250 22, 31 0, o000002011e7cdeb8; 0 drivers
o000002011e7cdee8 .functor BUFZ 32, C4<zzzzzzzzzzzzzzzzzzzzzzzzzzzzzzzz>; HiZ drive
v000002011e823250_23 .net v000002011e823250 23, 31 0, o000002011e7cdee8; 0 drivers
o000002011e7cdf18 .functor BUFZ 32, C4<zzzzzzzzzzzzzzzzzzzzzzzzzzzzzzzz>; HiZ drive
v000002011e823250_24 .net v000002011e823250 24, 31 0, o000002011e7cdf18; 0 drivers
o000002011e7cdf48 .functor BUFZ 32, C4<zzzzzzzzzzzzzzzzzzzzzzzzzzzzzzzz>; HiZ drive
v000002011e823250_25 .net v000002011e823250 25, 31 0, o000002011e7cdf48; 0 drivers
o000002011e7cdf78 .functor BUFZ 32, C4<zzzzzzzzzzzzzzzzzzzzzzzzzzzzzzzz>; HiZ drive
v000002011e823250_26 .net v000002011e823250 26, 31 0, o000002011e7cdf78; 0 drivers
o000002011e7cdfa8 .functor BUFZ 32, C4<zzzzzzzzzzzzzzzzzzzzzzzzzzzzzzzz>; HiZ drive
v000002011e823250_27 .net v000002011e823250 27, 31 0, o000002011e7cdfa8; 0 drivers
o000002011e7cdfd8 .functor BUFZ 32, C4<zzzzzzzzzzzzzzzzzzzzzzzzzzzzzzzz>; HiZ drive
v000002011e823250_28 .net v000002011e823250 28, 31 0, o000002011e7cdfd8; 0 drivers
o000002011e7ce008 .functor BUFZ 32, C4<zzzzzzzzzzzzzzzzzzzzzzzzzzzzzzzz>; HiZ drive
v000002011e823250_29 .net v000002011e823250 29, 31 0, o000002011e7ce008; 0 drivers
o000002011e7ce038 .functor BUFZ 32, C4<zzzzzzzzzzzzzzzzzzzzzzzzzzzzzzzz>; HiZ drive
v000002011e823250_30 .net v000002011e823250 30, 31 0, o000002011e7ce038; 0 drivers
o000002011e7ce068 .functor BUFZ 32, C4<zzzzzzzzzzzzzzzzzzzzzzzzzzzzzzzz>; HiZ drive
v000002011e823250_31 .net v000002011e823250 31, 31 0, o000002011e7ce068; 0 drivers
v000002011e824830_0 .net *"_ivl_27", 31 0, L_000002011e82a790;  1 drivers
v000002011e8245b0_0 .net *"_ivl_30", 4 0, L_000002011e82a150;  1 drivers
v000002011e824290_0 .net *"_ivl_31", 6 0, L_000002011e82b870;  1 drivers
L_000002011ec10508 .functor BUFT 1, C4<00>, C4<0>, C4<0>, C4<0>;
v000002011e824330_0 .net *"_ivl_34", 1 0, L_000002011ec10508;  1 drivers
v000002011e8240b0_0 .net "addr", 31 0, v000002011e8237f0_0;  alias, 1 drivers
v000002011e824150_0 .net "instr", 31 0, L_000002011e7c1e90;  alias, 1 drivers
L_000002011e82a790 .array/port v000002011e823250, L_000002011e82b870;
L_000002011e82a150 .part v000002011e8237f0_0, 2, 5;
L_000002011e82b870 .concat [ 5 2 0 0], L_000002011e82a150, L_000002011ec10508;
S_000002011e78dd50 .scope module, "MT3" "MUXTWO" 2 34, 10 1 0, S_000002011e7ccd60;
 .timescale 0 0;
    .port_info 0 /INPUT 32 "I0";
    .port_info 1 /INPUT 32 "I1";
    .port_info 2 /INPUT 1 "ctrl";
    .port_info 3 /OUTPUT 32 "out";
P_000002011e7b50e0 .param/l "width" 0 10 5, +C4<00000000000000000000000000100000>;
v000002011e8239d0_0 .net "I0", 31 0, v000002011e7c44b0_0;  alias, 1 drivers
v000002011e824470_0 .net "I1", 31 0, o000002011e7ce1e8;  alias, 0 drivers
v000002011e824dd0_0 .net "ctrl", 0 0, v000002011e7c4690_0;  alias, 1 drivers
v000002011e8243d0_0 .var "out", 31 0;
E_000002011e7b41e0 .event anyedge, v000002011e7c4690_0, v000002011e824470_0, v000002011e7c44b0_0;
S_000002011e78b3e0 .scope module, "MT4" "MUXTWO" 2 35, 10 1 0, S_000002011e7ccd60;
 .timescale 0 0;
    .port_info 0 /INPUT 32 "I0";
    .port_info 1 /INPUT 32 "I1";
    .port_info 2 /INPUT 1 "ctrl";
    .port_info 3 /OUTPUT 32 "out";
P_000002011e7b42e0 .param/l "width" 0 10 5, +C4<00000000000000000000000000100000>;
v000002011e823b10_0 .net "I0", 31 0, L_000002011e82b370;  alias, 1 drivers
v000002011e8236b0_0 .net "I1", 31 0, L_000002011e82bd70;  alias, 1 drivers
v000002011e823890_0 .net "ctrl", 0 0, L_000002011e7c1db0;  alias, 1 drivers
v000002011e823430_0 .var "out", 31 0;
E_000002011e7b4ba0 .event anyedge, v000002011e7c36f0_0, v000002011e7c4370_0, v000002011e7c3b50_0;
S_000002011e78b570 .scope module, "MT5" "MUXTWO" 2 36, 10 1 0, S_000002011e7ccd60;
 .timescale 0 0;
    .port_info 0 /INPUT 32 "I0";
    .port_info 1 /INPUT 32 "I1";
    .port_info 2 /INPUT 1 "ctrl";
    .port_info 3 /OUTPUT 32 "out";
P_000002011e7b5460 .param/l "width" 0 10 5, +C4<00000000000000000000000000100000>;
v000002011e823750_0 .net "I0", 31 0, v000002011e823430_0;  alias, 1 drivers
v000002011e824e70_0 .net "I1", 31 0, L_000002011e82a1f0;  alias, 1 drivers
v000002011e824f10_0 .net "ctrl", 0 0, v000002011e7c45f0_0;  alias, 1 drivers
v000002011e823f70_0 .var "out", 31 0;
E_000002011e7b60a0 .event anyedge, v000002011e7c45f0_0, v000002011e824e70_0, v000002011e823430_0;
S_000002011e787c40 .scope module, "Mt1" "MUXTWO" 2 32, 10 1 0, S_000002011e7ccd60;
 .timescale 0 0;
    .port_info 0 /INPUT 32 "I0";
    .port_info 1 /INPUT 32 "I1";
    .port_info 2 /INPUT 1 "ctrl";
    .port_info 3 /OUTPUT 32 "out";
P_000002011e7b5760 .param/l "width" 0 10 5, +C4<00000000000000000000000000100000>;
v000002011e8232f0_0 .net "I0", 31 0, L_000002011e82a6f0;  1 drivers
v000002011e8246f0_0 .net "I1", 31 0, L_000002011e82b2d0;  1 drivers
v000002011e823bb0_0 .net "ctrl", 0 0, v000002011e7c3790_0;  alias, 1 drivers
v000002011e824a10_0 .var "out", 31 0;
E_000002011e7b5160 .event anyedge, v000002011e7c3790_0, v000002011e8246f0_0, v000002011e8232f0_0;
S_000002011e787dd0 .scope module, "Mt2" "MUXTWO" 2 33, 10 1 0, S_000002011e7ccd60;
 .timescale 0 0;
    .port_info 0 /INPUT 32 "I0";
    .port_info 1 /INPUT 32 "I1";
    .port_info 2 /INPUT 1 "ctrl";
    .port_info 3 /OUTPUT 32 "out";
P_000002011e7b54a0 .param/l "width" 0 10 5, +C4<00000000000000000000000000100000>;
v000002011e824510_0 .net "I0", 31 0, v000002011e824bf0_0;  alias, 1 drivers
v000002011e823c50_0 .net "I1", 31 0, L_000002011e82b910;  alias, 1 drivers
v000002011e823110_0 .net "ctrl", 0 0, v000002011e7c3970_0;  alias, 1 drivers
v000002011e823570_0 .var "out", 31 0;
E_000002011e7b5660 .event anyedge, v000002011e7c3970_0, v000002011e823c50_0, v000002011e823390_0;
S_000002011e783c70 .scope module, "Pc" "PC" 2 28, 11 1 0, S_000002011e7ccd60;
 .timescale 0 0;
    .port_info 0 /INPUT 1 "Clock";
    .port_info 1 /INPUT 1 "Reset";
    .port_info 2 /INPUT 32 "Address_in";
    .port_info 3 /OUTPUT 32 "Pc_reg";
v000002011e823610_0 .net "Address_in", 31 0, v000002011e823f70_0;  alias, 1 drivers
v000002011e823930_0 .net "Clock", 0 0, v000002011e82aa10_0;  alias, 1 drivers
v000002011e8237f0_0 .var "Pc_reg", 31 0;
v000002011e824650_0 .net "Reset", 0 0, v000002011e82beb0_0;  alias, 1 drivers
E_000002011e7b5e60 .event posedge, v000002011e824650_0, v000002011e824d30_0;
S_000002011e827540 .scope module, "Rf" "RF" 2 52, 12 1 0, S_000002011e7ccd60;
 .timescale 0 0;
    .port_info 0 /INPUT 32 "wd";
    .port_info 1 /INPUT 5 "rr1";
    .port_info 2 /INPUT 5 "rr2";
    .port_info 3 /INPUT 5 "wr";
    .port_info 4 /OUTPUT 32 "rd1";
    .port_info 5 /OUTPUT 32 "rd2";
    .port_info 6 /INPUT 1 "clk";
    .port_info 7 /INPUT 1 "regwr";
v000002011e824970_0 .array/port v000002011e824970, 0;
L_000002011e7c1d40 .functor BUFZ 32, v000002011e824970_0, C4<00000000000000000000000000000000>, C4<00000000000000000000000000000000>, C4<00000000000000000000000000000000>;
v000002011e824970_1 .array/port v000002011e824970, 1;
L_000002011e7c2210 .functor BUFZ 32, v000002011e824970_1, C4<00000000000000000000000000000000>, C4<00000000000000000000000000000000>, C4<00000000000000000000000000000000>;
v000002011e824970_2 .array/port v000002011e824970, 2;
L_000002011e7c2520 .functor BUFZ 32, v000002011e824970_2, C4<00000000000000000000000000000000>, C4<00000000000000000000000000000000>, C4<00000000000000000000000000000000>;
v000002011e824970_3 .array/port v000002011e824970, 3;
L_000002011e7c24b0 .functor BUFZ 32, v000002011e824970_3, C4<00000000000000000000000000000000>, C4<00000000000000000000000000000000>, C4<00000000000000000000000000000000>;
v000002011e823cf0_0 .var "RD1", 31 0;
v000002011e8248d0_0 .var "RD2", 31 0;
v000002011e824970 .array "RFReg", 0 31, 31 0;
v000002011e823d90_0 .net "clk", 0 0, v000002011e82aa10_0;  alias, 1 drivers
v000002011e824ab0_0 .var "i", 4 0;
v000002011e824b50_0 .var "rd1", 31 0;
v000002011e824bf0_0 .var "rd2", 31 0;
v000002011e824c90_0 .net "regwr", 0 0, v000002011e7c2bb0_0;  alias, 1 drivers
v000002011e823070_0 .net "rr1", 4 0, L_000002011e82a510;  1 drivers
v000002011e823e30_0 .net "rr2", 4 0, L_000002011e82b230;  1 drivers
v000002011e823ed0_0 .net "show0", 31 0, L_000002011e7c1d40;  1 drivers
v000002011e824010_0 .net "show1", 31 0, L_000002011e7c2210;  1 drivers
v000002011e828c80_0 .net "show2", 31 0, L_000002011e7c2520;  1 drivers
v000002011e8292c0_0 .net "show3", 31 0, L_000002011e7c24b0;  1 drivers
v000002011e829540_0 .net "wd", 31 0, v000002011e8243d0_0;  alias, 1 drivers
v000002011e828a00_0 .net "wr", 4 0, L_000002011e82ba50;  alias, 1 drivers
E_000002011e7b5d20/0 .event anyedge, v000002011e823e30_0, v000002011e823070_0;
E_000002011e7b5d20/1 .event posedge, v000002011e824d30_0;
E_000002011e7b5d20 .event/or E_000002011e7b5d20/0, E_000002011e7b5d20/1;
S_000002011e827ea0 .scope module, "SHl22" "SHL2" 2 39, 13 1 0, S_000002011e7ccd60;
 .timescale 0 0;
    .port_info 0 /INPUT 32 "src";
    .port_info 1 /OUTPUT 32 "dst";
P_000002011e7b5a60 .param/l "s2" 0 13 4, C4<00>;
v000002011e829900_0 .net *"_ivl_1", 29 0, L_000002011e82b0f0;  1 drivers
L_000002011ec101a8 .functor BUFT 1, C4<00>, C4<0>, C4<0>, C4<0>;
v000002011e8295e0_0 .net/2u *"_ivl_2", 1 0, L_000002011ec101a8;  1 drivers
v000002011e829680_0 .net "dst", 31 0, L_000002011e82b5f0;  alias, 1 drivers
v000002011e828dc0_0 .net "src", 31 0, L_000002011e82b910;  alias, 1 drivers
L_000002011e82b0f0 .part L_000002011e82b910, 0, 30;
L_000002011e82b5f0 .concat [ 2 30 0 0], L_000002011ec101a8, L_000002011e82b0f0;
S_000002011e827d10 .scope module, "Shl21" "SHL2" 2 38, 13 1 0, S_000002011e7ccd60;
 .timescale 0 0;
    .port_info 0 /INPUT 32 "src";
    .port_info 1 /OUTPUT 32 "dst";
P_000002011e7b5fa0 .param/l "s2" 0 13 4, C4<00>;
v000002011e828820_0 .net *"_ivl_1", 29 0, L_000002011e82b9b0;  1 drivers
L_000002011ec10118 .functor BUFT 1, C4<00>, C4<0>, C4<0>, C4<0>;
v000002011e8288c0_0 .net/2u *"_ivl_2", 1 0, L_000002011ec10118;  1 drivers
v000002011e8281e0_0 .net "dst", 31 0, L_000002011e82ac90;  1 drivers
v000002011e8286e0_0 .net "src", 31 0, L_000002011e82abf0;  1 drivers
L_000002011e82b9b0 .part L_000002011e82abf0, 0, 30;
L_000002011e82ac90 .concat [ 2 30 0 0], L_000002011ec10118, L_000002011e82b9b0;
S_000002011e827090 .scope module, "Sig1632" "SIG16_32" 2 43, 14 1 0, S_000002011e7ccd60;
 .timescale 0 0;
    .port_info 0 /INPUT 16 "in";
    .port_info 1 /OUTPUT 32 "out";
L_000002011ec101f0 .functor BUFT 1, C4<0000000000000000>, C4<0>, C4<0>, C4<0>;
v000002011e829360_0 .net/2u *"_ivl_0", 15 0, L_000002011ec101f0;  1 drivers
v000002011e829400_0 .net "in", 15 0, L_000002011e82af10;  1 drivers
v000002011e8294a0_0 .net "out", 31 0, L_000002011e82b910;  alias, 1 drivers
L_000002011e82b910 .concat [ 16 16 0 0], L_000002011e82af10, L_000002011ec101f0;
    .scope S_000002011e783c70;
T_0 ;
    %pushi/vec4 0, 0, 32;
    %assign/vec4 v000002011e8237f0_0, 0;
    %end;
    .thread T_0;
    .scope S_000002011e783c70;
T_1 ;
    %wait E_000002011e7b5e60;
    %load/vec4 v000002011e824650_0;
    %flag_set/vec4 8;
    %jmp/0xz  T_1.0, 8;
    %pushi/vec4 0, 0, 32;
    %assign/vec4 v000002011e8237f0_0, 0;
    %jmp T_1.1;
T_1.0 ;
    %load/vec4 v000002011e823610_0;
    %assign/vec4 v000002011e8237f0_0, 0;
T_1.1 ;
    %jmp T_1;
    .thread T_1;
    .scope S_000002011e79ac00;
T_2 ;
    %wait E_000002011e7b49e0;
    %delay 0, 0;
    %load/vec4 v000002011e7c29d0_0;
    %dup/vec4;
    %pushi/vec4 0, 0, 6;
    %cmp/u;
    %jmp/1 T_2.0, 6;
    %dup/vec4;
    %pushi/vec4 35, 0, 6;
    %cmp/u;
    %jmp/1 T_2.1, 6;
    %dup/vec4;
    %pushi/vec4 43, 0, 6;
    %cmp/u;
    %jmp/1 T_2.2, 6;
    %dup/vec4;
    %pushi/vec4 4, 0, 6;
    %cmp/u;
    %jmp/1 T_2.3, 6;
    %dup/vec4;
    %pushi/vec4 2, 0, 6;
    %cmp/u;
    %jmp/1 T_2.4, 6;
    %dup/vec4;
    %pushi/vec4 9, 0, 6;
    %cmp/u;
    %jmp/1 T_2.5, 6;
    %jmp T_2.6;
T_2.0 ;
    %pushi/vec4 770, 0, 10;
    %split/vec4 2;
    %assign/vec4 v000002011e7c3830_0, 0;
    %split/vec4 1;
    %assign/vec4 v000002011e7c45f0_0, 0;
    %split/vec4 1;
    %assign/vec4 v000002011e7c4550_0, 0;
    %split/vec4 1;
    %assign/vec4 v000002011e7c4690_0, 0;
    %split/vec4 1;
    %assign/vec4 v000002011e7c4730_0, 0;
    %split/vec4 1;
    %assign/vec4 v000002011e7c47d0_0, 0;
    %split/vec4 1;
    %assign/vec4 v000002011e7c3970_0, 0;
    %split/vec4 1;
    %assign/vec4 v000002011e7c2bb0_0, 0;
    %assign/vec4 v000002011e7c3790_0, 0;
    %jmp T_2.6;
T_2.1 ;
    %pushi/vec4 464, 0, 10;
    %split/vec4 2;
    %assign/vec4 v000002011e7c3830_0, 0;
    %split/vec4 1;
    %assign/vec4 v000002011e7c45f0_0, 0;
    %split/vec4 1;
    %assign/vec4 v000002011e7c4550_0, 0;
    %split/vec4 1;
    %assign/vec4 v000002011e7c4690_0, 0;
    %split/vec4 1;
    %assign/vec4 v000002011e7c4730_0, 0;
    %split/vec4 1;
    %assign/vec4 v000002011e7c47d0_0, 0;
    %split/vec4 1;
    %assign/vec4 v000002011e7c3970_0, 0;
    %split/vec4 1;
    %assign/vec4 v000002011e7c2bb0_0, 0;
    %assign/vec4 v000002011e7c3790_0, 0;
    %jmp T_2.6;
T_2.2 ;
    %pushi/vec4 688, 528, 10;
    %split/vec4 2;
    %assign/vec4 v000002011e7c3830_0, 0;
    %split/vec4 1;
    %assign/vec4 v000002011e7c45f0_0, 0;
    %split/vec4 1;
    %assign/vec4 v000002011e7c4550_0, 0;
    %split/vec4 1;
    %assign/vec4 v000002011e7c4690_0, 0;
    %split/vec4 1;
    %assign/vec4 v000002011e7c4730_0, 0;
    %split/vec4 1;
    %assign/vec4 v000002011e7c47d0_0, 0;
    %split/vec4 1;
    %assign/vec4 v000002011e7c3970_0, 0;
    %split/vec4 1;
    %assign/vec4 v000002011e7c2bb0_0, 0;
    %assign/vec4 v000002011e7c3790_0, 0;
    %jmp T_2.6;
T_2.3 ;
    %pushi/vec4 537, 528, 10;
    %split/vec4 2;
    %assign/vec4 v000002011e7c3830_0, 0;
    %split/vec4 1;
    %assign/vec4 v000002011e7c45f0_0, 0;
    %split/vec4 1;
    %assign/vec4 v000002011e7c4550_0, 0;
    %split/vec4 1;
    %assign/vec4 v000002011e7c4690_0, 0;
    %split/vec4 1;
    %assign/vec4 v000002011e7c4730_0, 0;
    %split/vec4 1;
    %assign/vec4 v000002011e7c47d0_0, 0;
    %split/vec4 1;
    %assign/vec4 v000002011e7c3970_0, 0;
    %split/vec4 1;
    %assign/vec4 v000002011e7c2bb0_0, 0;
    %assign/vec4 v000002011e7c3790_0, 0;
    %jmp T_2.6;
T_2.4 ;
    %pushi/vec4 663, 659, 10;
    %split/vec4 2;
    %assign/vec4 v000002011e7c3830_0, 0;
    %split/vec4 1;
    %assign/vec4 v000002011e7c45f0_0, 0;
    %split/vec4 1;
    %assign/vec4 v000002011e7c4550_0, 0;
    %split/vec4 1;
    %assign/vec4 v000002011e7c4690_0, 0;
    %split/vec4 1;
    %assign/vec4 v000002011e7c4730_0, 0;
    %split/vec4 1;
    %assign/vec4 v000002011e7c47d0_0, 0;
    %split/vec4 1;
    %assign/vec4 v000002011e7c3970_0, 0;
    %split/vec4 1;
    %assign/vec4 v000002011e7c2bb0_0, 0;
    %assign/vec4 v000002011e7c3790_0, 0;
    %jmp T_2.6;
T_2.5 ;
    %pushi/vec4 384, 0, 10;
    %split/vec4 2;
    %assign/vec4 v000002011e7c3830_0, 0;
    %split/vec4 1;
    %assign/vec4 v000002011e7c45f0_0, 0;
    %split/vec4 1;
    %assign/vec4 v000002011e7c4550_0, 0;
    %split/vec4 1;
    %assign/vec4 v000002011e7c4690_0, 0;
    %split/vec4 1;
    %assign/vec4 v000002011e7c4730_0, 0;
    %split/vec4 1;
    %assign/vec4 v000002011e7c47d0_0, 0;
    %split/vec4 1;
    %assign/vec4 v000002011e7c3970_0, 0;
    %split/vec4 1;
    %assign/vec4 v000002011e7c2bb0_0, 0;
    %assign/vec4 v000002011e7c3790_0, 0;
    %jmp T_2.6;
T_2.6 ;
    %pop/vec4 1;
    %jmp T_2;
    .thread T_2, $push;
    .scope S_000002011e79b940;
T_3 ;
    %wait E_000002011e7b45a0;
    %load/vec4 v000002011e7c4050_0;
    %dup/vec4;
    %pushi/vec4 0, 0, 2;
    %cmp/x;
    %jmp/1 T_3.0, 4;
    %dup/vec4;
    %pushi/vec4 1, 0, 2;
    %cmp/x;
    %jmp/1 T_3.1, 4;
    %dup/vec4;
    %pushi/vec4 3, 1, 2;
    %cmp/x;
    %jmp/1 T_3.2, 4;
    %jmp T_3.3;
T_3.0 ;
    %pushi/vec4 4, 0, 3;
    %assign/vec4 v000002011e7c4190_0, 0;
    %jmp T_3.3;
T_3.1 ;
    %pushi/vec4 6, 0, 3;
    %assign/vec4 v000002011e7c4190_0, 0;
    %jmp T_3.3;
T_3.2 ;
    %load/vec4 v000002011e7c3bf0_0;
    %dup/vec4;
    %pushi/vec4 32, 0, 6;
    %cmp/u;
    %jmp/1 T_3.4, 6;
    %dup/vec4;
    %pushi/vec4 33, 0, 6;
    %cmp/u;
    %jmp/1 T_3.5, 6;
    %dup/vec4;
    %pushi/vec4 34, 0, 6;
    %cmp/u;
    %jmp/1 T_3.6, 6;
    %dup/vec4;
    %pushi/vec4 36, 0, 6;
    %cmp/u;
    %jmp/1 T_3.7, 6;
    %dup/vec4;
    %pushi/vec4 37, 0, 6;
    %cmp/u;
    %jmp/1 T_3.8, 6;
    %dup/vec4;
    %pushi/vec4 42, 0, 6;
    %cmp/u;
    %jmp/1 T_3.9, 6;
    %jmp T_3.10;
T_3.4 ;
    %pushi/vec4 4, 0, 3;
    %assign/vec4 v000002011e7c4190_0, 0;
    %jmp T_3.10;
T_3.5 ;
    %pushi/vec4 5, 0, 3;
    %assign/vec4 v000002011e7c4190_0, 0;
    %jmp T_3.10;
T_3.6 ;
    %pushi/vec4 6, 0, 3;
    %assign/vec4 v000002011e7c4190_0, 0;
    %jmp T_3.10;
T_3.7 ;
    %pushi/vec4 0, 0, 3;
    %assign/vec4 v000002011e7c4190_0, 0;
    %jmp T_3.10;
T_3.8 ;
    %pushi/vec4 1, 0, 3;
    %assign/vec4 v000002011e7c4190_0, 0;
    %jmp T_3.10;
T_3.9 ;
    %pushi/vec4 3, 0, 3;
    %assign/vec4 v000002011e7c4190_0, 0;
    %jmp T_3.10;
T_3.10 ;
    %pop/vec4 1;
    %jmp T_3.3;
T_3.3 ;
    %pop/vec4 1;
    %jmp T_3;
    .thread T_3, $push;
    .scope S_000002011e787c40;
T_4 ;
    %wait E_000002011e7b5160;
    %load/vec4 v000002011e823bb0_0;
    %pad/u 32;
    %cmpi/e 0, 0, 32;
    %jmp/0xz  T_4.0, 4;
    %load/vec4 v000002011e8232f0_0;
    %store/vec4 v000002011e824a10_0, 0, 32;
    %jmp T_4.1;
T_4.0 ;
    %load/vec4 v000002011e8246f0_0;
    %store/vec4 v000002011e824a10_0, 0, 32;
T_4.1 ;
    %jmp T_4;
    .thread T_4, $push;
    .scope S_000002011e787dd0;
T_5 ;
    %wait E_000002011e7b5660;
    %load/vec4 v000002011e823110_0;
    %pad/u 32;
    %cmpi/e 0, 0, 32;
    %jmp/0xz  T_5.0, 4;
    %load/vec4 v000002011e824510_0;
    %store/vec4 v000002011e823570_0, 0, 32;
    %jmp T_5.1;
T_5.0 ;
    %load/vec4 v000002011e823c50_0;
    %store/vec4 v000002011e823570_0, 0, 32;
T_5.1 ;
    %jmp T_5;
    .thread T_5, $push;
    .scope S_000002011e78dd50;
T_6 ;
    %wait E_000002011e7b41e0;
    %load/vec4 v000002011e824dd0_0;
    %pad/u 32;
    %cmpi/e 0, 0, 32;
    %jmp/0xz  T_6.0, 4;
    %load/vec4 v000002011e8239d0_0;
    %store/vec4 v000002011e8243d0_0, 0, 32;
    %jmp T_6.1;
T_6.0 ;
    %load/vec4 v000002011e824470_0;
    %store/vec4 v000002011e8243d0_0, 0, 32;
T_6.1 ;
    %jmp T_6;
    .thread T_6, $push;
    .scope S_000002011e78b3e0;
T_7 ;
    %wait E_000002011e7b4ba0;
    %load/vec4 v000002011e823890_0;
    %pad/u 32;
    %cmpi/e 0, 0, 32;
    %jmp/0xz  T_7.0, 4;
    %load/vec4 v000002011e823b10_0;
    %store/vec4 v000002011e823430_0, 0, 32;
    %jmp T_7.1;
T_7.0 ;
    %load/vec4 v000002011e8236b0_0;
    %store/vec4 v000002011e823430_0, 0, 32;
T_7.1 ;
    %jmp T_7;
    .thread T_7, $push;
    .scope S_000002011e78b570;
T_8 ;
    %wait E_000002011e7b60a0;
    %load/vec4 v000002011e824f10_0;
    %pad/u 32;
    %cmpi/e 0, 0, 32;
    %jmp/0xz  T_8.0, 4;
    %load/vec4 v000002011e823750_0;
    %store/vec4 v000002011e823f70_0, 0, 32;
    %jmp T_8.1;
T_8.0 ;
    %load/vec4 v000002011e824e70_0;
    %store/vec4 v000002011e823f70_0, 0, 32;
T_8.1 ;
    %jmp T_8;
    .thread T_8, $push;
    .scope S_000002011e79b7b0;
T_9 ;
    %wait E_000002011e7b5020;
    %load/vec4 v000002011e7c35b0_0;
    %dup/vec4;
    %pushi/vec4 0, 0, 3;
    %cmp/u;
    %jmp/1 T_9.0, 6;
    %dup/vec4;
    %pushi/vec4 1, 0, 3;
    %cmp/u;
    %jmp/1 T_9.1, 6;
    %dup/vec4;
    %pushi/vec4 4, 0, 3;
    %cmp/u;
    %jmp/1 T_9.2, 6;
    %dup/vec4;
    %pushi/vec4 6, 0, 3;
    %cmp/u;
    %jmp/1 T_9.3, 6;
    %dup/vec4;
    %pushi/vec4 3, 0, 3;
    %cmp/u;
    %jmp/1 T_9.4, 6;
    %load/vec4 v000002011e7c3510_0;
    %inv;
    %store/vec4 v000002011e7c44b0_0, 0, 32;
    %jmp T_9.6;
T_9.0 ;
    %load/vec4 v000002011e7c3510_0;
    %load/vec4 v000002011e7c31f0_0;
    %and;
    %store/vec4 v000002011e7c44b0_0, 0, 32;
    %jmp T_9.6;
T_9.1 ;
    %load/vec4 v000002011e7c3510_0;
    %load/vec4 v000002011e7c31f0_0;
    %or;
    %store/vec4 v000002011e7c44b0_0, 0, 32;
    %jmp T_9.6;
T_9.2 ;
    %load/vec4 v000002011e7c3510_0;
    %load/vec4 v000002011e7c31f0_0;
    %add;
    %store/vec4 v000002011e7c44b0_0, 0, 32;
    %jmp T_9.6;
T_9.3 ;
    %load/vec4 v000002011e7c3510_0;
    %load/vec4 v000002011e7c31f0_0;
    %sub;
    %store/vec4 v000002011e7c44b0_0, 0, 32;
    %jmp T_9.6;
T_9.4 ;
    %load/vec4 v000002011e7c3510_0;
    %load/vec4 v000002011e7c31f0_0;
    %cmp/u;
    %jmp/0xz  T_9.7, 5;
    %pushi/vec4 1, 0, 32;
    %store/vec4 v000002011e7c44b0_0, 0, 32;
    %jmp T_9.8;
T_9.7 ;
    %pushi/vec4 0, 0, 32;
    %store/vec4 v000002011e7c44b0_0, 0, 32;
T_9.8 ;
    %jmp T_9.6;
T_9.6 ;
    %pop/vec4 1;
    %load/vec4 v000002011e7c44b0_0;
    %cmpi/e 0, 0, 32;
    %jmp/0xz  T_9.9, 4;
    %pushi/vec4 1, 0, 2;
    %store/vec4 v000002011e7c3f10_0, 0, 2;
    %jmp T_9.10;
T_9.9 ;
    %pushi/vec4 0, 0, 2;
    %store/vec4 v000002011e7c3f10_0, 0, 2;
T_9.10 ;
    %jmp T_9;
    .thread T_9, $push;
    .scope S_000002011e792c30;
T_10 ;
    %fork t_1, S_000002011e792dc0;
    %jmp t_0;
    .scope S_000002011e792dc0;
t_1 ;
    %pushi/vec4 0, 0, 32;
    %store/vec4 v000002011e7c2c50_0, 0, 32;
T_10.0 ;
    %load/vec4 v000002011e7c2c50_0;
    %cmpi/s 32, 0, 32;
    %jmp/0xz T_10.1, 5;
    %pushi/vec4 0, 0, 32;
    %ix/getv/s 4, v000002011e7c2c50_0;
    %store/vec4a v000002011e8241f0, 4, 0;
    %load/vec4 v000002011e7c2c50_0;
    %addi 1, 0, 32;
    %store/vec4 v000002011e7c2c50_0, 0, 32;
    %jmp T_10.0;
T_10.1 ;
    %end;
    .scope S_000002011e792c30;
t_0 %join;
    %pushi/vec4 39030, 0, 32;
    %ix/load 4, 1, 0;
    %flag_set/imm 4, 0;
    %store/vec4a v000002011e8241f0, 4, 0;
    %ix/load 4, 1, 0;
    %flag_set/imm 4, 0;
    %load/vec4a v000002011e8241f0, 4;
    %store/vec4 v000002011e8231b0_0, 0, 32;
    %end;
    .thread T_10;
    .scope S_000002011e792c30;
T_11 ;
    %wait E_000002011e7b4a20;
    %load/vec4 v000002011e824790_0;
    %flag_set/vec4 8;
    %jmp/0xz  T_11.0, 8;
    %load/vec4 v000002011e7c2cf0_0;
    %pad/u 7;
    %ix/vec4 4;
    %load/vec4a v000002011e8241f0, 4;
    %store/vec4 v000002011e823a70_0, 0, 32;
T_11.0 ;
    %load/vec4 v000002011e8234d0_0;
    %flag_set/vec4 8;
    %jmp/0xz  T_11.2, 8;
    %load/vec4 v000002011e823390_0;
    %load/vec4 v000002011e7c2cf0_0;
    %pad/u 7;
    %ix/vec4 3;
    %ix/load 4, 0, 0; Constant delay
    %assign/vec4/a/d v000002011e8241f0, 0, 4;
T_11.2 ;
    %jmp T_11;
    .thread T_11;
    .scope S_000002011e827540;
T_12 ;
    %pushi/vec4 0, 0, 5;
    %store/vec4 v000002011e824ab0_0, 0, 5;
T_12.0 ;
    %load/vec4 v000002011e824ab0_0;
    %cmpi/u 16, 0, 5;
    %jmp/0xz T_12.1, 5;
    %pushi/vec4 0, 0, 32;
    %load/vec4 v000002011e824ab0_0;
    %pad/u 7;
    %ix/vec4 4;
    %store/vec4a v000002011e824970, 4, 0;
    %load/vec4 v000002011e824ab0_0;
    %addi 1, 0, 5;
    %store/vec4 v000002011e824ab0_0, 0, 5;
    %jmp T_12.0;
T_12.1 ;
    %pushi/vec4 291, 0, 32;
    %ix/load 4, 2, 0;
    %flag_set/imm 4, 0;
    %store/vec4a v000002011e824970, 4, 0;
    %end;
    .thread T_12;
    .scope S_000002011e827540;
T_13 ;
    %wait E_000002011e7b5d20;
    %load/vec4 v000002011e823070_0;
    %pad/u 7;
    %ix/vec4 4;
    %load/vec4a v000002011e824970, 4;
    %store/vec4 v000002011e823cf0_0, 0, 32;
    %load/vec4 v000002011e823e30_0;
    %pad/u 7;
    %ix/vec4 4;
    %load/vec4a v000002011e824970, 4;
    %store/vec4 v000002011e8248d0_0, 0, 32;
    %load/vec4 v000002011e823cf0_0;
    %store/vec4 v000002011e824b50_0, 0, 32;
    %load/vec4 v000002011e8248d0_0;
    %store/vec4 v000002011e824bf0_0, 0, 32;
    %jmp T_13;
    .thread T_13;
    .scope S_000002011e827540;
T_14 ;
    %wait E_000002011e7b4a20;
    %load/vec4 v000002011e824c90_0;
    %flag_set/vec4 8;
    %jmp/0xz  T_14.0, 8;
    %load/vec4 v000002011e829540_0;
    %load/vec4 v000002011e828a00_0;
    %pad/u 7;
    %ix/vec4 4;
    %store/vec4a v000002011e824970, 4, 0;
T_14.0 ;
    %jmp T_14;
    .thread T_14;
    .scope S_000002011e7cb9f0;
T_15 ;
    %vpi_call 2 62 "$dumpfile", "main_test.vcd" {0 0 0};
    %vpi_call 2 63 "$dumpvars", 32'sb00000000000000000000000000000000, S_000002011e7cb9f0 {0 0 0};
    %pushi/vec4 0, 0, 1;
    %store/vec4 v000002011e82aa10_0, 0, 1;
    %pushi/vec4 1, 0, 1;
    %store/vec4 v000002011e82beb0_0, 0, 1;
    %delay 5, 0;
    %pushi/vec4 1, 0, 1;
    %store/vec4 v000002011e82aa10_0, 0, 1;
    %pushi/vec4 1, 0, 1;
    %store/vec4 v000002011e82beb0_0, 0, 1;
    %delay 5, 0;
    %pushi/vec4 0, 0, 1;
    %store/vec4 v000002011e82beb0_0, 0, 1;
    %pushi/vec4 0, 0, 1;
    %store/vec4 v000002011e82aa10_0, 0, 1;
T_15.0 ;
    %delay 5, 0;
    %load/vec4 v000002011e82aa10_0;
    %inv;
    %store/vec4 v000002011e82aa10_0, 0, 1;
    %jmp T_15.0;
    %end;
    .thread T_15;
# The file index is used to find the file name in the following table.
:file_names 15;
    "N/A";
    "<interactive>";
    "main.v";
    "./ADD.v";
    "./ALU.v";
    "./ALUCU.v";
    "./AND.v";
    "./CU.v";
    "./DM.v";
    "./IM.v";
    "./MUXTWO.v";
    "./PC.v";
    "./RF.v";
    "./SHL2.v";
    "./SIG16_32.v";
