#! /c/Source/iverilog-install/bin/vvp
:ivl_version "12.0 (devel)" "(s20150603-1539-g2693dd32b)";
:ivl_delay_selection "TYPICAL";
:vpi_time_precision + 0;
:vpi_module "D:\APPs\iverilog\lib\ivl\system.vpi";
:vpi_module "D:\APPs\iverilog\lib\ivl\vhdl_sys.vpi";
:vpi_module "D:\APPs\iverilog\lib\ivl\vhdl_textio.vpi";
:vpi_module "D:\APPs\iverilog\lib\ivl\v2005_math.vpi";
:vpi_module "D:\APPs\iverilog\lib\ivl\va_math.vpi";
S_000002de2e264500 .scope module, "ADD" "ADD" 2 1;
 .timescale 0 0;
    .port_info 0 /INPUT 32 "a";
    .port_info 1 /INPUT 32 "b";
    .port_info 2 /OUTPUT 32 "sum";
o000002de2e264868 .functor BUFZ 32, C4<zzzzzzzzzzzzzzzzzzzzzzzzzzzzzzzz>; HiZ drive
v000002de2e256360_0 .net "a", 31 0, o000002de2e264868;  0 drivers
o000002de2e264898 .functor BUFZ 32, C4<zzzzzzzzzzzzzzzzzzzzzzzzzzzzzzzz>; HiZ drive
v000002de2e256040_0 .net "b", 31 0, o000002de2e264898;  0 drivers
v000002de2e2544c0_0 .net "sum", 31 0, L_000002de2e607970;  1 drivers
L_000002de2e607970 .arith/sum 32, o000002de2e264868, o000002de2e264898;
S_000002de2e21b2b0 .scope module, "t" "t" 3 61;
 .timescale 0 0;
v000002de2e608d70_0 .var "clock", 0 0;
S_000002de2e21b440 .scope module, "cpu" "main" 3 64, 3 19 0, S_000002de2e21b2b0;
 .timescale 0 0;
    .port_info 0 /INPUT 1 "Clock";
v000002de2e605fa0_0 .net "ALUOp", 1 0, L_000002de2e6078d0;  1 drivers
v000002de2e605280_0 .net "ALUSrcA", 0 0, L_000002de2e607fb0;  1 drivers
v000002de2e605320_0 .net "ALUSrcB", 1 0, L_000002de2e608550;  1 drivers
v000002de2e6056e0_0 .net "AO", 0 0, L_000002de2e2457e0;  1 drivers
v000002de2e606540_0 .net "AQ", 31 0, v000002de2e254d80_0;  1 drivers
v000002de2e606040_0 .net "Addr", 31 0, v000002de2e5ff6e0_0;  1 drivers
v000002de2e6055a0_0 .net "AluA", 31 0, v000002de2e5fe240_0;  1 drivers
v000002de2e6053c0_0 .net "AluB", 31 0, v000002de2e5ffaa0_0;  1 drivers
v000002de2e605460_0 .net "AluC", 31 0, v000002de2e29c900_0;  1 drivers
v000002de2e606b80_0 .net "AluCtrl", 2 0, v000002de2e29e3e0_0;  1 drivers
v000002de2e606c20_0 .net "AluOut", 31 0, v000002de2e2553c0_0;  1 drivers
v000002de2e606220_0 .net "AluZ", 0 0, v000002de2e29e7a0_0;  1 drivers
v000002de2e605500_0 .net "Bqwd", 31 0, v000002de2e29c9a0_0;  1 drivers
v000002de2e6065e0_0 .net "Clock", 0 0, v000002de2e608d70_0;  1 drivers
v000002de2e605640_0 .net "IRWr", 0 0, L_000002de2e6080f0;  1 drivers
v000002de2e605780_0 .net "Inst", 31 0, v000002de2e29d300_0;  1 drivers
v000002de2e606860_0 .net "IorD", 0 0, L_000002de2e6070b0;  1 drivers
v000002de2e605820_0 .net "MdrQ", 31 0, v000002de2e29d620_0;  1 drivers
v000002de2e606cc0_0 .net "MemRd", 0 0, L_000002de2e607dd0;  1 drivers
v000002de2e605a00_0 .net "MemWr", 0 0, L_000002de2e6071f0;  1 drivers
v000002de2e605aa0_0 .net "MemtoReg", 0 0, L_000002de2e608b90;  1 drivers
v000002de2e6062c0_0 .net "Mux2", 31 0, L_000002de2e6073d0;  1 drivers
v000002de2e606d60_0 .net "MuxB", 31 0, L_000002de2e6075b0;  1 drivers
v000002de2e605b40_0 .net "PCSrc", 1 0, L_000002de2e608cd0;  1 drivers
v000002de2e606680_0 .net "PCWr", 0 0, L_000002de2e607830;  1 drivers
v000002de2e605be0_0 .net "PCWrCond", 0 0, L_000002de2e607290;  1 drivers
v000002de2e605dc0_0 .net "PcD", 31 0, v000002de2e5ffc80_0;  1 drivers
v000002de2e605e60_0 .net "PcQ", 31 0, v000002de2e5fe420_0;  1 drivers
v000002de2e606e00_0 .net "PcW", 0 0, L_000002de2e245850;  1 drivers
v000002de2e606360_0 .net "Rd", 31 0, v000002de2e29ce00_0;  1 drivers
v000002de2e606400_0 .net "Rd1", 31 0, v000002de2e5ff820_0;  1 drivers
v000002de2e6064a0_0 .net "Rd2", 31 0, v000002de2e5fe740_0;  1 drivers
v000002de2e6067c0_0 .net "RegDst", 0 0, L_000002de2e608af0;  1 drivers
v000002de2e606900_0 .net "RegWr", 0 0, L_000002de2e608730;  1 drivers
v000002de2e6069a0_0 .net "ShlOut", 27 0, L_000002de2e608370;  1 drivers
v000002de2e606a40_0 .net "Sig32", 31 0, L_000002de2e607e70;  1 drivers
v000002de2e606ae0_0 .net "WR", 31 0, v000002de2e5fe7e0_0;  1 drivers
v000002de2e6087d0_0 .net "Wd", 31 0, v000002de2e5ffdc0_0;  1 drivers
v000002de2e607f10_0 .net *"_ivl_1", 3 0, L_000002de2e608050;  1 drivers
v000002de2e608eb0_0 .net *"_ivl_15", 25 0, L_000002de2e607470;  1 drivers
L_000002de2e60b3a0 .functor BUFT 1, C4<000000>, C4<0>, C4<0>, C4<0>;
v000002de2e607ab0_0 .net *"_ivl_19", 5 0, L_000002de2e60b3a0;  1 drivers
v000002de2e6076f0_0 .net *"_ivl_24", 4 0, L_000002de2e607650;  1 drivers
L_000002de2e60b430 .functor BUFT 1, C4<000000000000000000000000000>, C4<0>, C4<0>, C4<0>;
v000002de2e607150_0 .net *"_ivl_28", 26 0, L_000002de2e60b430;  1 drivers
v000002de2e608e10_0 .net *"_ivl_31", 4 0, L_000002de2e607bf0;  1 drivers
L_000002de2e60b478 .functor BUFT 1, C4<000000000000000000000000000>, C4<0>, C4<0>, C4<0>;
v000002de2e608f50_0 .net *"_ivl_35", 26 0, L_000002de2e60b478;  1 drivers
L_000002de2e608050 .part v000002de2e5fe420_0, 28, 4;
L_000002de2e6073d0 .concat [ 28 4 0 0], L_000002de2e608370, L_000002de2e608050;
L_000002de2e607c90 .part v000002de2e29d300_0, 21, 5;
L_000002de2e608a50 .part v000002de2e29d300_0, 16, 5;
L_000002de2e607d30 .part v000002de2e5fe7e0_0, 0, 5;
L_000002de2e607790 .part v000002de2e29d300_0, 0, 6;
L_000002de2e608c30 .part v000002de2e29d300_0, 26, 6;
L_000002de2e607470 .part v000002de2e29d300_0, 0, 26;
L_000002de2e608230 .concat [ 26 6 0 0], L_000002de2e607470, L_000002de2e60b3a0;
L_000002de2e608370 .part L_000002de2e608410, 0, 28;
L_000002de2e607650 .part v000002de2e29d300_0, 16, 5;
L_000002de2e607b50 .concat [ 5 27 0 0], L_000002de2e607650, L_000002de2e60b430;
L_000002de2e607bf0 .part v000002de2e29d300_0, 11, 5;
L_000002de2e608870 .concat [ 5 27 0 0], L_000002de2e607bf0, L_000002de2e60b478;
L_000002de2e608190 .part v000002de2e29d300_0, 0, 16;
S_000002de2e21aa20 .scope module, "A" "TSR" 3 50, 4 1 0, S_000002de2e21b440;
 .timescale 0 0;
    .port_info 0 /INPUT 1 "clk";
    .port_info 1 /INPUT 32 "D";
    .port_info 2 /OUTPUT 32 "Q";
P_000002de2e258540 .param/l "data_width" 0 4 2, +C4<00000000000000000000000000100000>;
v000002de2e2546a0_0 .net "D", 31 0, v000002de2e5ff820_0;  alias, 1 drivers
v000002de2e254d80_0 .var "Q", 31 0;
v000002de2e255000_0 .net "clk", 0 0, v000002de2e608d70_0;  alias, 1 drivers
E_000002de2e258800 .event posedge, v000002de2e255000_0;
S_000002de2e21abb0 .scope module, "ALUOut" "TSR" 3 53, 4 1 0, S_000002de2e21b440;
 .timescale 0 0;
    .port_info 0 /INPUT 1 "clk";
    .port_info 1 /INPUT 32 "D";
    .port_info 2 /OUTPUT 32 "Q";
P_000002de2e258bc0 .param/l "data_width" 0 4 2, +C4<00000000000000000000000000100000>;
v000002de2e255280_0 .net "D", 31 0, v000002de2e29c900_0;  alias, 1 drivers
v000002de2e2553c0_0 .var "Q", 31 0;
v000002de2e255640_0 .net "clk", 0 0, v000002de2e608d70_0;  alias, 1 drivers
S_000002de2e216470 .scope module, "Alu" "ALU" 3 37, 5 1 0, S_000002de2e21b440;
 .timescale 0 0;
    .port_info 0 /INPUT 32 "a";
    .port_info 1 /INPUT 32 "b";
    .port_info 2 /INPUT 3 "ctrl";
    .port_info 3 /OUTPUT 32 "out";
    .port_info 4 /OUTPUT 1 "zero";
P_000002de2e258280 .param/l "width" 0 5 6, +C4<00000000000000000000000000100000>;
v000002de2e2556e0_0 .net "a", 31 0, v000002de2e5fe240_0;  alias, 1 drivers
v000002de2e255780_0 .net "b", 31 0, v000002de2e5ffaa0_0;  alias, 1 drivers
v000002de2e29d580_0 .net "ctrl", 2 0, v000002de2e29e3e0_0;  alias, 1 drivers
v000002de2e29c900_0 .var "out", 31 0;
v000002de2e29e7a0_0 .var "zero", 0 0;
E_000002de2e258340 .event anyedge, v000002de2e29d580_0, v000002de2e255780_0, v000002de2e2556e0_0;
S_000002de2e216600 .scope module, "Alucu" "ALUCU" 3 38, 6 1 0, S_000002de2e21b440;
 .timescale 0 0;
    .port_info 0 /INPUT 6 "inst";
    .port_info 1 /INPUT 2 "aluop";
    .port_info 2 /OUTPUT 3 "ctrl";
v000002de2e29e340_0 .net "aluop", 1 0, L_000002de2e6078d0;  alias, 1 drivers
v000002de2e29e3e0_0 .var "ctrl", 2 0;
v000002de2e29db20_0 .net "inst", 5 0, L_000002de2e607790;  1 drivers
E_000002de2e258400 .event anyedge, v000002de2e29e340_0, v000002de2e29db20_0;
S_000002de2e2116b0 .scope module, "And" "AND" 3 55, 7 1 0, S_000002de2e21b440;
 .timescale 0 0;
    .port_info 0 /INPUT 1 "br";
    .port_info 1 /INPUT 1 "aluz";
    .port_info 2 /OUTPUT 1 "mc";
L_000002de2e2457e0 .functor AND 1, L_000002de2e607290, v000002de2e29e7a0_0, C4<1>, C4<1>;
v000002de2e29d6c0_0 .net "aluz", 0 0, v000002de2e29e7a0_0;  alias, 1 drivers
v000002de2e29dd00_0 .net "br", 0 0, L_000002de2e607290;  alias, 1 drivers
v000002de2e29e160_0 .net "mc", 0 0, L_000002de2e2457e0;  alias, 1 drivers
S_000002de2e211840 .scope module, "B" "TSR" 3 51, 4 1 0, S_000002de2e21b440;
 .timescale 0 0;
    .port_info 0 /INPUT 1 "clk";
    .port_info 1 /INPUT 32 "D";
    .port_info 2 /OUTPUT 32 "Q";
P_000002de2e258440 .param/l "data_width" 0 4 2, +C4<00000000000000000000000000100000>;
v000002de2e29dda0_0 .net "D", 31 0, v000002de2e5fe740_0;  alias, 1 drivers
v000002de2e29c9a0_0 .var "Q", 31 0;
v000002de2e29e480_0 .net "clk", 0 0, v000002de2e608d70_0;  alias, 1 drivers
S_000002de2e210220 .scope module, "Cu" "CU" 3 39, 8 68 0, S_000002de2e21b440;
 .timescale 0 0;
    .port_info 0 /INPUT 1 "clock";
    .port_info 1 /OUTPUT 1 "regwr";
    .port_info 2 /OUTPUT 1 "memrd";
    .port_info 3 /OUTPUT 1 "memwr";
    .port_info 4 /OUTPUT 1 "regdst";
    .port_info 5 /OUTPUT 1 "memtoreg";
    .port_info 6 /OUTPUT 1 "irwr";
    .port_info 7 /OUTPUT 1 "iord";
    .port_info 8 /OUTPUT 1 "pcwr";
    .port_info 9 /OUTPUT 1 "pcwrcond";
    .port_info 10 /OUTPUT 1 "alusrca";
    .port_info 11 /OUTPUT 2 "pcsrc";
    .port_info 12 /OUTPUT 2 "aluop";
    .port_info 13 /OUTPUT 2 "alusrcb";
    .port_info 14 /INPUT 6 "opcode";
P_000002de2e257d40 .param/l "Tilen" 0 8 69, +C4<00000000000000000000000000010100>;
v000002de2e29d440_0 .net "Ir", 19 0, v000002de2e29cae0_0;  1 drivers
v000002de2e29de40_0 .net "Opt", 3 0, L_000002de2e607a10;  1 drivers
v000002de2e29e5c0_0 .net "addr", 3 0, v000002de2e29e200_0;  1 drivers
v000002de2e29e2a0_0 .net "aluop", 1 0, L_000002de2e6078d0;  alias, 1 drivers
v000002de2e29e0c0_0 .net "alusrca", 0 0, L_000002de2e607fb0;  alias, 1 drivers
v000002de2e29e660_0 .net "alusrcb", 1 0, L_000002de2e608550;  alias, 1 drivers
v000002de2e29d940_0 .net "clock", 0 0, v000002de2e608d70_0;  alias, 1 drivers
v000002de2e29d080_0 .net "iord", 0 0, L_000002de2e6070b0;  alias, 1 drivers
v000002de2e29d9e0_0 .net "irwr", 0 0, L_000002de2e6080f0;  alias, 1 drivers
v000002de2e29d8a0_0 .net "memrd", 0 0, L_000002de2e607dd0;  alias, 1 drivers
v000002de2e29d800_0 .net "memtoreg", 0 0, L_000002de2e608b90;  alias, 1 drivers
v000002de2e29cea0_0 .net "memwr", 0 0, L_000002de2e6071f0;  alias, 1 drivers
v000002de2e29dbc0_0 .net "opcode", 5 0, L_000002de2e608c30;  1 drivers
v000002de2e29e700_0 .net "pcsrc", 1 0, L_000002de2e608cd0;  alias, 1 drivers
v000002de2e29cc20_0 .net "pcwr", 0 0, L_000002de2e607830;  alias, 1 drivers
v000002de2e29dc60_0 .net "pcwrcond", 0 0, L_000002de2e607290;  alias, 1 drivers
v000002de2e29d760_0 .net "regdst", 0 0, L_000002de2e608af0;  alias, 1 drivers
v000002de2e29dee0_0 .net "regwr", 0 0, L_000002de2e608730;  alias, 1 drivers
v000002de2e29ccc0_0 .var "reset", 0 0;
v000002de2e29df80_0 .var "uIR", 19 0;
L_000002de2e608730 .part v000002de2e29df80_0, 19, 1;
L_000002de2e607dd0 .part v000002de2e29df80_0, 18, 1;
L_000002de2e6071f0 .part v000002de2e29df80_0, 17, 1;
L_000002de2e608af0 .part v000002de2e29df80_0, 16, 1;
L_000002de2e608b90 .part v000002de2e29df80_0, 15, 1;
L_000002de2e6080f0 .part v000002de2e29df80_0, 14, 1;
L_000002de2e6070b0 .part v000002de2e29df80_0, 13, 1;
L_000002de2e607830 .part v000002de2e29df80_0, 12, 1;
L_000002de2e607290 .part v000002de2e29df80_0, 11, 1;
L_000002de2e607fb0 .part v000002de2e29df80_0, 10, 1;
L_000002de2e608cd0 .part v000002de2e29df80_0, 8, 2;
L_000002de2e6078d0 .part v000002de2e29df80_0, 6, 2;
L_000002de2e608550 .part v000002de2e29df80_0, 4, 2;
L_000002de2e607a10 .part v000002de2e29df80_0, 0, 4;
S_000002de2e2103b0 .scope module, "Cm" "CM" 8 94, 8 1 0, S_000002de2e210220;
 .timescale 0 0;
    .port_info 0 /INPUT 4 "addr";
    .port_info 1 /OUTPUT 20 "tiny_inst";
P_000002de2e258940 .param/l "Tilen" 0 8 2, +C4<00000000000000000000000000010100>;
L_000002de2e60b088 .functor BUFT 1, C4<x1xxx101x00000010001>, C4<0>, C4<0>, C4<0>;
v000002de2e29d1c0 .array "Rom", 0 15;
v000002de2e29d1c0_0 .net v000002de2e29d1c0 0, 19 0, L_000002de2e60b088; 1 drivers
L_000002de2e60b0d0 .functor BUFT 1, C4<xxxxxxxxx0xx00111101>, C4<0>, C4<0>, C4<0>;
v000002de2e29d1c0_1 .net v000002de2e29d1c0 1, 19 0, L_000002de2e60b0d0; 1 drivers
L_000002de2e60b118 .functor BUFT 1, C4<xxxxxxxxx1xx00101110>, C4<0>, C4<0>, C4<0>;
v000002de2e29d1c0_2 .net v000002de2e29d1c0 2, 19 0, L_000002de2e60b118; 1 drivers
L_000002de2e60b160 .functor BUFT 1, C4<x1xxxx1xxxxxxxxx0100>, C4<0>, C4<0>, C4<0>;
v000002de2e29d1c0_3 .net v000002de2e29d1c0 3, 19 0, L_000002de2e60b160; 1 drivers
L_000002de2e60b1a8 .functor BUFT 1, C4<1xx01xxxxxxxxxxx0000>, C4<0>, C4<0>, C4<0>;
v000002de2e29d1c0_4 .net v000002de2e29d1c0 4, 19 0, L_000002de2e60b1a8; 1 drivers
L_000002de2e60b1f0 .functor BUFT 1, C4<xx1xxx1xxxxxxxxx0000>, C4<0>, C4<0>, C4<0>;
v000002de2e29d1c0_5 .net v000002de2e29d1c0 5, 19 0, L_000002de2e60b1f0; 1 drivers
L_000002de2e60b238 .functor BUFT 1, C4<xxxxxxxxx1xx10000111>, C4<0>, C4<0>, C4<0>;
v000002de2e29d1c0_6 .net v000002de2e29d1c0 6, 19 0, L_000002de2e60b238; 1 drivers
L_000002de2e60b280 .functor BUFT 1, C4<1xx10xxxxxxxxxxx0000>, C4<0>, C4<0>, C4<0>;
v000002de2e29d1c0_7 .net v000002de2e29d1c0 7, 19 0, L_000002de2e60b280; 1 drivers
L_000002de2e60b2c8 .functor BUFT 1, C4<xxxxxxxx110101000000>, C4<0>, C4<0>, C4<0>;
v000002de2e29d1c0_8 .net v000002de2e29d1c0 8, 19 0, L_000002de2e60b2c8; 1 drivers
L_000002de2e60b310 .functor BUFT 1, C4<xxxxxxx1xx10xxxx0000>, C4<0>, C4<0>, C4<0>;
v000002de2e29d1c0_9 .net v000002de2e29d1c0 9, 19 0, L_000002de2e60b310; 1 drivers
o000002de2e2651f8 .functor BUFZ 20, C4<zzzzzzzzzzzzzzzzzzzz>; HiZ drive
v000002de2e29d1c0_10 .net v000002de2e29d1c0 10, 19 0, o000002de2e2651f8; 0 drivers
o000002de2e265228 .functor BUFZ 20, C4<zzzzzzzzzzzzzzzzzzzz>; HiZ drive
v000002de2e29d1c0_11 .net v000002de2e29d1c0 11, 19 0, o000002de2e265228; 0 drivers
o000002de2e265258 .functor BUFZ 20, C4<zzzzzzzzzzzzzzzzzzzz>; HiZ drive
v000002de2e29d1c0_12 .net v000002de2e29d1c0 12, 19 0, o000002de2e265258; 0 drivers
o000002de2e265288 .functor BUFZ 20, C4<zzzzzzzzzzzzzzzzzzzz>; HiZ drive
v000002de2e29d1c0_13 .net v000002de2e29d1c0 13, 19 0, o000002de2e265288; 0 drivers
o000002de2e2652b8 .functor BUFZ 20, C4<zzzzzzzzzzzzzzzzzzzz>; HiZ drive
v000002de2e29d1c0_14 .net v000002de2e29d1c0 14, 19 0, o000002de2e2652b8; 0 drivers
o000002de2e2652e8 .functor BUFZ 20, C4<zzzzzzzzzzzzzzzzzzzz>; HiZ drive
v000002de2e29d1c0_15 .net v000002de2e29d1c0 15, 19 0, o000002de2e2652e8; 0 drivers
v000002de2e29da80_0 .net "addr", 3 0, v000002de2e29e200_0;  alias, 1 drivers
v000002de2e29cae0_0 .var "tiny_inst", 19 0;
E_000002de2e257e80/0 .event anyedge, v000002de2e29da80_0, v000002de2e29d1c0_0, v000002de2e29d1c0_1, v000002de2e29d1c0_2;
E_000002de2e257e80/1 .event anyedge, v000002de2e29d1c0_3, v000002de2e29d1c0_4, v000002de2e29d1c0_5, v000002de2e29d1c0_6;
E_000002de2e257e80/2 .event anyedge, v000002de2e29d1c0_7, v000002de2e29d1c0_8, v000002de2e29d1c0_9, v000002de2e29d1c0_10;
E_000002de2e257e80/3 .event anyedge, v000002de2e29d1c0_11, v000002de2e29d1c0_12, v000002de2e29d1c0_13, v000002de2e29d1c0_14;
E_000002de2e257e80/4 .event anyedge, v000002de2e29d1c0_15;
E_000002de2e257e80 .event/or E_000002de2e257e80/0, E_000002de2e257e80/1, E_000002de2e257e80/2, E_000002de2e257e80/3, E_000002de2e257e80/4;
S_000002de2e1f0850 .scope module, "Next" "NEXT" 8 95, 8 25 0, S_000002de2e210220;
 .timescale 0 0;
    .port_info 0 /INPUT 6 "opcode";
    .port_info 1 /INPUT 4 "opt";
    .port_info 2 /OUTPUT 4 "addr";
v000002de2e29e200_0 .var "addr", 3 0;
v000002de2e29e520_0 .net "opcode", 5 0, L_000002de2e608c30;  alias, 1 drivers
v000002de2e29e020_0 .net "opt", 3 0, L_000002de2e607a10;  alias, 1 drivers
E_000002de2e259bc0 .event anyedge, v000002de2e29e020_0, v000002de2e29e520_0;
S_000002de2e1f09e0 .scope module, "Im" "IM" 3 35, 9 1 0, S_000002de2e21b440;
 .timescale 0 0;
    .port_info 0 /INPUT 32 "addr";
    .port_info 1 /INPUT 1 "w";
    .port_info 2 /INPUT 1 "r";
    .port_info 3 /INPUT 32 "wd";
    .port_info 4 /OUTPUT 32 "rd";
v000002de2e29ca40 .array "Rom", 0 31, 31 0;
v000002de2e29cb80_0 .net "addr", 31 0, v000002de2e5ff6e0_0;  alias, 1 drivers
v000002de2e29cd60_0 .net "r", 0 0, L_000002de2e607dd0;  alias, 1 drivers
v000002de2e29ce00_0 .var "rd", 31 0;
v000002de2e29d120_0 .net "w", 0 0, L_000002de2e6071f0;  alias, 1 drivers
v000002de2e29cf40_0 .net "wd", 31 0, v000002de2e29c9a0_0;  alias, 1 drivers
E_000002de2e259940 .event anyedge, v000002de2e29cea0_0, v000002de2e29c9a0_0, v000002de2e29cb80_0;
v000002de2e29ca40_0 .array/port v000002de2e29ca40, 0;
v000002de2e29ca40_1 .array/port v000002de2e29ca40, 1;
E_000002de2e258e40/0 .event anyedge, v000002de2e29d8a0_0, v000002de2e29cb80_0, v000002de2e29ca40_0, v000002de2e29ca40_1;
v000002de2e29ca40_2 .array/port v000002de2e29ca40, 2;
v000002de2e29ca40_3 .array/port v000002de2e29ca40, 3;
v000002de2e29ca40_4 .array/port v000002de2e29ca40, 4;
v000002de2e29ca40_5 .array/port v000002de2e29ca40, 5;
E_000002de2e258e40/1 .event anyedge, v000002de2e29ca40_2, v000002de2e29ca40_3, v000002de2e29ca40_4, v000002de2e29ca40_5;
v000002de2e29ca40_6 .array/port v000002de2e29ca40, 6;
v000002de2e29ca40_7 .array/port v000002de2e29ca40, 7;
v000002de2e29ca40_8 .array/port v000002de2e29ca40, 8;
v000002de2e29ca40_9 .array/port v000002de2e29ca40, 9;
E_000002de2e258e40/2 .event anyedge, v000002de2e29ca40_6, v000002de2e29ca40_7, v000002de2e29ca40_8, v000002de2e29ca40_9;
v000002de2e29ca40_10 .array/port v000002de2e29ca40, 10;
v000002de2e29ca40_11 .array/port v000002de2e29ca40, 11;
v000002de2e29ca40_12 .array/port v000002de2e29ca40, 12;
v000002de2e29ca40_13 .array/port v000002de2e29ca40, 13;
E_000002de2e258e40/3 .event anyedge, v000002de2e29ca40_10, v000002de2e29ca40_11, v000002de2e29ca40_12, v000002de2e29ca40_13;
v000002de2e29ca40_14 .array/port v000002de2e29ca40, 14;
v000002de2e29ca40_15 .array/port v000002de2e29ca40, 15;
v000002de2e29ca40_16 .array/port v000002de2e29ca40, 16;
v000002de2e29ca40_17 .array/port v000002de2e29ca40, 17;
E_000002de2e258e40/4 .event anyedge, v000002de2e29ca40_14, v000002de2e29ca40_15, v000002de2e29ca40_16, v000002de2e29ca40_17;
v000002de2e29ca40_18 .array/port v000002de2e29ca40, 18;
v000002de2e29ca40_19 .array/port v000002de2e29ca40, 19;
v000002de2e29ca40_20 .array/port v000002de2e29ca40, 20;
v000002de2e29ca40_21 .array/port v000002de2e29ca40, 21;
E_000002de2e258e40/5 .event anyedge, v000002de2e29ca40_18, v000002de2e29ca40_19, v000002de2e29ca40_20, v000002de2e29ca40_21;
v000002de2e29ca40_22 .array/port v000002de2e29ca40, 22;
v000002de2e29ca40_23 .array/port v000002de2e29ca40, 23;
v000002de2e29ca40_24 .array/port v000002de2e29ca40, 24;
v000002de2e29ca40_25 .array/port v000002de2e29ca40, 25;
E_000002de2e258e40/6 .event anyedge, v000002de2e29ca40_22, v000002de2e29ca40_23, v000002de2e29ca40_24, v000002de2e29ca40_25;
v000002de2e29ca40_26 .array/port v000002de2e29ca40, 26;
v000002de2e29ca40_27 .array/port v000002de2e29ca40, 27;
v000002de2e29ca40_28 .array/port v000002de2e29ca40, 28;
v000002de2e29ca40_29 .array/port v000002de2e29ca40, 29;
E_000002de2e258e40/7 .event anyedge, v000002de2e29ca40_26, v000002de2e29ca40_27, v000002de2e29ca40_28, v000002de2e29ca40_29;
v000002de2e29ca40_30 .array/port v000002de2e29ca40, 30;
v000002de2e29ca40_31 .array/port v000002de2e29ca40, 31;
E_000002de2e258e40/8 .event anyedge, v000002de2e29ca40_30, v000002de2e29ca40_31;
E_000002de2e258e40 .event/or E_000002de2e258e40/0, E_000002de2e258e40/1, E_000002de2e258e40/2, E_000002de2e258e40/3, E_000002de2e258e40/4, E_000002de2e258e40/5, E_000002de2e258e40/6, E_000002de2e258e40/7, E_000002de2e258e40/8;
S_000002de2e209000 .scope module, "Ir" "IR" 3 34, 10 1 0, S_000002de2e21b440;
 .timescale 0 0;
    .port_info 0 /INPUT 1 "w";
    .port_info 1 /INPUT 1 "clk";
    .port_info 2 /INPUT 32 "d";
    .port_info 3 /OUTPUT 32 "inst";
v000002de2e29cfe0_0 .net "clk", 0 0, v000002de2e608d70_0;  alias, 1 drivers
v000002de2e29d260_0 .net "d", 31 0, v000002de2e29ce00_0;  alias, 1 drivers
v000002de2e29d300_0 .var "inst", 31 0;
v000002de2e29d3a0_0 .net "w", 0 0, L_000002de2e6080f0;  alias, 1 drivers
S_000002de2e209190 .scope module, "MDR" "TSR" 3 52, 4 1 0, S_000002de2e21b440;
 .timescale 0 0;
    .port_info 0 /INPUT 1 "clk";
    .port_info 1 /INPUT 32 "D";
    .port_info 2 /OUTPUT 32 "Q";
P_000002de2e258cc0 .param/l "data_width" 0 4 2, +C4<00000000000000000000000000100000>;
v000002de2e29d4e0_0 .net "D", 31 0, v000002de2e29ce00_0;  alias, 1 drivers
v000002de2e29d620_0 .var "Q", 31 0;
v000002de2e5fe100_0 .net "clk", 0 0, v000002de2e608d70_0;  alias, 1 drivers
S_000002de2e20d900 .scope module, "Muxfour" "MUXFOUR" 3 48, 11 1 0, S_000002de2e21b440;
 .timescale 0 0;
    .port_info 0 /INPUT 32 "I0";
    .port_info 1 /INPUT 32 "I1";
    .port_info 2 /INPUT 32 "I2";
    .port_info 3 /INPUT 32 "I3";
    .port_info 4 /INPUT 2 "ctrl";
    .port_info 5 /OUTPUT 32 "out";
P_000002de2e259140 .param/l "width" 0 11 2, +C4<00000000000000000000000000100000>;
v000002de2e5ff320_0 .net "I0", 31 0, v000002de2e29c9a0_0;  alias, 1 drivers
L_000002de2e60b4c0 .functor BUFT 1, C4<00000000000000000000000000000100>, C4<0>, C4<0>, C4<0>;
v000002de2e5fe380_0 .net "I1", 31 0, L_000002de2e60b4c0;  1 drivers
v000002de2e5feb00_0 .net "I2", 31 0, L_000002de2e607e70;  alias, 1 drivers
v000002de2e5fef60_0 .net "I3", 31 0, L_000002de2e6075b0;  alias, 1 drivers
v000002de2e5ff000_0 .net "ctrl", 1 0, L_000002de2e608550;  alias, 1 drivers
v000002de2e5ffaa0_0 .var "out", 31 0;
E_000002de2e2599c0 .event anyedge, v000002de2e29e660_0, v000002de2e5feb00_0, v000002de2e5fe380_0, v000002de2e29c9a0_0;
S_000002de2e20da90 .scope module, "Muxthree" "MUXTHREE" 3 47, 12 1 0, S_000002de2e21b440;
 .timescale 0 0;
    .port_info 0 /INPUT 32 "I0";
    .port_info 1 /INPUT 32 "I1";
    .port_info 2 /INPUT 32 "I2";
    .port_info 3 /INPUT 2 "ctrl";
    .port_info 4 /OUTPUT 32 "out";
P_000002de2e258d00 .param/l "width" 0 12 2, +C4<00000000000000000000000000100000>;
v000002de2e5fe2e0_0 .net "I0", 31 0, v000002de2e29c900_0;  alias, 1 drivers
v000002de2e5fe9c0_0 .net "I1", 31 0, v000002de2e2553c0_0;  alias, 1 drivers
v000002de2e5feec0_0 .net "I2", 31 0, L_000002de2e6073d0;  alias, 1 drivers
v000002de2e5ff640_0 .net "ctrl", 1 0, L_000002de2e608cd0;  alias, 1 drivers
v000002de2e5ffc80_0 .var "out", 31 0;
E_000002de2e259840 .event anyedge, v000002de2e29e700_0, v000002de2e5feec0_0, v000002de2e2553c0_0, v000002de2e255280_0;
S_000002de2e600070 .scope module, "Muxtwo1" "MUXTWO" 3 43, 13 1 0, S_000002de2e21b440;
 .timescale 0 0;
    .port_info 0 /INPUT 32 "I0";
    .port_info 1 /INPUT 32 "I1";
    .port_info 2 /INPUT 1 "ctrl";
    .port_info 3 /OUTPUT 32 "out";
P_000002de2e259300 .param/l "width" 0 13 5, +C4<00000000000000000000000000100000>;
v000002de2e5fe920_0 .net "I0", 31 0, v000002de2e5fe420_0;  alias, 1 drivers
v000002de2e5fe1a0_0 .net "I1", 31 0, v000002de2e2553c0_0;  alias, 1 drivers
v000002de2e5ff1e0_0 .net "ctrl", 0 0, L_000002de2e6070b0;  alias, 1 drivers
v000002de2e5ff6e0_0 .var "out", 31 0;
E_000002de2e259700 .event anyedge, v000002de2e29d080_0, v000002de2e2553c0_0, v000002de2e5fe920_0;
S_000002de2e600520 .scope module, "Muxtwo2" "MUXTWO" 3 44, 13 1 0, S_000002de2e21b440;
 .timescale 0 0;
    .port_info 0 /INPUT 32 "I0";
    .port_info 1 /INPUT 32 "I1";
    .port_info 2 /INPUT 1 "ctrl";
    .port_info 3 /OUTPUT 32 "out";
P_000002de2e258c00 .param/l "width" 0 13 5, +C4<00000000000000000000000000100000>;
v000002de2e5ff5a0_0 .net "I0", 31 0, L_000002de2e607b50;  1 drivers
v000002de2e5feba0_0 .net "I1", 31 0, L_000002de2e608870;  1 drivers
v000002de2e5fee20_0 .net "ctrl", 0 0, L_000002de2e608af0;  alias, 1 drivers
v000002de2e5fe7e0_0 .var "out", 31 0;
E_000002de2e258d80 .event anyedge, v000002de2e29d760_0, v000002de2e5feba0_0, v000002de2e5ff5a0_0;
S_000002de2e6009d0 .scope module, "Muxtwo3" "MUXTWO" 3 45, 13 1 0, S_000002de2e21b440;
 .timescale 0 0;
    .port_info 0 /INPUT 32 "I0";
    .port_info 1 /INPUT 32 "I1";
    .port_info 2 /INPUT 1 "ctrl";
    .port_info 3 /OUTPUT 32 "out";
P_000002de2e259740 .param/l "width" 0 13 5, +C4<00000000000000000000000000100000>;
v000002de2e5fec40_0 .net "I0", 31 0, v000002de2e2553c0_0;  alias, 1 drivers
v000002de2e5ff460_0 .net "I1", 31 0, v000002de2e29d620_0;  alias, 1 drivers
v000002de2e5fece0_0 .net "ctrl", 0 0, L_000002de2e608b90;  alias, 1 drivers
v000002de2e5ffdc0_0 .var "out", 31 0;
E_000002de2e259900 .event anyedge, v000002de2e29d800_0, v000002de2e29d620_0, v000002de2e2553c0_0;
S_000002de2e600840 .scope module, "Muxtwo4" "MUXTWO" 3 46, 13 1 0, S_000002de2e21b440;
 .timescale 0 0;
    .port_info 0 /INPUT 32 "I0";
    .port_info 1 /INPUT 32 "I1";
    .port_info 2 /INPUT 1 "ctrl";
    .port_info 3 /OUTPUT 32 "out";
P_000002de2e259680 .param/l "width" 0 13 5, +C4<00000000000000000000000000100000>;
v000002de2e5ffe60_0 .net "I0", 31 0, v000002de2e5fe420_0;  alias, 1 drivers
v000002de2e5fe560_0 .net "I1", 31 0, v000002de2e254d80_0;  alias, 1 drivers
v000002de2e5fe600_0 .net "ctrl", 0 0, L_000002de2e607fb0;  alias, 1 drivers
v000002de2e5fe240_0 .var "out", 31 0;
E_000002de2e258c40 .event anyedge, v000002de2e29e0c0_0, v000002de2e254d80_0, v000002de2e5fe920_0;
S_000002de2e600cf0 .scope module, "Or" "OR" 3 56, 14 1 0, S_000002de2e21b440;
 .timescale 0 0;
    .port_info 0 /INPUT 1 "oa";
    .port_info 1 /INPUT 1 "ob";
    .port_info 2 /OUTPUT 1 "oc";
L_000002de2e245850 .functor OR 1, L_000002de2e607830, L_000002de2e2457e0, C4<0>, C4<0>;
v000002de2e5ff3c0_0 .net "oa", 0 0, L_000002de2e607830;  alias, 1 drivers
v000002de2e5ff780_0 .net "ob", 0 0, L_000002de2e2457e0;  alias, 1 drivers
v000002de2e5ffd20_0 .net "oc", 0 0, L_000002de2e245850;  alias, 1 drivers
S_000002de2e6006b0 .scope module, "Pc" "PC" 3 33, 15 1 0, S_000002de2e21b440;
 .timescale 0 0;
    .port_info 0 /INPUT 1 "clk";
    .port_info 1 /INPUT 1 "w";
    .port_info 2 /INPUT 32 "d";
    .port_info 3 /OUTPUT 32 "q";
v000002de2e5ff0a0_0 .net "clk", 0 0, v000002de2e608d70_0;  alias, 1 drivers
v000002de2e5ff140_0 .net "d", 31 0, v000002de2e5ffc80_0;  alias, 1 drivers
v000002de2e5fe420_0 .var "q", 31 0;
v000002de2e5fed80_0 .var "tmp", 31 0;
v000002de2e5fe6a0_0 .net "w", 0 0, L_000002de2e245850;  alias, 1 drivers
E_000002de2e258ec0 .event anyedge, v000002de2e5ffc80_0;
S_000002de2e600b60 .scope module, "Rf" "RF" 3 36, 16 1 0, S_000002de2e21b440;
 .timescale 0 0;
    .port_info 0 /INPUT 32 "wd";
    .port_info 1 /INPUT 5 "rr1";
    .port_info 2 /INPUT 5 "rr2";
    .port_info 3 /INPUT 5 "wr";
    .port_info 4 /OUTPUT 32 "rd1";
    .port_info 5 /OUTPUT 32 "rd2";
    .port_info 6 /INPUT 1 "clk";
    .port_info 7 /INPUT 1 "w";
v000002de2e5ff280_3 .array/port v000002de2e5ff280, 3;
L_000002de2e245460 .functor BUFZ 32, v000002de2e5ff280_3, C4<00000000000000000000000000000000>, C4<00000000000000000000000000000000>, C4<00000000000000000000000000000000>;
v000002de2e5ff280_2 .array/port v000002de2e5ff280, 2;
L_000002de2e245d20 .functor BUFZ 32, v000002de2e5ff280_2, C4<00000000000000000000000000000000>, C4<00000000000000000000000000000000>, C4<00000000000000000000000000000000>;
v000002de2e5ff280_1 .array/port v000002de2e5ff280, 1;
L_000002de2e245690 .functor BUFZ 32, v000002de2e5ff280_1, C4<00000000000000000000000000000000>, C4<00000000000000000000000000000000>, C4<00000000000000000000000000000000>;
v000002de2e5ff280_0 .array/port v000002de2e5ff280, 0;
L_000002de2e245770 .functor BUFZ 32, v000002de2e5ff280_0, C4<00000000000000000000000000000000>, C4<00000000000000000000000000000000>, C4<00000000000000000000000000000000>;
v000002de2e5fe880_0 .var "RD1", 31 0;
v000002de2e5ffb40_0 .var "RD2", 31 0;
v000002de2e5ff280 .array "RFReg", 0 31, 31 0;
v000002de2e5ff500_0 .net "clk", 0 0, v000002de2e608d70_0;  alias, 1 drivers
v000002de2e5ffbe0_0 .var "i", 4 0;
v000002de2e5ff820_0 .var "rd1", 31 0;
v000002de2e5fe740_0 .var "rd2", 31 0;
v000002de2e5fe4c0_0 .net "rr1", 4 0, L_000002de2e607c90;  1 drivers
v000002de2e5ff8c0_0 .net "rr2", 4 0, L_000002de2e608a50;  1 drivers
v000002de2e5ff960_0 .net "show0", 31 0, L_000002de2e245770;  1 drivers
v000002de2e5fea60_0 .net "show1", 31 0, L_000002de2e245690;  1 drivers
v000002de2e5fff00_0 .net "show2", 31 0, L_000002de2e245d20;  1 drivers
v000002de2e5ffa00_0 .net "show3", 31 0, L_000002de2e245460;  1 drivers
v000002de2e5fe060_0 .net "w", 0 0, L_000002de2e608730;  alias, 1 drivers
v000002de2e605960_0 .net "wd", 31 0, v000002de2e5ffdc0_0;  alias, 1 drivers
v000002de2e605c80_0 .net "wr", 4 0, L_000002de2e607d30;  1 drivers
E_000002de2e259400/0 .event anyedge, v000002de2e5fe4c0_0, v000002de2e5ff280_0, v000002de2e5ff280_1, v000002de2e5ff280_2;
v000002de2e5ff280_4 .array/port v000002de2e5ff280, 4;
v000002de2e5ff280_5 .array/port v000002de2e5ff280, 5;
v000002de2e5ff280_6 .array/port v000002de2e5ff280, 6;
E_000002de2e259400/1 .event anyedge, v000002de2e5ff280_3, v000002de2e5ff280_4, v000002de2e5ff280_5, v000002de2e5ff280_6;
v000002de2e5ff280_7 .array/port v000002de2e5ff280, 7;
v000002de2e5ff280_8 .array/port v000002de2e5ff280, 8;
v000002de2e5ff280_9 .array/port v000002de2e5ff280, 9;
v000002de2e5ff280_10 .array/port v000002de2e5ff280, 10;
E_000002de2e259400/2 .event anyedge, v000002de2e5ff280_7, v000002de2e5ff280_8, v000002de2e5ff280_9, v000002de2e5ff280_10;
v000002de2e5ff280_11 .array/port v000002de2e5ff280, 11;
v000002de2e5ff280_12 .array/port v000002de2e5ff280, 12;
v000002de2e5ff280_13 .array/port v000002de2e5ff280, 13;
v000002de2e5ff280_14 .array/port v000002de2e5ff280, 14;
E_000002de2e259400/3 .event anyedge, v000002de2e5ff280_11, v000002de2e5ff280_12, v000002de2e5ff280_13, v000002de2e5ff280_14;
v000002de2e5ff280_15 .array/port v000002de2e5ff280, 15;
v000002de2e5ff280_16 .array/port v000002de2e5ff280, 16;
v000002de2e5ff280_17 .array/port v000002de2e5ff280, 17;
v000002de2e5ff280_18 .array/port v000002de2e5ff280, 18;
E_000002de2e259400/4 .event anyedge, v000002de2e5ff280_15, v000002de2e5ff280_16, v000002de2e5ff280_17, v000002de2e5ff280_18;
v000002de2e5ff280_19 .array/port v000002de2e5ff280, 19;
v000002de2e5ff280_20 .array/port v000002de2e5ff280, 20;
v000002de2e5ff280_21 .array/port v000002de2e5ff280, 21;
v000002de2e5ff280_22 .array/port v000002de2e5ff280, 22;
E_000002de2e259400/5 .event anyedge, v000002de2e5ff280_19, v000002de2e5ff280_20, v000002de2e5ff280_21, v000002de2e5ff280_22;
v000002de2e5ff280_23 .array/port v000002de2e5ff280, 23;
v000002de2e5ff280_24 .array/port v000002de2e5ff280, 24;
v000002de2e5ff280_25 .array/port v000002de2e5ff280, 25;
v000002de2e5ff280_26 .array/port v000002de2e5ff280, 26;
E_000002de2e259400/6 .event anyedge, v000002de2e5ff280_23, v000002de2e5ff280_24, v000002de2e5ff280_25, v000002de2e5ff280_26;
v000002de2e5ff280_27 .array/port v000002de2e5ff280, 27;
v000002de2e5ff280_28 .array/port v000002de2e5ff280, 28;
v000002de2e5ff280_29 .array/port v000002de2e5ff280, 29;
v000002de2e5ff280_30 .array/port v000002de2e5ff280, 30;
E_000002de2e259400/7 .event anyedge, v000002de2e5ff280_27, v000002de2e5ff280_28, v000002de2e5ff280_29, v000002de2e5ff280_30;
v000002de2e5ff280_31 .array/port v000002de2e5ff280, 31;
E_000002de2e259400/8 .event anyedge, v000002de2e5ff280_31, v000002de2e5ff8c0_0, v000002de2e5fe880_0, v000002de2e5ffb40_0;
E_000002de2e259400 .event/or E_000002de2e259400/0, E_000002de2e259400/1, E_000002de2e259400/2, E_000002de2e259400/3, E_000002de2e259400/4, E_000002de2e259400/5, E_000002de2e259400/6, E_000002de2e259400/7, E_000002de2e259400/8;
S_000002de2e600e80 .scope module, "Shl21" "SHL2" 3 41, 17 1 0, S_000002de2e21b440;
 .timescale 0 0;
    .port_info 0 /INPUT 32 "src";
    .port_info 1 /OUTPUT 32 "dst";
P_000002de2e2590c0 .param/l "s2" 0 17 4, C4<00>;
v000002de2e6050a0_0 .net *"_ivl_1", 29 0, L_000002de2e607330;  1 drivers
L_000002de2e60b358 .functor BUFT 1, C4<00>, C4<0>, C4<0>, C4<0>;
v000002de2e605d20_0 .net/2u *"_ivl_2", 1 0, L_000002de2e60b358;  1 drivers
v000002de2e606180_0 .net "dst", 31 0, L_000002de2e608410;  1 drivers
v000002de2e606ea0_0 .net "src", 31 0, L_000002de2e608230;  1 drivers
L_000002de2e607330 .part L_000002de2e608230, 0, 30;
L_000002de2e608410 .concat [ 2 30 0 0], L_000002de2e60b358, L_000002de2e607330;
S_000002de2e600200 .scope module, "Shl22" "SHL2" 3 42, 17 1 0, S_000002de2e21b440;
 .timescale 0 0;
    .port_info 0 /INPUT 32 "src";
    .port_info 1 /OUTPUT 32 "dst";
P_000002de2e259500 .param/l "s2" 0 17 4, C4<00>;
v000002de2e6058c0_0 .net *"_ivl_1", 29 0, L_000002de2e607510;  1 drivers
L_000002de2e60b3e8 .functor BUFT 1, C4<00>, C4<0>, C4<0>, C4<0>;
v000002de2e6060e0_0 .net/2u *"_ivl_2", 1 0, L_000002de2e60b3e8;  1 drivers
v000002de2e606f40_0 .net "dst", 31 0, L_000002de2e6075b0;  alias, 1 drivers
v000002de2e606720_0 .net "src", 31 0, L_000002de2e607e70;  alias, 1 drivers
L_000002de2e607510 .part L_000002de2e607e70, 0, 30;
L_000002de2e6075b0 .concat [ 2 30 0 0], L_000002de2e60b3e8, L_000002de2e607510;
S_000002de2e600390 .scope module, "Sig1632" "SIG16_32" 3 54, 18 1 0, S_000002de2e21b440;
 .timescale 0 0;
    .port_info 0 /INPUT 16 "in";
    .port_info 1 /OUTPUT 32 "out";
L_000002de2e60b508 .functor BUFT 1, C4<0000000000000000>, C4<0>, C4<0>, C4<0>;
v000002de2e605140_0 .net/2u *"_ivl_0", 15 0, L_000002de2e60b508;  1 drivers
v000002de2e605f00_0 .net "in", 15 0, L_000002de2e608190;  1 drivers
v000002de2e6051e0_0 .net "out", 31 0, L_000002de2e607e70;  alias, 1 drivers
L_000002de2e607e70 .concat [ 16 16 0 0], L_000002de2e608190, L_000002de2e60b508;
    .scope S_000002de2e6006b0;
T_0 ;
    %pushi/vec4 0, 0, 32;
    %store/vec4 v000002de2e5fe420_0, 0, 32;
    %pushi/vec4 0, 0, 32;
    %store/vec4 v000002de2e5fed80_0, 0, 32;
    %end;
    .thread T_0;
    .scope S_000002de2e6006b0;
T_1 ;
    %wait E_000002de2e258800;
    %delay 1, 0;
    %load/vec4 v000002de2e5fe6a0_0;
    %flag_set/vec4 8;
    %jmp/0xz  T_1.0, 8;
    %load/vec4 v000002de2e5fed80_0;
    %assign/vec4 v000002de2e5fe420_0, 0;
T_1.0 ;
    %jmp T_1;
    .thread T_1;
    .scope S_000002de2e6006b0;
T_2 ;
    %wait E_000002de2e258ec0;
    %load/vec4 v000002de2e5ff140_0;
    %assign/vec4 v000002de2e5fed80_0, 0;
    %jmp T_2;
    .thread T_2, $push;
    .scope S_000002de2e209000;
T_3 ;
    %wait E_000002de2e258800;
    %delay 1, 0;
    %load/vec4 v000002de2e29d3a0_0;
    %flag_set/vec4 8;
    %jmp/0xz  T_3.0, 8;
    %load/vec4 v000002de2e29d260_0;
    %store/vec4 v000002de2e29d300_0, 0, 32;
T_3.0 ;
    %jmp T_3;
    .thread T_3;
    .scope S_000002de2e1f09e0;
T_4 ;
    %pushi/vec4 2228256, 0, 32;
    %ix/load 4, 0, 0;
    %flag_set/imm 4, 0;
    %store/vec4a v000002de2e29ca40, 4, 0;
    %pushi/vec4 6422562, 0, 32;
    %ix/load 4, 1, 0;
    %flag_set/imm 4, 0;
    %store/vec4a v000002de2e29ca40, 4, 0;
    %pushi/vec4 69668, 0, 32;
    %ix/load 4, 2, 0;
    %flag_set/imm 4, 0;
    %store/vec4a v000002de2e29ca40, 4, 0;
    %pushi/vec4 69669, 0, 32;
    %ix/load 4, 3, 0;
    %flag_set/imm 4, 0;
    %store/vec4a v000002de2e29ca40, 4, 0;
    %pushi/vec4 4390954, 0, 32;
    %ix/load 4, 4, 0;
    %flag_set/imm 4, 0;
    %store/vec4a v000002de2e29ca40, 4, 0;
    %pushi/vec4 2355101712, 0, 32;
    %ix/load 4, 5, 0;
    %flag_set/imm 4, 0;
    %store/vec4a v000002de2e29ca40, 4, 0;
    %pushi/vec4 2892038160, 0, 32;
    %ix/load 4, 6, 0;
    %flag_set/imm 4, 0;
    %store/vec4a v000002de2e29ca40, 4, 0;
    %pushi/vec4 270729214, 0, 32;
    %ix/load 4, 7, 0;
    %flag_set/imm 4, 0;
    %store/vec4a v000002de2e29ca40, 4, 0;
    %pushi/vec4 134217728, 0, 32;
    %ix/load 4, 8, 0;
    %flag_set/imm 4, 0;
    %store/vec4a v000002de2e29ca40, 4, 0;
    %pushi/vec4 801, 0, 32;
    %ix/load 4, 16, 0;
    %flag_set/imm 4, 0;
    %store/vec4a v000002de2e29ca40, 4, 0;
    %pushi/vec4 0, 0, 32;
    %ix/load 4, 17, 0;
    %flag_set/imm 4, 0;
    %store/vec4a v000002de2e29ca40, 4, 0;
    %end;
    .thread T_4;
    .scope S_000002de2e1f09e0;
T_5 ;
    %wait E_000002de2e258e40;
    %load/vec4 v000002de2e29cd60_0;
    %flag_set/vec4 8;
    %jmp/0xz  T_5.0, 8;
    %load/vec4 v000002de2e29cb80_0;
    %parti/s 5, 2, 3;
    %pad/u 7;
    %ix/vec4 4;
    %load/vec4a v000002de2e29ca40, 4;
    %store/vec4 v000002de2e29ce00_0, 0, 32;
T_5.0 ;
    %jmp T_5;
    .thread T_5, $push;
    .scope S_000002de2e1f09e0;
T_6 ;
    %wait E_000002de2e259940;
    %load/vec4 v000002de2e29d120_0;
    %flag_set/vec4 8;
    %jmp/0xz  T_6.0, 8;
    %load/vec4 v000002de2e29cf40_0;
    %load/vec4 v000002de2e29cb80_0;
    %parti/s 5, 2, 3;
    %pad/u 7;
    %ix/vec4 4;
    %store/vec4a v000002de2e29ca40, 4, 0;
T_6.0 ;
    %jmp T_6;
    .thread T_6, $push;
    .scope S_000002de2e600b60;
T_7 ;
    %pushi/vec4 0, 0, 5;
    %store/vec4 v000002de2e5ffbe0_0, 0, 5;
T_7.0 ;
    %load/vec4 v000002de2e5ffbe0_0;
    %cmpi/u 16, 0, 5;
    %jmp/0xz T_7.1, 5;
    %pushi/vec4 0, 0, 32;
    %load/vec4 v000002de2e5ffbe0_0;
    %pad/u 7;
    %ix/vec4 4;
    %store/vec4a v000002de2e5ff280, 4, 0;
    %load/vec4 v000002de2e5ffbe0_0;
    %addi 1, 0, 5;
    %store/vec4 v000002de2e5ffbe0_0, 0, 5;
    %jmp T_7.0;
T_7.1 ;
    %pushi/vec4 291, 0, 32;
    %ix/load 4, 2, 0;
    %flag_set/imm 4, 0;
    %store/vec4a v000002de2e5ff280, 4, 0;
    %end;
    .thread T_7;
    .scope S_000002de2e600b60;
T_8 ;
    %wait E_000002de2e259400;
    %load/vec4 v000002de2e5fe4c0_0;
    %pad/u 7;
    %ix/vec4 4;
    %load/vec4a v000002de2e5ff280, 4;
    %store/vec4 v000002de2e5fe880_0, 0, 32;
    %load/vec4 v000002de2e5ff8c0_0;
    %pad/u 7;
    %ix/vec4 4;
    %load/vec4a v000002de2e5ff280, 4;
    %store/vec4 v000002de2e5ffb40_0, 0, 32;
    %load/vec4 v000002de2e5fe880_0;
    %store/vec4 v000002de2e5ff820_0, 0, 32;
    %load/vec4 v000002de2e5ffb40_0;
    %store/vec4 v000002de2e5fe740_0, 0, 32;
    %jmp T_8;
    .thread T_8, $push;
    .scope S_000002de2e600b60;
T_9 ;
    %wait E_000002de2e258800;
    %delay 0, 0;
    %load/vec4 v000002de2e5fe060_0;
    %flag_set/vec4 8;
    %jmp/0xz  T_9.0, 8;
    %delay 0, 0;
    %load/vec4 v000002de2e605960_0;
    %load/vec4 v000002de2e605c80_0;
    %pad/u 7;
    %ix/vec4 4;
    %store/vec4a v000002de2e5ff280, 4, 0;
T_9.0 ;
    %jmp T_9;
    .thread T_9;
    .scope S_000002de2e216470;
T_10 ;
    %wait E_000002de2e258340;
    %load/vec4 v000002de2e29d580_0;
    %dup/vec4;
    %pushi/vec4 0, 0, 3;
    %cmp/u;
    %jmp/1 T_10.0, 6;
    %dup/vec4;
    %pushi/vec4 1, 0, 3;
    %cmp/u;
    %jmp/1 T_10.1, 6;
    %dup/vec4;
    %pushi/vec4 4, 0, 3;
    %cmp/u;
    %jmp/1 T_10.2, 6;
    %dup/vec4;
    %pushi/vec4 6, 0, 3;
    %cmp/u;
    %jmp/1 T_10.3, 6;
    %dup/vec4;
    %pushi/vec4 3, 0, 3;
    %cmp/u;
    %jmp/1 T_10.4, 6;
    %load/vec4 v000002de2e2556e0_0;
    %inv;
    %store/vec4 v000002de2e29c900_0, 0, 32;
    %jmp T_10.6;
T_10.0 ;
    %load/vec4 v000002de2e2556e0_0;
    %load/vec4 v000002de2e255780_0;
    %and;
    %store/vec4 v000002de2e29c900_0, 0, 32;
    %jmp T_10.6;
T_10.1 ;
    %load/vec4 v000002de2e2556e0_0;
    %load/vec4 v000002de2e255780_0;
    %or;
    %store/vec4 v000002de2e29c900_0, 0, 32;
    %jmp T_10.6;
T_10.2 ;
    %load/vec4 v000002de2e2556e0_0;
    %load/vec4 v000002de2e255780_0;
    %add;
    %store/vec4 v000002de2e29c900_0, 0, 32;
    %jmp T_10.6;
T_10.3 ;
    %load/vec4 v000002de2e2556e0_0;
    %load/vec4 v000002de2e255780_0;
    %sub;
    %store/vec4 v000002de2e29c900_0, 0, 32;
    %jmp T_10.6;
T_10.4 ;
    %load/vec4 v000002de2e2556e0_0;
    %load/vec4 v000002de2e255780_0;
    %cmp/u;
    %jmp/0xz  T_10.7, 5;
    %pushi/vec4 1, 0, 32;
    %store/vec4 v000002de2e29c900_0, 0, 32;
    %jmp T_10.8;
T_10.7 ;
    %pushi/vec4 0, 0, 32;
    %store/vec4 v000002de2e29c900_0, 0, 32;
T_10.8 ;
    %jmp T_10.6;
T_10.6 ;
    %pop/vec4 1;
    %load/vec4 v000002de2e29c900_0;
    %cmpi/e 0, 0, 32;
    %jmp/0xz  T_10.9, 4;
    %pushi/vec4 1, 0, 1;
    %store/vec4 v000002de2e29e7a0_0, 0, 1;
    %jmp T_10.10;
T_10.9 ;
    %pushi/vec4 0, 0, 1;
    %store/vec4 v000002de2e29e7a0_0, 0, 1;
T_10.10 ;
    %jmp T_10;
    .thread T_10, $push;
    .scope S_000002de2e216600;
T_11 ;
    %wait E_000002de2e258400;
    %load/vec4 v000002de2e29e340_0;
    %dup/vec4;
    %pushi/vec4 0, 0, 2;
    %cmp/x;
    %jmp/1 T_11.0, 4;
    %dup/vec4;
    %pushi/vec4 1, 0, 2;
    %cmp/x;
    %jmp/1 T_11.1, 4;
    %dup/vec4;
    %pushi/vec4 3, 1, 2;
    %cmp/x;
    %jmp/1 T_11.2, 4;
    %jmp T_11.3;
T_11.0 ;
    %pushi/vec4 4, 0, 3;
    %assign/vec4 v000002de2e29e3e0_0, 0;
    %jmp T_11.3;
T_11.1 ;
    %pushi/vec4 6, 0, 3;
    %assign/vec4 v000002de2e29e3e0_0, 0;
    %jmp T_11.3;
T_11.2 ;
    %load/vec4 v000002de2e29db20_0;
    %dup/vec4;
    %pushi/vec4 32, 0, 6;
    %cmp/u;
    %jmp/1 T_11.4, 6;
    %dup/vec4;
    %pushi/vec4 33, 0, 6;
    %cmp/u;
    %jmp/1 T_11.5, 6;
    %dup/vec4;
    %pushi/vec4 34, 0, 6;
    %cmp/u;
    %jmp/1 T_11.6, 6;
    %dup/vec4;
    %pushi/vec4 36, 0, 6;
    %cmp/u;
    %jmp/1 T_11.7, 6;
    %dup/vec4;
    %pushi/vec4 37, 0, 6;
    %cmp/u;
    %jmp/1 T_11.8, 6;
    %dup/vec4;
    %pushi/vec4 42, 0, 6;
    %cmp/u;
    %jmp/1 T_11.9, 6;
    %jmp T_11.10;
T_11.4 ;
    %pushi/vec4 4, 0, 3;
    %assign/vec4 v000002de2e29e3e0_0, 0;
    %jmp T_11.10;
T_11.5 ;
    %pushi/vec4 5, 0, 3;
    %assign/vec4 v000002de2e29e3e0_0, 0;
    %jmp T_11.10;
T_11.6 ;
    %pushi/vec4 6, 0, 3;
    %assign/vec4 v000002de2e29e3e0_0, 0;
    %jmp T_11.10;
T_11.7 ;
    %pushi/vec4 0, 0, 3;
    %assign/vec4 v000002de2e29e3e0_0, 0;
    %jmp T_11.10;
T_11.8 ;
    %pushi/vec4 1, 0, 3;
    %assign/vec4 v000002de2e29e3e0_0, 0;
    %jmp T_11.10;
T_11.9 ;
    %pushi/vec4 3, 0, 3;
    %assign/vec4 v000002de2e29e3e0_0, 0;
    %jmp T_11.10;
T_11.10 ;
    %pop/vec4 1;
    %jmp T_11.3;
T_11.3 ;
    %pop/vec4 1;
    %jmp T_11;
    .thread T_11, $push;
    .scope S_000002de2e2103b0;
T_12 ;
    %ix/load 4, 0, 0;
    %flag_set/imm 4, 0;
    %load/vec4a v000002de2e29d1c0, 4;
    %store/vec4 v000002de2e29cae0_0, 0, 20;
    %end;
    .thread T_12;
    .scope S_000002de2e2103b0;
T_13 ;
    %wait E_000002de2e257e80;
    %load/vec4 v000002de2e29da80_0;
    %pad/u 6;
    %ix/vec4 4;
    %load/vec4a v000002de2e29d1c0, 4;
    %store/vec4 v000002de2e29cae0_0, 0, 20;
    %jmp T_13;
    .thread T_13, $push;
    .scope S_000002de2e1f0850;
T_14 ;
    %pushi/vec4 0, 0, 4;
    %store/vec4 v000002de2e29e200_0, 0, 4;
    %end;
    .thread T_14;
    .scope S_000002de2e1f0850;
T_15 ;
    %wait E_000002de2e259bc0;
    %load/vec4 v000002de2e29e020_0;
    %dup/vec4;
    %pushi/vec4 0, 0, 4;
    %cmp/u;
    %jmp/1 T_15.0, 6;
    %dup/vec4;
    %pushi/vec4 1, 0, 4;
    %cmp/u;
    %jmp/1 T_15.1, 6;
    %dup/vec4;
    %pushi/vec4 2, 0, 4;
    %cmp/u;
    %jmp/1 T_15.2, 6;
    %dup/vec4;
    %pushi/vec4 3, 0, 4;
    %cmp/u;
    %jmp/1 T_15.3, 6;
    %dup/vec4;
    %pushi/vec4 4, 0, 4;
    %cmp/u;
    %jmp/1 T_15.4, 6;
    %dup/vec4;
    %pushi/vec4 5, 0, 4;
    %cmp/u;
    %jmp/1 T_15.5, 6;
    %dup/vec4;
    %pushi/vec4 6, 0, 4;
    %cmp/u;
    %jmp/1 T_15.6, 6;
    %dup/vec4;
    %pushi/vec4 7, 0, 4;
    %cmp/u;
    %jmp/1 T_15.7, 6;
    %dup/vec4;
    %pushi/vec4 8, 0, 4;
    %cmp/u;
    %jmp/1 T_15.8, 6;
    %dup/vec4;
    %pushi/vec4 9, 0, 4;
    %cmp/u;
    %jmp/1 T_15.9, 6;
    %dup/vec4;
    %pushi/vec4 13, 0, 4;
    %cmp/u;
    %jmp/1 T_15.10, 6;
    %dup/vec4;
    %pushi/vec4 14, 0, 4;
    %cmp/u;
    %jmp/1 T_15.11, 6;
    %jmp T_15.12;
T_15.0 ;
    %load/vec4 v000002de2e29e020_0;
    %store/vec4 v000002de2e29e200_0, 0, 4;
    %jmp T_15.12;
T_15.1 ;
    %load/vec4 v000002de2e29e020_0;
    %store/vec4 v000002de2e29e200_0, 0, 4;
    %jmp T_15.12;
T_15.2 ;
    %load/vec4 v000002de2e29e020_0;
    %store/vec4 v000002de2e29e200_0, 0, 4;
    %jmp T_15.12;
T_15.3 ;
    %load/vec4 v000002de2e29e020_0;
    %store/vec4 v000002de2e29e200_0, 0, 4;
    %jmp T_15.12;
T_15.4 ;
    %load/vec4 v000002de2e29e020_0;
    %store/vec4 v000002de2e29e200_0, 0, 4;
    %jmp T_15.12;
T_15.5 ;
    %load/vec4 v000002de2e29e020_0;
    %store/vec4 v000002de2e29e200_0, 0, 4;
    %jmp T_15.12;
T_15.6 ;
    %load/vec4 v000002de2e29e020_0;
    %store/vec4 v000002de2e29e200_0, 0, 4;
    %jmp T_15.12;
T_15.7 ;
    %load/vec4 v000002de2e29e020_0;
    %store/vec4 v000002de2e29e200_0, 0, 4;
    %jmp T_15.12;
T_15.8 ;
    %load/vec4 v000002de2e29e020_0;
    %store/vec4 v000002de2e29e200_0, 0, 4;
    %jmp T_15.12;
T_15.9 ;
    %load/vec4 v000002de2e29e020_0;
    %store/vec4 v000002de2e29e200_0, 0, 4;
    %jmp T_15.12;
T_15.10 ;
    %load/vec4 v000002de2e29e520_0;
    %dup/vec4;
    %pushi/vec4 0, 0, 6;
    %cmp/u;
    %jmp/1 T_15.13, 6;
    %dup/vec4;
    %pushi/vec4 35, 0, 6;
    %cmp/u;
    %jmp/1 T_15.14, 6;
    %dup/vec4;
    %pushi/vec4 43, 0, 6;
    %cmp/u;
    %jmp/1 T_15.15, 6;
    %dup/vec4;
    %pushi/vec4 4, 0, 6;
    %cmp/u;
    %jmp/1 T_15.16, 6;
    %dup/vec4;
    %pushi/vec4 2, 0, 6;
    %cmp/u;
    %jmp/1 T_15.17, 6;
    %jmp T_15.18;
T_15.13 ;
    %pushi/vec4 6, 0, 4;
    %store/vec4 v000002de2e29e200_0, 0, 4;
    %jmp T_15.18;
T_15.14 ;
    %pushi/vec4 2, 0, 4;
    %store/vec4 v000002de2e29e200_0, 0, 4;
    %jmp T_15.18;
T_15.15 ;
    %pushi/vec4 2, 0, 4;
    %store/vec4 v000002de2e29e200_0, 0, 4;
    %jmp T_15.18;
T_15.16 ;
    %pushi/vec4 8, 0, 4;
    %store/vec4 v000002de2e29e200_0, 0, 4;
    %jmp T_15.18;
T_15.17 ;
    %pushi/vec4 9, 0, 4;
    %store/vec4 v000002de2e29e200_0, 0, 4;
    %jmp T_15.18;
T_15.18 ;
    %pop/vec4 1;
    %jmp T_15.12;
T_15.11 ;
    %load/vec4 v000002de2e29e520_0;
    %dup/vec4;
    %pushi/vec4 35, 0, 6;
    %cmp/u;
    %jmp/1 T_15.19, 6;
    %dup/vec4;
    %pushi/vec4 43, 0, 6;
    %cmp/u;
    %jmp/1 T_15.20, 6;
    %jmp T_15.21;
T_15.19 ;
    %pushi/vec4 3, 0, 4;
    %store/vec4 v000002de2e29e200_0, 0, 4;
    %jmp T_15.21;
T_15.20 ;
    %pushi/vec4 5, 0, 4;
    %store/vec4 v000002de2e29e200_0, 0, 4;
    %jmp T_15.21;
T_15.21 ;
    %pop/vec4 1;
    %jmp T_15.12;
T_15.12 ;
    %pop/vec4 1;
    %jmp T_15;
    .thread T_15, $push;
    .scope S_000002de2e210220;
T_16 ;
    %pushi/vec4 1, 0, 1;
    %store/vec4 v000002de2e29ccc0_0, 0, 1;
    %delay 8, 0;
    %pushi/vec4 0, 0, 1;
    %store/vec4 v000002de2e29ccc0_0, 0, 1;
    %end;
    .thread T_16;
    .scope S_000002de2e210220;
T_17 ;
    %wait E_000002de2e258800;
    %load/vec4 v000002de2e29ccc0_0;
    %flag_set/vec4 8;
    %jmp/0xz  T_17.0, 8;
    %pushi/vec4 282641, 0, 20;
    %store/vec4 v000002de2e29df80_0, 0, 20;
    %jmp T_17.1;
T_17.0 ;
    %load/vec4 v000002de2e29d440_0;
    %store/vec4 v000002de2e29df80_0, 0, 20;
T_17.1 ;
    %jmp T_17;
    .thread T_17;
    .scope S_000002de2e600070;
T_18 ;
    %wait E_000002de2e259700;
    %load/vec4 v000002de2e5ff1e0_0;
    %pad/u 32;
    %cmpi/e 0, 0, 32;
    %jmp/0xz  T_18.0, 4;
    %load/vec4 v000002de2e5fe920_0;
    %store/vec4 v000002de2e5ff6e0_0, 0, 32;
    %jmp T_18.1;
T_18.0 ;
    %load/vec4 v000002de2e5fe1a0_0;
    %store/vec4 v000002de2e5ff6e0_0, 0, 32;
T_18.1 ;
    %jmp T_18;
    .thread T_18, $push;
    .scope S_000002de2e600520;
T_19 ;
    %wait E_000002de2e258d80;
    %load/vec4 v000002de2e5fee20_0;
    %pad/u 32;
    %cmpi/e 0, 0, 32;
    %jmp/0xz  T_19.0, 4;
    %load/vec4 v000002de2e5ff5a0_0;
    %store/vec4 v000002de2e5fe7e0_0, 0, 32;
    %jmp T_19.1;
T_19.0 ;
    %load/vec4 v000002de2e5feba0_0;
    %store/vec4 v000002de2e5fe7e0_0, 0, 32;
T_19.1 ;
    %jmp T_19;
    .thread T_19, $push;
    .scope S_000002de2e6009d0;
T_20 ;
    %wait E_000002de2e259900;
    %load/vec4 v000002de2e5fece0_0;
    %pad/u 32;
    %cmpi/e 0, 0, 32;
    %jmp/0xz  T_20.0, 4;
    %load/vec4 v000002de2e5fec40_0;
    %store/vec4 v000002de2e5ffdc0_0, 0, 32;
    %jmp T_20.1;
T_20.0 ;
    %load/vec4 v000002de2e5ff460_0;
    %store/vec4 v000002de2e5ffdc0_0, 0, 32;
T_20.1 ;
    %jmp T_20;
    .thread T_20, $push;
    .scope S_000002de2e600840;
T_21 ;
    %wait E_000002de2e258c40;
    %load/vec4 v000002de2e5fe600_0;
    %pad/u 32;
    %cmpi/e 0, 0, 32;
    %jmp/0xz  T_21.0, 4;
    %load/vec4 v000002de2e5ffe60_0;
    %store/vec4 v000002de2e5fe240_0, 0, 32;
    %jmp T_21.1;
T_21.0 ;
    %load/vec4 v000002de2e5fe560_0;
    %store/vec4 v000002de2e5fe240_0, 0, 32;
T_21.1 ;
    %jmp T_21;
    .thread T_21, $push;
    .scope S_000002de2e20da90;
T_22 ;
    %wait E_000002de2e259840;
    %load/vec4 v000002de2e5ff640_0;
    %dup/vec4;
    %pushi/vec4 0, 0, 2;
    %cmp/u;
    %jmp/1 T_22.0, 6;
    %dup/vec4;
    %pushi/vec4 1, 0, 2;
    %cmp/u;
    %jmp/1 T_22.1, 6;
    %dup/vec4;
    %pushi/vec4 2, 0, 2;
    %cmp/u;
    %jmp/1 T_22.2, 6;
    %jmp T_22.3;
T_22.0 ;
    %load/vec4 v000002de2e5fe2e0_0;
    %store/vec4 v000002de2e5ffc80_0, 0, 32;
    %jmp T_22.3;
T_22.1 ;
    %load/vec4 v000002de2e5fe9c0_0;
    %store/vec4 v000002de2e5ffc80_0, 0, 32;
    %jmp T_22.3;
T_22.2 ;
    %load/vec4 v000002de2e5feec0_0;
    %store/vec4 v000002de2e5ffc80_0, 0, 32;
    %jmp T_22.3;
T_22.3 ;
    %pop/vec4 1;
    %jmp T_22;
    .thread T_22, $push;
    .scope S_000002de2e20d900;
T_23 ;
    %wait E_000002de2e2599c0;
    %load/vec4 v000002de2e5ff000_0;
    %dup/vec4;
    %pushi/vec4 0, 0, 2;
    %cmp/u;
    %jmp/1 T_23.0, 6;
    %dup/vec4;
    %pushi/vec4 1, 0, 2;
    %cmp/u;
    %jmp/1 T_23.1, 6;
    %dup/vec4;
    %pushi/vec4 2, 0, 2;
    %cmp/u;
    %jmp/1 T_23.2, 6;
    %dup/vec4;
    %pushi/vec4 3, 0, 2;
    %cmp/u;
    %jmp/1 T_23.3, 6;
    %jmp T_23.4;
T_23.0 ;
    %load/vec4 v000002de2e5ff320_0;
    %store/vec4 v000002de2e5ffaa0_0, 0, 32;
    %jmp T_23.4;
T_23.1 ;
    %load/vec4 v000002de2e5fe380_0;
    %store/vec4 v000002de2e5ffaa0_0, 0, 32;
    %jmp T_23.4;
T_23.2 ;
    %load/vec4 v000002de2e5feb00_0;
    %store/vec4 v000002de2e5ffaa0_0, 0, 32;
    %jmp T_23.4;
T_23.3 ;
    %load/vec4 v000002de2e5fef60_0;
    %store/vec4 v000002de2e5ffaa0_0, 0, 32;
    %jmp T_23.4;
T_23.4 ;
    %pop/vec4 1;
    %jmp T_23;
    .thread T_23, $push;
    .scope S_000002de2e21aa20;
T_24 ;
    %wait E_000002de2e258800;
    %load/vec4 v000002de2e2546a0_0;
    %store/vec4 v000002de2e254d80_0, 0, 32;
    %jmp T_24;
    .thread T_24;
    .scope S_000002de2e211840;
T_25 ;
    %wait E_000002de2e258800;
    %load/vec4 v000002de2e29dda0_0;
    %store/vec4 v000002de2e29c9a0_0, 0, 32;
    %jmp T_25;
    .thread T_25;
    .scope S_000002de2e209190;
T_26 ;
    %wait E_000002de2e258800;
    %load/vec4 v000002de2e29d4e0_0;
    %store/vec4 v000002de2e29d620_0, 0, 32;
    %jmp T_26;
    .thread T_26;
    .scope S_000002de2e21abb0;
T_27 ;
    %wait E_000002de2e258800;
    %load/vec4 v000002de2e255280_0;
    %store/vec4 v000002de2e2553c0_0, 0, 32;
    %jmp T_27;
    .thread T_27;
    .scope S_000002de2e21b2b0;
T_28 ;
    %vpi_call 3 67 "$dumpfile", "main_test.vcd" {0 0 0};
    %vpi_call 3 68 "$dumpvars", 32'sb00000000000000000000000000000000, S_000002de2e21b2b0 {0 0 0};
    %pushi/vec4 0, 0, 1;
    %store/vec4 v000002de2e608d70_0, 0, 1;
T_28.0 ;
    %delay 5, 0;
    %load/vec4 v000002de2e608d70_0;
    %inv;
    %store/vec4 v000002de2e608d70_0, 0, 1;
    %jmp T_28.0;
    %end;
    .thread T_28;
# The file index is used to find the file name in the following table.
:file_names 19;
    "N/A";
    "<interactive>";
    "./ADD.v";
    "main.v";
    "./TSR.v";
    "./ALU.v";
    "./ALUCU.v";
    "./AND.v";
    "./CU.v";
    "./IM.v";
    "./IR.v";
    "./MUXFOUR.v";
    "./MUXTHREE.v";
    "./MUXTWO.v";
    "./OR.v";
    "./PC.v";
    "./RF.v";
    "./SHL2.v";
    "./SIG16_32.v";
