#! /c/Source/iverilog-install/bin/vvp
:ivl_version "12.0 (devel)" "(s20150603-1539-g2693dd32b)";
:ivl_delay_selection "TYPICAL";
:vpi_time_precision + 0;
:vpi_module "D:\PROGRA~1\iverilog\lib\ivl\system.vpi";
:vpi_module "D:\PROGRA~1\iverilog\lib\ivl\vhdl_sys.vpi";
:vpi_module "D:\PROGRA~1\iverilog\lib\ivl\vhdl_textio.vpi";
:vpi_module "D:\PROGRA~1\iverilog\lib\ivl\v2005_math.vpi";
:vpi_module "D:\PROGRA~1\iverilog\lib\ivl\va_math.vpi";
S_000001c13f136110 .scope module, "t" "t" 2 11;
 .timescale 0 0;
v000001c13f1338a0_0 .var "ain", 0 0;
v000001c13f133940_0 .var "bin", 0 0;
v000001c13f1339e0_0 .var "clock", 0 0;
v000001c13f133a80_0 .net "outw", 0 0, L_000001c13f133e40;  1 drivers
v000001c13f133b20_0 .var "select", 0 0;
E_000001c13ef7a110 .event posedge, v000001c13f1339e0_0;
S_000001c13f1362a0 .scope module, "m" "muxtwo" 2 30, 2 1 0, S_000001c13f136110;
 .timescale 0 0;
    .port_info 0 /OUTPUT 1 "out";
    .port_info 1 /INPUT 1 "a";
    .port_info 2 /INPUT 1 "b";
    .port_info 3 /INPUT 1 "sl";
L_000001c13f133dd0 .functor NOT 1, v000001c13f133b20_0, C4<0>, C4<0>, C4<0>;
L_000001c13f133cf0/d .functor AND 1, v000001c13f1338a0_0, L_000001c13f133dd0, C4<1>, C4<1>;
L_000001c13f133cf0 .delay 1 (1,1,1) L_000001c13f133cf0/d;
L_000001c13f1341c0/d .functor AND 1, v000001c13f133940_0, v000001c13f133b20_0, C4<1>, C4<1>;
L_000001c13f1341c0 .delay 1 (1,1,1) L_000001c13f1341c0/d;
L_000001c13f133e40/d .functor OR 1, L_000001c13f133cf0, L_000001c13f1341c0, C4<0>, C4<0>;
L_000001c13f133e40 .delay 1 (1,1,1) L_000001c13f133e40/d;
v000001c13f102830_0 .net "a", 0 0, v000001c13f1338a0_0;  1 drivers
v000001c13f1028d0_0 .net "b", 0 0, v000001c13f133940_0;  1 drivers
v000001c13f102970_0 .net "nsl", 0 0, L_000001c13f133dd0;  1 drivers
v000001c13f102a10_0 .net "out", 0 0, L_000001c13f133e40;  alias, 1 drivers
v000001c13f102ab0_0 .net "sela", 0 0, L_000001c13f133cf0;  1 drivers
v000001c13f102b50_0 .net "selb", 0 0, L_000001c13f1341c0;  1 drivers
v000001c13f102bf0_0 .net "sl", 0 0, v000001c13f133b20_0;  1 drivers
    .scope S_000001c13f136110;
T_0 ;
    %vpi_call 2 17 "$dumpfile", "test.vcd" {0 0 0};
    %vpi_call 2 18 "$dumpvars", 32'sb00000000000000000000000000000000, S_000001c13f136110 {0 0 0};
    %pushi/vec4 0, 0, 1;
    %store/vec4 v000001c13f1338a0_0, 0, 1;
    %pushi/vec4 0, 0, 1;
    %store/vec4 v000001c13f133940_0, 0, 1;
    %pushi/vec4 0, 0, 1;
    %store/vec4 v000001c13f133b20_0, 0, 1;
    %pushi/vec4 0, 0, 1;
    %store/vec4 v000001c13f1339e0_0, 0, 1;
    %end;
    .thread T_0;
    .scope S_000001c13f136110;
T_1 ;
    %delay 50, 0;
    %load/vec4 v000001c13f1339e0_0;
    %inv;
    %store/vec4 v000001c13f1339e0_0, 0, 1;
    %jmp T_1;
    .thread T_1;
    .scope S_000001c13f136110;
T_2 ;
    %wait E_000001c13ef7a110;
    %delay 1, 0;
    %vpi_func 2 26 "$random" 32 {0 0 0};
    %pushi/vec4 2, 0, 32;
    %mod;
    %pad/u 1;
    %store/vec4 v000001c13f1338a0_0, 0, 1;
    %delay 3, 0;
    %vpi_func 2 27 "$random" 32 {0 0 0};
    %pushi/vec4 2, 0, 32;
    %mod;
    %pad/u 1;
    %store/vec4 v000001c13f133940_0, 0, 1;
    %jmp T_2;
    .thread T_2;
    .scope S_000001c13f136110;
T_3 ;
    %delay 10000, 0;
    %load/vec4 v000001c13f133b20_0;
    %nor/r;
    %store/vec4 v000001c13f133b20_0, 0, 1;
    %jmp T_3;
    .thread T_3;
# The file index is used to find the file name in the following table.
:file_names 3;
    "N/A";
    "<interactive>";
    "a.v";
